#
# There is insufficient memory for the Java Runtime Environment to continue.
# Native memory allocation (malloc) failed to allocate 1046496 bytes for Chunk::new
# Possible reasons:
#   The system is out of physical RAM or swap space
#   The process is running with CompressedOops enabled, and the Java Heap may be blocking the growth of the native heap
# Possible solutions:
#   Reduce memory load on the system
#   Increase physical memory or swap space
#   Check if swap backing store is full
#   Decrease Java heap size (-Xmx/-Xms)
#   Decrease number of Java threads
#   Decrease Java thread stack sizes (-Xss)
#   Set larger code cache with -XX:ReservedCodeCacheSize=
#   JVM is running with Unscaled Compressed Oops mode in which the Java heap is
#     placed in the first 4GB address space. The Java Heap base address is the
#     maximum limit for the native heap growth. Please use -XX:HeapBaseMinAddress
#     to set the Java Heap base and to place the Java Heap above 4GB virtual address.
# This output file may be truncated or incomplete.
#
#  Out of Memory Error (arena.cpp:189), pid=2684, tid=17200
#
# JRE version: Java(TM) SE Runtime Environment (17.0.7+8) (build 17.0.7+8-LTS-224)
# Java VM: Java HotSpot(TM) 64-Bit Server VM (17.0.7+8-LTS-224, mixed mode, sharing, tiered, compressed oops, compressed class ptrs, g1 gc, windows-amd64)
# No core dump will be written. Minidumps are not enabled by default on client versions of Windows
#

---------------  S U M M A R Y ------------

Command Line: --add-opens=java.base/java.util=ALL-UNNAMED --add-opens=java.base/java.lang=ALL-UNNAMED --add-opens=java.base/java.lang.invoke=ALL-UNNAMED --add-opens=java.base/java.util=ALL-UNNAMED --add-opens=java.prefs/java.util.prefs=ALL-UNNAMED --add-opens=java.prefs/java.util.prefs=ALL-UNNAMED --add-opens=java.base/java.nio.charset=ALL-UNNAMED --add-opens=java.base/java.net=ALL-UNNAMED --add-opens=java.base/java.util.concurrent.atomic=ALL-UNNAMED -XX:MaxMetaspaceSize=256m -XX:+HeapDumpOnOutOfMemoryError -Xms256m -Xmx512m -Dfile.encoding=windows-31j -Duser.country=JP -Duser.language=ja -Duser.variant org.gradle.launcher.daemon.bootstrap.GradleDaemon 7.3.3

Host: Intel(R) Core(TM) i7-8700 CPU @ 3.20GHz, 12 cores, 15G,  Windows 11 , 64 bit Build 22621 (10.0.22621.2506)
Time: Sun Dec 31 00:46:50 2023  Windows 11 , 64 bit Build 22621 (10.0.22621.2506) elapsed time: 4.182699 seconds (0d 0h 0m 4s)

---------------  T H R E A D  ---------------

Current thread (0x000001707410cf60):  JavaThread "C2 CompilerThread0" daemon [_thread_in_native, id=17200, stack(0x0000002f19700000,0x0000002f19800000)]


Current CompileTask:
C2:   4182 4408   !   4       java.lang.ClassLoader::loadClass (121 bytes)

Stack: [0x0000002f19700000,0x0000002f19800000]
Native frames: (J=compiled Java code, j=interpreted, Vv=VM code, C=native code)
V  [jvm.dll+0x676a4a]
V  [jvm.dll+0x7d74f4]
V  [jvm.dll+0x7d8c9e]
V  [jvm.dll+0x7d9303]
V  [jvm.dll+0x2452c5]
V  [jvm.dll+0xaaa2b]
V  [jvm.dll+0xaafcc]
V  [jvm.dll+0x2aac2f]
V  [jvm.dll+0x57f375]
V  [jvm.dll+0x2205f2]
V  [jvm.dll+0x2209cf]
V  [jvm.dll+0x219926]
V  [jvm.dll+0x216df9]
V  [jvm.dll+0x1a35e0]
V  [jvm.dll+0x226a6e]
V  [jvm.dll+0x224e15]
V  [jvm.dll+0x78d05c]
V  [jvm.dll+0x78759a]
V  [jvm.dll+0x675875]
C  [ucrtbase.dll+0x29363]
C  [KERNEL32.DLL+0x1257d]
C  [ntdll.dll+0x5aa58]


---------------  P R O C E S S  ---------------

Threads class SMR info:
_java_thread_list=0x000001707b17b240, length=46, elements={
0x00000170593ecc30, 0x00000170740f0100, 0x00000170740f0f70, 0x0000017074107750,
0x0000017074108300, 0x000001707410b0c0, 0x000001707410ba70, 0x000001707410cf60,
0x000001707411eb70, 0x0000017074121570, 0x0000017074d02180, 0x0000017074d25290,
0x0000017074d8ef80, 0x000001707656f5e0, 0x0000017076fca420, 0x0000017075fa8750,
0x0000017076ca2db0, 0x00000170764e78f0, 0x0000017076436330, 0x0000017076e64070,
0x0000017075c40700, 0x0000017076890450, 0x000001707679a750, 0x000001707679b0f0,
0x000001707679b5c0, 0x0000017076798f40, 0x0000017076799db0, 0x00000170767998e0,
0x000001707679ba90, 0x0000017076799410, 0x000001707679ac20, 0x00000170767980d0,
0x00000170771cc4b0, 0x00000170771cd320, 0x00000170771ca300, 0x00000170771cbb10,
0x00000170771cbfe0, 0x00000170771cc980, 0x00000170771cce50, 0x00000170771cd7f0,
0x00000170771d0340, 0x00000170771ceb30, 0x00000170771cb640, 0x00000170771ce190,
0x00000170771ce660, 0x00000170771cf4d0
}

Java Threads: ( => current thread )
  0x00000170593ecc30 JavaThread "main" [_thread_blocked, id=1776, stack(0x0000002f18a00000,0x0000002f18b00000)]
  0x00000170740f0100 JavaThread "Reference Handler" daemon [_thread_blocked, id=18564, stack(0x0000002f19100000,0x0000002f19200000)]
  0x00000170740f0f70 JavaThread "Finalizer" daemon [_thread_blocked, id=20092, stack(0x0000002f19200000,0x0000002f19300000)]
  0x0000017074107750 JavaThread "Signal Dispatcher" daemon [_thread_blocked, id=15748, stack(0x0000002f19300000,0x0000002f19400000)]
  0x0000017074108300 JavaThread "Attach Listener" daemon [_thread_blocked, id=7920, stack(0x0000002f19400000,0x0000002f19500000)]
  0x000001707410b0c0 JavaThread "Service Thread" daemon [_thread_blocked, id=16480, stack(0x0000002f19500000,0x0000002f19600000)]
  0x000001707410ba70 JavaThread "Monitor Deflation Thread" daemon [_thread_blocked, id=16520, stack(0x0000002f19600000,0x0000002f19700000)]
=>0x000001707410cf60 JavaThread "C2 CompilerThread0" daemon [_thread_in_native, id=17200, stack(0x0000002f19700000,0x0000002f19800000)]
  0x000001707411eb70 JavaThread "C1 CompilerThread0" daemon [_thread_blocked, id=13788, stack(0x0000002f19800000,0x0000002f19900000)]
  0x0000017074121570 JavaThread "Sweeper thread" daemon [_thread_blocked, id=16116, stack(0x0000002f19900000,0x0000002f19a00000)]
  0x0000017074d02180 JavaThread "Common-Cleaner" daemon [_thread_blocked, id=2276, stack(0x0000002f19a00000,0x0000002f19b00000)]
  0x0000017074d25290 JavaThread "Notification Thread" daemon [_thread_blocked, id=11640, stack(0x0000002f19b00000,0x0000002f19c00000)]
  0x0000017074d8ef80 JavaThread "C2 CompilerThread1" daemon [_thread_in_native, id=18596, stack(0x0000002f19d00000,0x0000002f19e00000)]
  0x000001707656f5e0 JavaThread "C2 CompilerThread2" daemon [_thread_in_native, id=16736, stack(0x0000002f1a300000,0x0000002f1a400000)]
  0x0000017076fca420 JavaThread "Daemon health stats" [_thread_blocked, id=14468, stack(0x0000002f1a400000,0x0000002f1a500000)]
  0x0000017075fa8750 JavaThread "Incoming local TCP Connector on port 62330" [_thread_in_native, id=19188, stack(0x0000002f1a500000,0x0000002f1a600000)]
  0x0000017076ca2db0 JavaThread "Daemon periodic checks" [_thread_blocked, id=20364, stack(0x0000002f1a600000,0x0000002f1a700000)]
  0x00000170764e78f0 JavaThread "Daemon" [_thread_blocked, id=18096, stack(0x0000002f1a700000,0x0000002f1a800000)]
  0x0000017076436330 JavaThread "Handler for socket connection from /127.0.0.1:62330 to /127.0.0.1:62331" [_thread_in_native, id=19364, stack(0x0000002f1a800000,0x0000002f1a900000)]
  0x0000017076e64070 JavaThread "Cancel handler" [_thread_blocked, id=7640, stack(0x0000002f1a900000,0x0000002f1aa00000)]
  0x0000017075c40700 JavaThread "Daemon worker" [_thread_in_vm, id=1888, stack(0x0000002f1aa00000,0x0000002f1ab00000)]
  0x0000017076890450 JavaThread "Asynchronous log dispatcher for DefaultDaemonConnection: socket connection from /127.0.0.1:62330 to /127.0.0.1:62331" [_thread_blocked, id=3516, stack(0x0000002f1ab00000,0x0000002f1ac00000)]
  0x000001707679a750 JavaThread "Stdin handler" [_thread_blocked, id=20284, stack(0x0000002f1ac00000,0x0000002f1ad00000)]
  0x000001707679b0f0 JavaThread "Daemon client event forwarder" [_thread_blocked, id=17020, stack(0x0000002f1ad00000,0x0000002f1ae00000)]
  0x000001707679b5c0 JavaThread "Cache worker for journal cache (C:\Users\kazum\.gradle\caches\journal-1)" [_thread_blocked, id=6912, stack(0x0000002f1ae00000,0x0000002f1af00000)]
  0x0000017076798f40 JavaThread "File lock request listener" [_thread_in_native, id=15672, stack(0x0000002f1af00000,0x0000002f1b000000)]
  0x0000017076799db0 JavaThread "Cache worker for file hash cache (C:\Users\kazum\.gradle\caches\7.3.3\fileHashes)" [_thread_blocked, id=13504, stack(0x0000002f1b000000,0x0000002f1b100000)]
  0x00000170767998e0 JavaThread "Cache worker for file hash cache (D:\plugin\aoringoServer\.gradle\7.3.3\fileHashes)" [_thread_blocked, id=8048, stack(0x0000002f1b100000,0x0000002f1b200000)]
  0x000001707679ba90 JavaThread "File watcher server" daemon [_thread_in_native, id=18764, stack(0x0000002f1b200000,0x0000002f1b300000)]
  0x0000017076799410 JavaThread "File watcher consumer" daemon [_thread_blocked, id=18556, stack(0x0000002f1b300000,0x0000002f1b400000)]
  0x000001707679ac20 JavaThread "Cache worker for checksums cache (D:\plugin\aoringoServer\.gradle\7.3.3\checksums)" [_thread_blocked, id=13160, stack(0x0000002f1b400000,0x0000002f1b500000)]
  0x00000170767980d0 JavaThread "Cache worker for cache directory md-supplier (C:\Users\kazum\.gradle\caches\7.3.3\md-supplier)" [_thread_blocked, id=12052, stack(0x0000002f1b500000,0x0000002f1b600000)]
  0x00000170771cc4b0 JavaThread "Cache worker for cache directory md-rule (C:\Users\kazum\.gradle\caches\7.3.3\md-rule)" [_thread_blocked, id=7692, stack(0x0000002f1b600000,0x0000002f1b700000)]
  0x00000170771cd320 JavaThread "Cache worker for execution history cache (C:\Users\kazum\.gradle\caches\7.3.3\executionHistory)" [_thread_blocked, id=11384, stack(0x0000002f1b700000,0x0000002f1b800000)]
  0x00000170771ca300 JavaThread "jar transforms" [_thread_blocked, id=3092, stack(0x0000002f1be00000,0x0000002f1bf00000)]
  0x00000170771cbb10 JavaThread "jar transforms Thread 2" [_thread_blocked, id=5272, stack(0x0000002f1bf00000,0x0000002f1c000000)]
  0x00000170771cbfe0 JavaThread "Cache worker for file content cache (C:\Users\kazum\.gradle\caches\7.3.3\fileContent)" [_thread_blocked, id=14348, stack(0x0000002f1c000000,0x0000002f1c100000)]
  0x00000170771cc980 JavaThread "jar transforms Thread 3" [_thread_blocked, id=2424, stack(0x0000002f1c100000,0x0000002f1c200000)]
  0x00000170771cce50 JavaThread "jar transforms Thread 4" [_thread_blocked, id=3152, stack(0x0000002f1c200000,0x0000002f1c300000)]
  0x00000170771cd7f0 JavaThread "jar transforms Thread 5" [_thread_blocked, id=4640, stack(0x0000002f1c300000,0x0000002f1c400000)]
  0x00000170771d0340 JavaThread "jar transforms Thread 6" [_thread_blocked, id=17940, stack(0x0000002f1c400000,0x0000002f1c500000)]
  0x00000170771ceb30 JavaThread "Cache worker for dependencies-accessors (D:\plugin\aoringoServer\.gradle\7.3.3\dependencies-accessors)" [_thread_blocked, id=20104, stack(0x0000002f1c500000,0x0000002f1c600000)]
  0x00000170771cb640 JavaThread "Cache worker for Build Output Cleanup Cache (D:\plugin\aoringoServer\buildSrc\.gradle\buildOutputCleanup)" [_thread_blocked, id=10532, stack(0x0000002f1c600000,0x0000002f1c700000)]
  0x00000170771ce190 JavaThread "Memory manager" [_thread_blocked, id=17904, stack(0x0000002f1c700000,0x0000002f1c800000)]
  0x00000170771ce660 JavaThread "Cache worker for kotlin-dsl (C:\Users\kazum\.gradle\caches\7.3.3\kotlin-dsl)" [_thread_blocked, id=13864, stack(0x0000002f1c800000,0x0000002f1c900000)]
  0x00000170771cf4d0 JavaThread "jar transforms Thread 7" [_thread_blocked, id=14292, stack(0x0000002f1c900000,0x0000002f1ca00000)]

Other Threads:
  0x00000170740e50e0 VMThread "VM Thread" [stack: 0x0000002f19000000,0x0000002f19100000] [id=2564]
  0x0000017074d25f70 WatcherThread [stack: 0x0000002f19c00000,0x0000002f19d00000] [id=7332]
  0x000001705941b9b0 GCTaskThread "GC Thread#0" [stack: 0x0000002f18b00000,0x0000002f18c00000] [id=19520]
  0x0000017075694ba0 GCTaskThread "GC Thread#1" [stack: 0x0000002f19e00000,0x0000002f19f00000] [id=7412]
  0x00000170758606b0 GCTaskThread "GC Thread#2" [stack: 0x0000002f19f00000,0x0000002f1a000000] [id=20232]
  0x00000170758140a0 GCTaskThread "GC Thread#3" [stack: 0x0000002f1a000000,0x0000002f1a100000] [id=13180]
  0x00000170758dea30 GCTaskThread "GC Thread#4" [stack: 0x0000002f1a100000,0x0000002f1a200000] [id=17996]
  0x00000170758dece0 GCTaskThread "GC Thread#5" [stack: 0x0000002f1a200000,0x0000002f1a300000] [id=17936]
  0x0000017074ff8a90 GCTaskThread "GC Thread#6" [stack: 0x0000002f1b800000,0x0000002f1b900000] [id=19604]
  0x0000017077df47a0 GCTaskThread "GC Thread#7" [stack: 0x0000002f1b900000,0x0000002f1ba00000] [id=1484]
  0x0000017078387f50 GCTaskThread "GC Thread#8" [stack: 0x0000002f1ba00000,0x0000002f1bb00000] [id=17896]
  0x0000017078388200 GCTaskThread "GC Thread#9" [stack: 0x0000002f1bb00000,0x0000002f1bc00000] [id=16364]
  0x00000170594208f0 ConcurrentGCThread "G1 Main Marker" [stack: 0x0000002f18c00000,0x0000002f18d00000] [id=3728]
  0x0000017059421300 ConcurrentGCThread "G1 Conc#0" [stack: 0x0000002f18d00000,0x0000002f18e00000] [id=4324]
  0x00000170772dd0a0 ConcurrentGCThread "G1 Conc#1" [stack: 0x0000002f1bc00000,0x0000002f1bd00000] [id=16628]
  0x00000170772dc840 ConcurrentGCThread "G1 Conc#2" [stack: 0x0000002f1bd00000,0x0000002f1be00000] [id=10916]
  0x00000170594be520 ConcurrentGCThread "G1 Refine#0" [stack: 0x0000002f18e00000,0x0000002f18f00000] [id=15188]
  0x0000017073fa80f0 ConcurrentGCThread "G1 Service" [stack: 0x0000002f18f00000,0x0000002f19000000] [id=9984]

Threads with active compile tasks:
C2 CompilerThread0     4213 4408   !   4       java.lang.ClassLoader::loadClass (121 bytes)
C1 CompilerThread0     4213 4447       3       java.util.regex.Pattern::range (294 bytes)
C2 CompilerThread1     4213 4385   !   4       com.google.common.reflect.TypeVisitor::visit (244 bytes)
C2 CompilerThread2     4213 4427       4       org.objectweb.asm.Frame::execute (2318 bytes)

VM state: not at safepoint (normal execution)

VM Mutex/Monitor currently owned by a thread: None

Heap address: 0x00000000e0000000, size: 512 MB, Compressed Oops mode: 32-bit

CDS archive(s) mapped at: [0x0000000800000000-0x0000000800bd0000-0x0000000800bd0000), size 12386304, SharedBaseAddress: 0x0000000800000000, ArchiveRelocationMode: 0.
Compressed class space mapped at: 0x0000000800c00000-0x000000080dc00000, reserved size: 218103808
Narrow klass base: 0x0000000800000000, Narrow klass shift: 0, Narrow klass range: 0x100000000

GC Precious Log:
 CPUs: 12 total, 12 available
 Memory: 16303M
 Large Page Support: Disabled
 NUMA Support: Disabled
 Compressed Oops: Enabled (32-bit)
 Heap Region Size: 1M
 Heap Min Capacity: 256M
 Heap Initial Capacity: 256M
 Heap Max Capacity: 512M
 Pre-touch: Disabled
 Parallel Workers: 10
 Concurrent Workers: 3
 Concurrent Refinement Workers: 10
 Periodic GC: Disabled

Heap:
 garbage-first heap   total 262144K, used 84896K [0x00000000e0000000, 0x0000000100000000)
  region size 1024K, 70 young (71680K), 17 survivors (17408K)
 Metaspace       used 41370K, committed 41856K, reserved 253952K
  class space    used 5798K, committed 6016K, reserved 212992K

Heap Regions: E=young(eden), S=young(survivor), O=old, HS=humongous(starts), HC=humongous(continues), CS=collection set, F=free, OA=open archive, CA=closed archive, TAMS=top-at-mark-start (previous, next)
|   0|0x00000000e0000000, 0x00000000e0100000, 0x00000000e0100000|100%|HS|  |TAMS 0x00000000e0000000, 0x00000000e0000000| Complete 
|   1|0x00000000e0100000, 0x00000000e0200000, 0x00000000e0200000|100%| O|  |TAMS 0x00000000e0200000, 0x00000000e0100000| Untracked 
|   2|0x00000000e0200000, 0x00000000e0300000, 0x00000000e0300000|100%| O|  |TAMS 0x00000000e0300000, 0x00000000e0200000| Untracked 
|   3|0x00000000e0300000, 0x00000000e0400000, 0x00000000e0400000|100%|HS|  |TAMS 0x00000000e0400000, 0x00000000e0300000| Complete 
|   4|0x00000000e0400000, 0x00000000e0500000, 0x00000000e0500000|100%|HC|  |TAMS 0x00000000e0500000, 0x00000000e0400000| Complete 
|   5|0x00000000e0500000, 0x00000000e0600000, 0x00000000e0600000|100%|HC|  |TAMS 0x00000000e0600000, 0x00000000e0500000| Complete 
|   6|0x00000000e0600000, 0x00000000e0700000, 0x00000000e0700000|100%| O|  |TAMS 0x00000000e0700000, 0x00000000e0600000| Untracked 
|   7|0x00000000e0700000, 0x00000000e0800000, 0x00000000e0800000|100%| O|  |TAMS 0x00000000e0800000, 0x00000000e0700000| Untracked 
|   8|0x00000000e0800000, 0x00000000e0900000, 0x00000000e0900000|100%| O|  |TAMS 0x00000000e0900000, 0x00000000e0800000| Untracked 
|   9|0x00000000e0900000, 0x00000000e0a00000, 0x00000000e0a00000|100%| O|  |TAMS 0x00000000e0a00000, 0x00000000e0900000| Untracked 
|  10|0x00000000e0a00000, 0x00000000e0b00000, 0x00000000e0b00000|100%| O|  |TAMS 0x00000000e0a0dc00, 0x00000000e0a00000| Untracked 
|  11|0x00000000e0b00000, 0x00000000e0b00000, 0x00000000e0c00000|  0%| F|  |TAMS 0x00000000e0b00000, 0x00000000e0b00000| Untracked 
|  12|0x00000000e0c00000, 0x00000000e0c00000, 0x00000000e0d00000|  0%| F|  |TAMS 0x00000000e0c00000, 0x00000000e0c00000| Untracked 
|  13|0x00000000e0d00000, 0x00000000e0e00000, 0x00000000e0e00000|100%| O|  |TAMS 0x00000000e0d00000, 0x00000000e0d00000| Untracked 
|  14|0x00000000e0e00000, 0x00000000e0f00000, 0x00000000e0f00000|100%| O|  |TAMS 0x00000000e0e00000, 0x00000000e0e00000| Untracked 
|  15|0x00000000e0f00000, 0x00000000e1000000, 0x00000000e1000000|100%| O|  |TAMS 0x00000000e0f00000, 0x00000000e0f00000| Untracked 
|  16|0x00000000e1000000, 0x00000000e1052200, 0x00000000e1100000| 32%| O|  |TAMS 0x00000000e1000000, 0x00000000e1000000| Untracked 
|  17|0x00000000e1100000, 0x00000000e1100000, 0x00000000e1200000|  0%| F|  |TAMS 0x00000000e1100000, 0x00000000e1100000| Untracked 
|  18|0x00000000e1200000, 0x00000000e1200000, 0x00000000e1300000|  0%| F|  |TAMS 0x00000000e1200000, 0x00000000e1200000| Untracked 
|  19|0x00000000e1300000, 0x00000000e1300000, 0x00000000e1400000|  0%| F|  |TAMS 0x00000000e1300000, 0x00000000e1300000| Untracked 
|  20|0x00000000e1400000, 0x00000000e1400000, 0x00000000e1500000|  0%| F|  |TAMS 0x00000000e1400000, 0x00000000e1400000| Untracked 
|  21|0x00000000e1500000, 0x00000000e1500000, 0x00000000e1600000|  0%| F|  |TAMS 0x00000000e1500000, 0x00000000e1500000| Untracked 
|  22|0x00000000e1600000, 0x00000000e1600000, 0x00000000e1700000|  0%| F|  |TAMS 0x00000000e1600000, 0x00000000e1600000| Untracked 
|  23|0x00000000e1700000, 0x00000000e1700000, 0x00000000e1800000|  0%| F|  |TAMS 0x00000000e1700000, 0x00000000e1700000| Untracked 
|  24|0x00000000e1800000, 0x00000000e1800000, 0x00000000e1900000|  0%| F|  |TAMS 0x00000000e1800000, 0x00000000e1800000| Untracked 
|  25|0x00000000e1900000, 0x00000000e1900000, 0x00000000e1a00000|  0%| F|  |TAMS 0x00000000e1900000, 0x00000000e1900000| Untracked 
|  26|0x00000000e1a00000, 0x00000000e1a00000, 0x00000000e1b00000|  0%| F|  |TAMS 0x00000000e1a00000, 0x00000000e1a00000| Untracked 
|  27|0x00000000e1b00000, 0x00000000e1b00000, 0x00000000e1c00000|  0%| F|  |TAMS 0x00000000e1b00000, 0x00000000e1b00000| Untracked 
|  28|0x00000000e1c00000, 0x00000000e1c00000, 0x00000000e1d00000|  0%| F|  |TAMS 0x00000000e1c00000, 0x00000000e1c00000| Untracked 
|  29|0x00000000e1d00000, 0x00000000e1d00000, 0x00000000e1e00000|  0%| F|  |TAMS 0x00000000e1d00000, 0x00000000e1d00000| Untracked 
|  30|0x00000000e1e00000, 0x00000000e1e00000, 0x00000000e1f00000|  0%| F|  |TAMS 0x00000000e1e00000, 0x00000000e1e00000| Untracked 
|  31|0x00000000e1f00000, 0x00000000e1f00000, 0x00000000e2000000|  0%| F|  |TAMS 0x00000000e1f00000, 0x00000000e1f00000| Untracked 
|  32|0x00000000e2000000, 0x00000000e2000000, 0x00000000e2100000|  0%| F|  |TAMS 0x00000000e2000000, 0x00000000e2000000| Untracked 
|  33|0x00000000e2100000, 0x00000000e2100000, 0x00000000e2200000|  0%| F|  |TAMS 0x00000000e2100000, 0x00000000e2100000| Untracked 
|  34|0x00000000e2200000, 0x00000000e2200000, 0x00000000e2300000|  0%| F|  |TAMS 0x00000000e2200000, 0x00000000e2200000| Untracked 
|  35|0x00000000e2300000, 0x00000000e2300000, 0x00000000e2400000|  0%| F|  |TAMS 0x00000000e2300000, 0x00000000e2300000| Untracked 
|  36|0x00000000e2400000, 0x00000000e2400000, 0x00000000e2500000|  0%| F|  |TAMS 0x00000000e2400000, 0x00000000e2400000| Untracked 
|  37|0x00000000e2500000, 0x00000000e2500000, 0x00000000e2600000|  0%| F|  |TAMS 0x00000000e2500000, 0x00000000e2500000| Untracked 
|  38|0x00000000e2600000, 0x00000000e2600000, 0x00000000e2700000|  0%| F|  |TAMS 0x00000000e2600000, 0x00000000e2600000| Untracked 
|  39|0x00000000e2700000, 0x00000000e2700000, 0x00000000e2800000|  0%| F|  |TAMS 0x00000000e2700000, 0x00000000e2700000| Untracked 
|  40|0x00000000e2800000, 0x00000000e2800000, 0x00000000e2900000|  0%| F|  |TAMS 0x00000000e2800000, 0x00000000e2800000| Untracked 
|  41|0x00000000e2900000, 0x00000000e2900000, 0x00000000e2a00000|  0%| F|  |TAMS 0x00000000e2900000, 0x00000000e2900000| Untracked 
|  42|0x00000000e2a00000, 0x00000000e2a00000, 0x00000000e2b00000|  0%| F|  |TAMS 0x00000000e2a00000, 0x00000000e2a00000| Untracked 
|  43|0x00000000e2b00000, 0x00000000e2b00000, 0x00000000e2c00000|  0%| F|  |TAMS 0x00000000e2b00000, 0x00000000e2b00000| Untracked 
|  44|0x00000000e2c00000, 0x00000000e2c00000, 0x00000000e2d00000|  0%| F|  |TAMS 0x00000000e2c00000, 0x00000000e2c00000| Untracked 
|  45|0x00000000e2d00000, 0x00000000e2d00000, 0x00000000e2e00000|  0%| F|  |TAMS 0x00000000e2d00000, 0x00000000e2d00000| Untracked 
|  46|0x00000000e2e00000, 0x00000000e2e00000, 0x00000000e2f00000|  0%| F|  |TAMS 0x00000000e2e00000, 0x00000000e2e00000| Untracked 
|  47|0x00000000e2f00000, 0x00000000e2f00000, 0x00000000e3000000|  0%| F|  |TAMS 0x00000000e2f00000, 0x00000000e2f00000| Untracked 
|  48|0x00000000e3000000, 0x00000000e3000000, 0x00000000e3100000|  0%| F|  |TAMS 0x00000000e3000000, 0x00000000e3000000| Untracked 
|  49|0x00000000e3100000, 0x00000000e3100000, 0x00000000e3200000|  0%| F|  |TAMS 0x00000000e3100000, 0x00000000e3100000| Untracked 
|  50|0x00000000e3200000, 0x00000000e3200000, 0x00000000e3300000|  0%| F|  |TAMS 0x00000000e3200000, 0x00000000e3200000| Untracked 
|  51|0x00000000e3300000, 0x00000000e3300000, 0x00000000e3400000|  0%| F|  |TAMS 0x00000000e3300000, 0x00000000e3300000| Untracked 
|  52|0x00000000e3400000, 0x00000000e3400000, 0x00000000e3500000|  0%| F|  |TAMS 0x00000000e3400000, 0x00000000e3400000| Untracked 
|  53|0x00000000e3500000, 0x00000000e3500000, 0x00000000e3600000|  0%| F|  |TAMS 0x00000000e3500000, 0x00000000e3500000| Untracked 
|  54|0x00000000e3600000, 0x00000000e3600000, 0x00000000e3700000|  0%| F|  |TAMS 0x00000000e3600000, 0x00000000e3600000| Untracked 
|  55|0x00000000e3700000, 0x00000000e3700000, 0x00000000e3800000|  0%| F|  |TAMS 0x00000000e3700000, 0x00000000e3700000| Untracked 
|  56|0x00000000e3800000, 0x00000000e3800000, 0x00000000e3900000|  0%| F|  |TAMS 0x00000000e3800000, 0x00000000e3800000| Untracked 
|  57|0x00000000e3900000, 0x00000000e3900000, 0x00000000e3a00000|  0%| F|  |TAMS 0x00000000e3900000, 0x00000000e3900000| Untracked 
|  58|0x00000000e3a00000, 0x00000000e3a00000, 0x00000000e3b00000|  0%| F|  |TAMS 0x00000000e3a00000, 0x00000000e3a00000| Untracked 
|  59|0x00000000e3b00000, 0x00000000e3b00000, 0x00000000e3c00000|  0%| F|  |TAMS 0x00000000e3b00000, 0x00000000e3b00000| Untracked 
|  60|0x00000000e3c00000, 0x00000000e3c00000, 0x00000000e3d00000|  0%| F|  |TAMS 0x00000000e3c00000, 0x00000000e3c00000| Untracked 
|  61|0x00000000e3d00000, 0x00000000e3d00000, 0x00000000e3e00000|  0%| F|  |TAMS 0x00000000e3d00000, 0x00000000e3d00000| Untracked 
|  62|0x00000000e3e00000, 0x00000000e3e00000, 0x00000000e3f00000|  0%| F|  |TAMS 0x00000000e3e00000, 0x00000000e3e00000| Untracked 
|  63|0x00000000e3f00000, 0x00000000e3f00000, 0x00000000e4000000|  0%| F|  |TAMS 0x00000000e3f00000, 0x00000000e3f00000| Untracked 
|  64|0x00000000e4000000, 0x00000000e4000000, 0x00000000e4100000|  0%| F|  |TAMS 0x00000000e4000000, 0x00000000e4000000| Untracked 
|  65|0x00000000e4100000, 0x00000000e4100000, 0x00000000e4200000|  0%| F|  |TAMS 0x00000000e4100000, 0x00000000e4100000| Untracked 
|  66|0x00000000e4200000, 0x00000000e4200000, 0x00000000e4300000|  0%| F|  |TAMS 0x00000000e4200000, 0x00000000e4200000| Untracked 
|  67|0x00000000e4300000, 0x00000000e4300000, 0x00000000e4400000|  0%| F|  |TAMS 0x00000000e4300000, 0x00000000e4300000| Untracked 
|  68|0x00000000e4400000, 0x00000000e4400000, 0x00000000e4500000|  0%| F|  |TAMS 0x00000000e4400000, 0x00000000e4400000| Untracked 
|  69|0x00000000e4500000, 0x00000000e4500000, 0x00000000e4600000|  0%| F|  |TAMS 0x00000000e4500000, 0x00000000e4500000| Untracked 
|  70|0x00000000e4600000, 0x00000000e4600000, 0x00000000e4700000|  0%| F|  |TAMS 0x00000000e4600000, 0x00000000e4600000| Untracked 
|  71|0x00000000e4700000, 0x00000000e4700000, 0x00000000e4800000|  0%| F|  |TAMS 0x00000000e4700000, 0x00000000e4700000| Untracked 
|  72|0x00000000e4800000, 0x00000000e4800000, 0x00000000e4900000|  0%| F|  |TAMS 0x00000000e4800000, 0x00000000e4800000| Untracked 
|  73|0x00000000e4900000, 0x00000000e4900000, 0x00000000e4a00000|  0%| F|  |TAMS 0x00000000e4900000, 0x00000000e4900000| Untracked 
|  74|0x00000000e4a00000, 0x00000000e4a00000, 0x00000000e4b00000|  0%| F|  |TAMS 0x00000000e4a00000, 0x00000000e4a00000| Untracked 
|  75|0x00000000e4b00000, 0x00000000e4b00000, 0x00000000e4c00000|  0%| F|  |TAMS 0x00000000e4b00000, 0x00000000e4b00000| Untracked 
|  76|0x00000000e4c00000, 0x00000000e4c00000, 0x00000000e4d00000|  0%| F|  |TAMS 0x00000000e4c00000, 0x00000000e4c00000| Untracked 
|  77|0x00000000e4d00000, 0x00000000e4d00000, 0x00000000e4e00000|  0%| F|  |TAMS 0x00000000e4d00000, 0x00000000e4d00000| Untracked 
|  78|0x00000000e4e00000, 0x00000000e4e00000, 0x00000000e4f00000|  0%| F|  |TAMS 0x00000000e4e00000, 0x00000000e4e00000| Untracked 
|  79|0x00000000e4f00000, 0x00000000e4f00000, 0x00000000e5000000|  0%| F|  |TAMS 0x00000000e4f00000, 0x00000000e4f00000| Untracked 
|  80|0x00000000e5000000, 0x00000000e5000000, 0x00000000e5100000|  0%| F|  |TAMS 0x00000000e5000000, 0x00000000e5000000| Untracked 
|  81|0x00000000e5100000, 0x00000000e5100000, 0x00000000e5200000|  0%| F|  |TAMS 0x00000000e5100000, 0x00000000e5100000| Untracked 
|  82|0x00000000e5200000, 0x00000000e5200000, 0x00000000e5300000|  0%| F|  |TAMS 0x00000000e5200000, 0x00000000e5200000| Untracked 
|  83|0x00000000e5300000, 0x00000000e5300000, 0x00000000e5400000|  0%| F|  |TAMS 0x00000000e5300000, 0x00000000e5300000| Untracked 
|  84|0x00000000e5400000, 0x00000000e5400000, 0x00000000e5500000|  0%| F|  |TAMS 0x00000000e5400000, 0x00000000e5400000| Untracked 
|  85|0x00000000e5500000, 0x00000000e5500000, 0x00000000e5600000|  0%| F|  |TAMS 0x00000000e5500000, 0x00000000e5500000| Untracked 
|  86|0x00000000e5600000, 0x00000000e5600000, 0x00000000e5700000|  0%| F|  |TAMS 0x00000000e5600000, 0x00000000e5600000| Untracked 
|  87|0x00000000e5700000, 0x00000000e5700000, 0x00000000e5800000|  0%| F|  |TAMS 0x00000000e5700000, 0x00000000e5700000| Untracked 
|  88|0x00000000e5800000, 0x00000000e5800000, 0x00000000e5900000|  0%| F|  |TAMS 0x00000000e5800000, 0x00000000e5800000| Untracked 
|  89|0x00000000e5900000, 0x00000000e5900000, 0x00000000e5a00000|  0%| F|  |TAMS 0x00000000e5900000, 0x00000000e5900000| Untracked 
|  90|0x00000000e5a00000, 0x00000000e5a00000, 0x00000000e5b00000|  0%| F|  |TAMS 0x00000000e5a00000, 0x00000000e5a00000| Untracked 
|  91|0x00000000e5b00000, 0x00000000e5b00000, 0x00000000e5c00000|  0%| F|  |TAMS 0x00000000e5b00000, 0x00000000e5b00000| Untracked 
|  92|0x00000000e5c00000, 0x00000000e5c00000, 0x00000000e5d00000|  0%| F|  |TAMS 0x00000000e5c00000, 0x00000000e5c00000| Untracked 
|  93|0x00000000e5d00000, 0x00000000e5d00000, 0x00000000e5e00000|  0%| F|  |TAMS 0x00000000e5d00000, 0x00000000e5d00000| Untracked 
|  94|0x00000000e5e00000, 0x00000000e5e00000, 0x00000000e5f00000|  0%| F|  |TAMS 0x00000000e5e00000, 0x00000000e5e00000| Untracked 
|  95|0x00000000e5f00000, 0x00000000e5f00000, 0x00000000e6000000|  0%| F|  |TAMS 0x00000000e5f00000, 0x00000000e5f00000| Untracked 
|  96|0x00000000e6000000, 0x00000000e6000000, 0x00000000e6100000|  0%| F|  |TAMS 0x00000000e6000000, 0x00000000e6000000| Untracked 
|  97|0x00000000e6100000, 0x00000000e6100000, 0x00000000e6200000|  0%| F|  |TAMS 0x00000000e6100000, 0x00000000e6100000| Untracked 
|  98|0x00000000e6200000, 0x00000000e6200000, 0x00000000e6300000|  0%| F|  |TAMS 0x00000000e6200000, 0x00000000e6200000| Untracked 
|  99|0x00000000e6300000, 0x00000000e6300000, 0x00000000e6400000|  0%| F|  |TAMS 0x00000000e6300000, 0x00000000e6300000| Untracked 
| 100|0x00000000e6400000, 0x00000000e6400000, 0x00000000e6500000|  0%| F|  |TAMS 0x00000000e6400000, 0x00000000e6400000| Untracked 
| 101|0x00000000e6500000, 0x00000000e6500000, 0x00000000e6600000|  0%| F|  |TAMS 0x00000000e6500000, 0x00000000e6500000| Untracked 
| 102|0x00000000e6600000, 0x00000000e6600000, 0x00000000e6700000|  0%| F|  |TAMS 0x00000000e6600000, 0x00000000e6600000| Untracked 
| 103|0x00000000e6700000, 0x00000000e6700000, 0x00000000e6800000|  0%| F|  |TAMS 0x00000000e6700000, 0x00000000e6700000| Untracked 
| 104|0x00000000e6800000, 0x00000000e6800000, 0x00000000e6900000|  0%| F|  |TAMS 0x00000000e6800000, 0x00000000e6800000| Untracked 
| 105|0x00000000e6900000, 0x00000000e6900000, 0x00000000e6a00000|  0%| F|  |TAMS 0x00000000e6900000, 0x00000000e6900000| Untracked 
| 106|0x00000000e6a00000, 0x00000000e6a00000, 0x00000000e6b00000|  0%| F|  |TAMS 0x00000000e6a00000, 0x00000000e6a00000| Untracked 
| 107|0x00000000e6b00000, 0x00000000e6b00000, 0x00000000e6c00000|  0%| F|  |TAMS 0x00000000e6b00000, 0x00000000e6b00000| Untracked 
| 108|0x00000000e6c00000, 0x00000000e6c00000, 0x00000000e6d00000|  0%| F|  |TAMS 0x00000000e6c00000, 0x00000000e6c00000| Untracked 
| 109|0x00000000e6d00000, 0x00000000e6d00000, 0x00000000e6e00000|  0%| F|  |TAMS 0x00000000e6d00000, 0x00000000e6d00000| Untracked 
| 110|0x00000000e6e00000, 0x00000000e6e00000, 0x00000000e6f00000|  0%| F|  |TAMS 0x00000000e6e00000, 0x00000000e6e00000| Untracked 
| 111|0x00000000e6f00000, 0x00000000e6f00000, 0x00000000e7000000|  0%| F|  |TAMS 0x00000000e6f00000, 0x00000000e6f00000| Untracked 
| 112|0x00000000e7000000, 0x00000000e7000000, 0x00000000e7100000|  0%| F|  |TAMS 0x00000000e7000000, 0x00000000e7000000| Untracked 
| 113|0x00000000e7100000, 0x00000000e7100000, 0x00000000e7200000|  0%| F|  |TAMS 0x00000000e7100000, 0x00000000e7100000| Untracked 
| 114|0x00000000e7200000, 0x00000000e7200000, 0x00000000e7300000|  0%| F|  |TAMS 0x00000000e7200000, 0x00000000e7200000| Untracked 
| 115|0x00000000e7300000, 0x00000000e7300000, 0x00000000e7400000|  0%| F|  |TAMS 0x00000000e7300000, 0x00000000e7300000| Untracked 
| 116|0x00000000e7400000, 0x00000000e7400000, 0x00000000e7500000|  0%| F|  |TAMS 0x00000000e7400000, 0x00000000e7400000| Untracked 
| 117|0x00000000e7500000, 0x00000000e7500000, 0x00000000e7600000|  0%| F|  |TAMS 0x00000000e7500000, 0x00000000e7500000| Untracked 
| 118|0x00000000e7600000, 0x00000000e7600000, 0x00000000e7700000|  0%| F|  |TAMS 0x00000000e7600000, 0x00000000e7600000| Untracked 
| 119|0x00000000e7700000, 0x00000000e7700000, 0x00000000e7800000|  0%| F|  |TAMS 0x00000000e7700000, 0x00000000e7700000| Untracked 
| 120|0x00000000e7800000, 0x00000000e7800000, 0x00000000e7900000|  0%| F|  |TAMS 0x00000000e7800000, 0x00000000e7800000| Untracked 
| 121|0x00000000e7900000, 0x00000000e7900000, 0x00000000e7a00000|  0%| F|  |TAMS 0x00000000e7900000, 0x00000000e7900000| Untracked 
| 122|0x00000000e7a00000, 0x00000000e7a00000, 0x00000000e7b00000|  0%| F|  |TAMS 0x00000000e7a00000, 0x00000000e7a00000| Untracked 
| 123|0x00000000e7b00000, 0x00000000e7b00000, 0x00000000e7c00000|  0%| F|  |TAMS 0x00000000e7b00000, 0x00000000e7b00000| Untracked 
| 124|0x00000000e7c00000, 0x00000000e7c00000, 0x00000000e7d00000|  0%| F|  |TAMS 0x00000000e7c00000, 0x00000000e7c00000| Untracked 
| 125|0x00000000e7d00000, 0x00000000e7d00000, 0x00000000e7e00000|  0%| F|  |TAMS 0x00000000e7d00000, 0x00000000e7d00000| Untracked 
| 126|0x00000000e7e00000, 0x00000000e7e00000, 0x00000000e7f00000|  0%| F|  |TAMS 0x00000000e7e00000, 0x00000000e7e00000| Untracked 
| 127|0x00000000e7f00000, 0x00000000e7f00000, 0x00000000e8000000|  0%| F|  |TAMS 0x00000000e7f00000, 0x00000000e7f00000| Untracked 
| 128|0x00000000e8000000, 0x00000000e8000000, 0x00000000e8100000|  0%| F|  |TAMS 0x00000000e8000000, 0x00000000e8000000| Untracked 
| 129|0x00000000e8100000, 0x00000000e8100000, 0x00000000e8200000|  0%| F|  |TAMS 0x00000000e8100000, 0x00000000e8100000| Untracked 
| 130|0x00000000e8200000, 0x00000000e8295f68, 0x00000000e8300000| 58%| S|CS|TAMS 0x00000000e8200000, 0x00000000e8200000| Complete 
| 131|0x00000000e8300000, 0x00000000e8400000, 0x00000000e8400000|100%| S|CS|TAMS 0x00000000e8300000, 0x00000000e8300000| Complete 
| 132|0x00000000e8400000, 0x00000000e8500000, 0x00000000e8500000|100%| S|CS|TAMS 0x00000000e8400000, 0x00000000e8400000| Complete 
| 133|0x00000000e8500000, 0x00000000e8600000, 0x00000000e8600000|100%| S|CS|TAMS 0x00000000e8500000, 0x00000000e8500000| Complete 
| 134|0x00000000e8600000, 0x00000000e8700000, 0x00000000e8700000|100%| S|CS|TAMS 0x00000000e8600000, 0x00000000e8600000| Complete 
| 135|0x00000000e8700000, 0x00000000e8800000, 0x00000000e8800000|100%| S|CS|TAMS 0x00000000e8700000, 0x00000000e8700000| Complete 
| 136|0x00000000e8800000, 0x00000000e8900000, 0x00000000e8900000|100%| S|CS|TAMS 0x00000000e8800000, 0x00000000e8800000| Complete 
| 137|0x00000000e8900000, 0x00000000e8a00000, 0x00000000e8a00000|100%| S|CS|TAMS 0x00000000e8900000, 0x00000000e8900000| Complete 
| 138|0x00000000e8a00000, 0x00000000e8b00000, 0x00000000e8b00000|100%| S|CS|TAMS 0x00000000e8a00000, 0x00000000e8a00000| Complete 
| 139|0x00000000e8b00000, 0x00000000e8c00000, 0x00000000e8c00000|100%| S|CS|TAMS 0x00000000e8b00000, 0x00000000e8b00000| Complete 
| 140|0x00000000e8c00000, 0x00000000e8d00000, 0x00000000e8d00000|100%| S|CS|TAMS 0x00000000e8c00000, 0x00000000e8c00000| Complete 
| 141|0x00000000e8d00000, 0x00000000e8e00000, 0x00000000e8e00000|100%| S|CS|TAMS 0x00000000e8d00000, 0x00000000e8d00000| Complete 
| 142|0x00000000e8e00000, 0x00000000e8e00000, 0x00000000e8f00000|  0%| F|  |TAMS 0x00000000e8e00000, 0x00000000e8e00000| Untracked 
| 143|0x00000000e8f00000, 0x00000000e8f00000, 0x00000000e9000000|  0%| F|  |TAMS 0x00000000e8f00000, 0x00000000e8f00000| Untracked 
| 144|0x00000000e9000000, 0x00000000e9000000, 0x00000000e9100000|  0%| F|  |TAMS 0x00000000e9000000, 0x00000000e9000000| Untracked 
| 145|0x00000000e9100000, 0x00000000e9100000, 0x00000000e9200000|  0%| F|  |TAMS 0x00000000e9100000, 0x00000000e9100000| Untracked 
| 146|0x00000000e9200000, 0x00000000e9200000, 0x00000000e9300000|  0%| F|  |TAMS 0x00000000e9200000, 0x00000000e9200000| Untracked 
| 147|0x00000000e9300000, 0x00000000e9300000, 0x00000000e9400000|  0%| F|  |TAMS 0x00000000e9300000, 0x00000000e9300000| Untracked 
| 148|0x00000000e9400000, 0x00000000e9400000, 0x00000000e9500000|  0%| F|  |TAMS 0x00000000e9400000, 0x00000000e9400000| Untracked 
| 149|0x00000000e9500000, 0x00000000e9500000, 0x00000000e9600000|  0%| F|  |TAMS 0x00000000e9500000, 0x00000000e9500000| Untracked 
| 150|0x00000000e9600000, 0x00000000e9600000, 0x00000000e9700000|  0%| F|  |TAMS 0x00000000e9600000, 0x00000000e9600000| Untracked 
| 151|0x00000000e9700000, 0x00000000e9700000, 0x00000000e9800000|  0%| F|  |TAMS 0x00000000e9700000, 0x00000000e9700000| Untracked 
| 152|0x00000000e9800000, 0x00000000e9800000, 0x00000000e9900000|  0%| F|  |TAMS 0x00000000e9800000, 0x00000000e9800000| Untracked 
| 153|0x00000000e9900000, 0x00000000e9a00000, 0x00000000e9a00000|100%| S|CS|TAMS 0x00000000e9900000, 0x00000000e9900000| Complete 
| 154|0x00000000e9a00000, 0x00000000e9b00000, 0x00000000e9b00000|100%| S|CS|TAMS 0x00000000e9a00000, 0x00000000e9a00000| Complete 
| 155|0x00000000e9b00000, 0x00000000e9c00000, 0x00000000e9c00000|100%| S|CS|TAMS 0x00000000e9b00000, 0x00000000e9b00000| Complete 
| 156|0x00000000e9c00000, 0x00000000e9d00000, 0x00000000e9d00000|100%| S|CS|TAMS 0x00000000e9c00000, 0x00000000e9c00000| Complete 
| 157|0x00000000e9d00000, 0x00000000e9e00000, 0x00000000e9e00000|100%| S|CS|TAMS 0x00000000e9d00000, 0x00000000e9d00000| Complete 
| 158|0x00000000e9e00000, 0x00000000e9e00000, 0x00000000e9f00000|  0%| F|  |TAMS 0x00000000e9e00000, 0x00000000e9e00000| Untracked 
| 159|0x00000000e9f00000, 0x00000000e9f00000, 0x00000000ea000000|  0%| F|  |TAMS 0x00000000e9f00000, 0x00000000e9f00000| Untracked 
| 160|0x00000000ea000000, 0x00000000ea000000, 0x00000000ea100000|  0%| F|  |TAMS 0x00000000ea000000, 0x00000000ea000000| Untracked 
| 161|0x00000000ea100000, 0x00000000ea100000, 0x00000000ea200000|  0%| F|  |TAMS 0x00000000ea100000, 0x00000000ea100000| Untracked 
| 162|0x00000000ea200000, 0x00000000ea200000, 0x00000000ea300000|  0%| F|  |TAMS 0x00000000ea200000, 0x00000000ea200000| Untracked 
| 163|0x00000000ea300000, 0x00000000ea300000, 0x00000000ea400000|  0%| F|  |TAMS 0x00000000ea300000, 0x00000000ea300000| Untracked 
| 164|0x00000000ea400000, 0x00000000ea400000, 0x00000000ea500000|  0%| F|  |TAMS 0x00000000ea400000, 0x00000000ea400000| Untracked 
| 165|0x00000000ea500000, 0x00000000ea500000, 0x00000000ea600000|  0%| F|  |TAMS 0x00000000ea500000, 0x00000000ea500000| Untracked 
| 166|0x00000000ea600000, 0x00000000ea600000, 0x00000000ea700000|  0%| F|  |TAMS 0x00000000ea600000, 0x00000000ea600000| Untracked 
| 167|0x00000000ea700000, 0x00000000ea700000, 0x00000000ea800000|  0%| F|  |TAMS 0x00000000ea700000, 0x00000000ea700000| Untracked 
| 168|0x00000000ea800000, 0x00000000ea800000, 0x00000000ea900000|  0%| F|  |TAMS 0x00000000ea800000, 0x00000000ea800000| Untracked 
| 169|0x00000000ea900000, 0x00000000ea900000, 0x00000000eaa00000|  0%| F|  |TAMS 0x00000000ea900000, 0x00000000ea900000| Untracked 
| 170|0x00000000eaa00000, 0x00000000eaa00000, 0x00000000eab00000|  0%| F|  |TAMS 0x00000000eaa00000, 0x00000000eaa00000| Untracked 
| 171|0x00000000eab00000, 0x00000000eab00000, 0x00000000eac00000|  0%| F|  |TAMS 0x00000000eab00000, 0x00000000eab00000| Untracked 
| 172|0x00000000eac00000, 0x00000000eac00000, 0x00000000ead00000|  0%| F|  |TAMS 0x00000000eac00000, 0x00000000eac00000| Untracked 
| 173|0x00000000ead00000, 0x00000000ead00000, 0x00000000eae00000|  0%| F|  |TAMS 0x00000000ead00000, 0x00000000ead00000| Untracked 
| 174|0x00000000eae00000, 0x00000000eae00000, 0x00000000eaf00000|  0%| F|  |TAMS 0x00000000eae00000, 0x00000000eae00000| Untracked 
| 175|0x00000000eaf00000, 0x00000000eaf00000, 0x00000000eb000000|  0%| F|  |TAMS 0x00000000eaf00000, 0x00000000eaf00000| Untracked 
| 176|0x00000000eb000000, 0x00000000eb000000, 0x00000000eb100000|  0%| F|  |TAMS 0x00000000eb000000, 0x00000000eb000000| Untracked 
| 177|0x00000000eb100000, 0x00000000eb100000, 0x00000000eb200000|  0%| F|  |TAMS 0x00000000eb100000, 0x00000000eb100000| Untracked 
| 178|0x00000000eb200000, 0x00000000eb200000, 0x00000000eb300000|  0%| F|  |TAMS 0x00000000eb200000, 0x00000000eb200000| Untracked 
| 179|0x00000000eb300000, 0x00000000eb300000, 0x00000000eb400000|  0%| F|  |TAMS 0x00000000eb300000, 0x00000000eb300000| Untracked 
| 180|0x00000000eb400000, 0x00000000eb400000, 0x00000000eb500000|  0%| F|  |TAMS 0x00000000eb400000, 0x00000000eb400000| Untracked 
| 181|0x00000000eb500000, 0x00000000eb500000, 0x00000000eb600000|  0%| F|  |TAMS 0x00000000eb500000, 0x00000000eb500000| Untracked 
| 182|0x00000000eb600000, 0x00000000eb600000, 0x00000000eb700000|  0%| F|  |TAMS 0x00000000eb600000, 0x00000000eb600000| Untracked 
| 183|0x00000000eb700000, 0x00000000eb700000, 0x00000000eb800000|  0%| F|  |TAMS 0x00000000eb700000, 0x00000000eb700000| Untracked 
| 184|0x00000000eb800000, 0x00000000eb800000, 0x00000000eb900000|  0%| F|  |TAMS 0x00000000eb800000, 0x00000000eb800000| Untracked 
| 185|0x00000000eb900000, 0x00000000eb900000, 0x00000000eba00000|  0%| F|  |TAMS 0x00000000eb900000, 0x00000000eb900000| Untracked 
| 186|0x00000000eba00000, 0x00000000eba00000, 0x00000000ebb00000|  0%| F|  |TAMS 0x00000000eba00000, 0x00000000eba00000| Untracked 
| 187|0x00000000ebb00000, 0x00000000ebb00000, 0x00000000ebc00000|  0%| F|  |TAMS 0x00000000ebb00000, 0x00000000ebb00000| Untracked 
| 188|0x00000000ebc00000, 0x00000000ebc00000, 0x00000000ebd00000|  0%| F|  |TAMS 0x00000000ebc00000, 0x00000000ebc00000| Untracked 
| 189|0x00000000ebd00000, 0x00000000ebd00000, 0x00000000ebe00000|  0%| F|  |TAMS 0x00000000ebd00000, 0x00000000ebd00000| Untracked 
| 190|0x00000000ebe00000, 0x00000000ebe00000, 0x00000000ebf00000|  0%| F|  |TAMS 0x00000000ebe00000, 0x00000000ebe00000| Untracked 
| 191|0x00000000ebf00000, 0x00000000ebf00000, 0x00000000ec000000|  0%| F|  |TAMS 0x00000000ebf00000, 0x00000000ebf00000| Untracked 
| 192|0x00000000ec000000, 0x00000000ec000000, 0x00000000ec100000|  0%| F|  |TAMS 0x00000000ec000000, 0x00000000ec000000| Untracked 
| 193|0x00000000ec100000, 0x00000000ec100000, 0x00000000ec200000|  0%| F|  |TAMS 0x00000000ec100000, 0x00000000ec100000| Untracked 
| 194|0x00000000ec200000, 0x00000000ec200000, 0x00000000ec300000|  0%| F|  |TAMS 0x00000000ec200000, 0x00000000ec200000| Untracked 
| 195|0x00000000ec300000, 0x00000000ec300000, 0x00000000ec400000|  0%| F|  |TAMS 0x00000000ec300000, 0x00000000ec300000| Untracked 
| 196|0x00000000ec400000, 0x00000000ec400000, 0x00000000ec500000|  0%| F|  |TAMS 0x00000000ec400000, 0x00000000ec400000| Untracked 
| 197|0x00000000ec500000, 0x00000000ec500000, 0x00000000ec600000|  0%| F|  |TAMS 0x00000000ec500000, 0x00000000ec500000| Untracked 
| 198|0x00000000ec600000, 0x00000000ec600000, 0x00000000ec700000|  0%| F|  |TAMS 0x00000000ec600000, 0x00000000ec600000| Untracked 
| 199|0x00000000ec700000, 0x00000000ec700000, 0x00000000ec800000|  0%| F|  |TAMS 0x00000000ec700000, 0x00000000ec700000| Untracked 
| 200|0x00000000ec800000, 0x00000000ec800000, 0x00000000ec900000|  0%| F|  |TAMS 0x00000000ec800000, 0x00000000ec800000| Untracked 
| 201|0x00000000ec900000, 0x00000000ec900000, 0x00000000eca00000|  0%| F|  |TAMS 0x00000000ec900000, 0x00000000ec900000| Untracked 
| 202|0x00000000eca00000, 0x00000000eca00000, 0x00000000ecb00000|  0%| F|  |TAMS 0x00000000eca00000, 0x00000000eca00000| Untracked 
| 203|0x00000000ecb00000, 0x00000000ecc00000, 0x00000000ecc00000|100%| E|  |TAMS 0x00000000ecb00000, 0x00000000ecb00000| Complete 
| 204|0x00000000ecc00000, 0x00000000ecd00000, 0x00000000ecd00000|100%| E|CS|TAMS 0x00000000ecc00000, 0x00000000ecc00000| Complete 
| 205|0x00000000ecd00000, 0x00000000ece00000, 0x00000000ece00000|100%| E|CS|TAMS 0x00000000ecd00000, 0x00000000ecd00000| Complete 
| 206|0x00000000ece00000, 0x00000000ecf00000, 0x00000000ecf00000|100%| E|CS|TAMS 0x00000000ece00000, 0x00000000ece00000| Complete 
| 207|0x00000000ecf00000, 0x00000000ed000000, 0x00000000ed000000|100%| E|CS|TAMS 0x00000000ecf00000, 0x00000000ecf00000| Complete 
| 208|0x00000000ed000000, 0x00000000ed100000, 0x00000000ed100000|100%| E|CS|TAMS 0x00000000ed000000, 0x00000000ed000000| Complete 
| 209|0x00000000ed100000, 0x00000000ed200000, 0x00000000ed200000|100%| E|CS|TAMS 0x00000000ed100000, 0x00000000ed100000| Complete 
| 210|0x00000000ed200000, 0x00000000ed300000, 0x00000000ed300000|100%| E|CS|TAMS 0x00000000ed200000, 0x00000000ed200000| Complete 
| 211|0x00000000ed300000, 0x00000000ed400000, 0x00000000ed400000|100%| E|CS|TAMS 0x00000000ed300000, 0x00000000ed300000| Complete 
| 212|0x00000000ed400000, 0x00000000ed500000, 0x00000000ed500000|100%| E|CS|TAMS 0x00000000ed400000, 0x00000000ed400000| Complete 
| 213|0x00000000ed500000, 0x00000000ed600000, 0x00000000ed600000|100%| E|CS|TAMS 0x00000000ed500000, 0x00000000ed500000| Complete 
| 214|0x00000000ed600000, 0x00000000ed700000, 0x00000000ed700000|100%| E|CS|TAMS 0x00000000ed600000, 0x00000000ed600000| Complete 
| 215|0x00000000ed700000, 0x00000000ed800000, 0x00000000ed800000|100%| E|CS|TAMS 0x00000000ed700000, 0x00000000ed700000| Complete 
| 216|0x00000000ed800000, 0x00000000ed900000, 0x00000000ed900000|100%| E|CS|TAMS 0x00000000ed800000, 0x00000000ed800000| Complete 
| 217|0x00000000ed900000, 0x00000000eda00000, 0x00000000eda00000|100%| E|CS|TAMS 0x00000000ed900000, 0x00000000ed900000| Complete 
| 218|0x00000000eda00000, 0x00000000edb00000, 0x00000000edb00000|100%| E|CS|TAMS 0x00000000eda00000, 0x00000000eda00000| Complete 
| 219|0x00000000edb00000, 0x00000000edc00000, 0x00000000edc00000|100%| E|CS|TAMS 0x00000000edb00000, 0x00000000edb00000| Complete 
| 220|0x00000000edc00000, 0x00000000edd00000, 0x00000000edd00000|100%| E|CS|TAMS 0x00000000edc00000, 0x00000000edc00000| Complete 
| 221|0x00000000edd00000, 0x00000000ede00000, 0x00000000ede00000|100%| E|CS|TAMS 0x00000000edd00000, 0x00000000edd00000| Complete 
| 222|0x00000000ede00000, 0x00000000edf00000, 0x00000000edf00000|100%| E|CS|TAMS 0x00000000ede00000, 0x00000000ede00000| Complete 
| 223|0x00000000edf00000, 0x00000000ee000000, 0x00000000ee000000|100%| E|CS|TAMS 0x00000000edf00000, 0x00000000edf00000| Complete 
| 224|0x00000000ee000000, 0x00000000ee100000, 0x00000000ee100000|100%| E|CS|TAMS 0x00000000ee000000, 0x00000000ee000000| Complete 
| 225|0x00000000ee100000, 0x00000000ee200000, 0x00000000ee200000|100%| E|CS|TAMS 0x00000000ee100000, 0x00000000ee100000| Complete 
| 226|0x00000000ee200000, 0x00000000ee300000, 0x00000000ee300000|100%| E|CS|TAMS 0x00000000ee200000, 0x00000000ee200000| Complete 
| 227|0x00000000ee300000, 0x00000000ee400000, 0x00000000ee400000|100%| E|CS|TAMS 0x00000000ee300000, 0x00000000ee300000| Complete 
| 228|0x00000000ee400000, 0x00000000ee500000, 0x00000000ee500000|100%| E|CS|TAMS 0x00000000ee400000, 0x00000000ee400000| Complete 
| 229|0x00000000ee500000, 0x00000000ee600000, 0x00000000ee600000|100%| E|CS|TAMS 0x00000000ee500000, 0x00000000ee500000| Complete 
| 230|0x00000000ee600000, 0x00000000ee700000, 0x00000000ee700000|100%| E|CS|TAMS 0x00000000ee600000, 0x00000000ee600000| Complete 
| 231|0x00000000ee700000, 0x00000000ee800000, 0x00000000ee800000|100%| E|CS|TAMS 0x00000000ee700000, 0x00000000ee700000| Complete 
| 232|0x00000000ee800000, 0x00000000ee900000, 0x00000000ee900000|100%| E|CS|TAMS 0x00000000ee800000, 0x00000000ee800000| Complete 
| 233|0x00000000ee900000, 0x00000000eea00000, 0x00000000eea00000|100%| E|CS|TAMS 0x00000000ee900000, 0x00000000ee900000| Complete 
| 234|0x00000000eea00000, 0x00000000eeb00000, 0x00000000eeb00000|100%| E|CS|TAMS 0x00000000eea00000, 0x00000000eea00000| Complete 
| 235|0x00000000eeb00000, 0x00000000eec00000, 0x00000000eec00000|100%| E|CS|TAMS 0x00000000eeb00000, 0x00000000eeb00000| Complete 
| 236|0x00000000eec00000, 0x00000000eed00000, 0x00000000eed00000|100%| E|CS|TAMS 0x00000000eec00000, 0x00000000eec00000| Complete 
| 237|0x00000000eed00000, 0x00000000eee00000, 0x00000000eee00000|100%| E|CS|TAMS 0x00000000eed00000, 0x00000000eed00000| Complete 
| 238|0x00000000eee00000, 0x00000000eef00000, 0x00000000eef00000|100%| E|CS|TAMS 0x00000000eee00000, 0x00000000eee00000| Complete 
| 239|0x00000000eef00000, 0x00000000ef000000, 0x00000000ef000000|100%| E|CS|TAMS 0x00000000eef00000, 0x00000000eef00000| Complete 
| 240|0x00000000ef000000, 0x00000000ef100000, 0x00000000ef100000|100%| E|CS|TAMS 0x00000000ef000000, 0x00000000ef000000| Complete 
| 241|0x00000000ef100000, 0x00000000ef200000, 0x00000000ef200000|100%| E|CS|TAMS 0x00000000ef100000, 0x00000000ef100000| Complete 
| 242|0x00000000ef200000, 0x00000000ef300000, 0x00000000ef300000|100%| E|CS|TAMS 0x00000000ef200000, 0x00000000ef200000| Complete 
| 243|0x00000000ef300000, 0x00000000ef400000, 0x00000000ef400000|100%| E|CS|TAMS 0x00000000ef300000, 0x00000000ef300000| Complete 
| 244|0x00000000ef400000, 0x00000000ef500000, 0x00000000ef500000|100%| E|CS|TAMS 0x00000000ef400000, 0x00000000ef400000| Complete 
| 245|0x00000000ef500000, 0x00000000ef600000, 0x00000000ef600000|100%| E|CS|TAMS 0x00000000ef500000, 0x00000000ef500000| Complete 
| 246|0x00000000ef600000, 0x00000000ef700000, 0x00000000ef700000|100%| E|CS|TAMS 0x00000000ef600000, 0x00000000ef600000| Complete 
| 247|0x00000000ef700000, 0x00000000ef800000, 0x00000000ef800000|100%| E|CS|TAMS 0x00000000ef700000, 0x00000000ef700000| Complete 
| 248|0x00000000ef800000, 0x00000000ef900000, 0x00000000ef900000|100%| E|CS|TAMS 0x00000000ef800000, 0x00000000ef800000| Complete 
| 249|0x00000000ef900000, 0x00000000efa00000, 0x00000000efa00000|100%| E|CS|TAMS 0x00000000ef900000, 0x00000000ef900000| Complete 
| 250|0x00000000efa00000, 0x00000000efb00000, 0x00000000efb00000|100%| E|CS|TAMS 0x00000000efa00000, 0x00000000efa00000| Complete 
| 251|0x00000000efb00000, 0x00000000efc00000, 0x00000000efc00000|100%| E|CS|TAMS 0x00000000efb00000, 0x00000000efb00000| Complete 
| 252|0x00000000efc00000, 0x00000000efd00000, 0x00000000efd00000|100%| E|CS|TAMS 0x00000000efc00000, 0x00000000efc00000| Complete 
| 253|0x00000000efd00000, 0x00000000efe00000, 0x00000000efe00000|100%| E|CS|TAMS 0x00000000efd00000, 0x00000000efd00000| Complete 
| 254|0x00000000efe00000, 0x00000000eff00000, 0x00000000eff00000|100%| E|CS|TAMS 0x00000000efe00000, 0x00000000efe00000| Complete 
| 255|0x00000000eff00000, 0x00000000f0000000, 0x00000000f0000000|100%| E|CS|TAMS 0x00000000eff00000, 0x00000000eff00000| Complete 

Card table byte_map: [0x00000170702c0000,0x00000170703c0000] _byte_map_base: 0x000001706fbc0000

Marking Bits (Prev, Next): (CMBitMap*) 0x000001705941bfc0, (CMBitMap*) 0x000001705941c000
 Prev Bits: [0x00000170704c0000, 0x0000017070cc0000)
 Next Bits: [0x0000017070cc0000, 0x00000170714c0000)

Polling page: 0x0000017058bc0000

Metaspace:

Usage:
  Non-class:     34.79 MB used.
      Class:      5.67 MB used.
       Both:     40.46 MB used.

Virtual space:
  Non-class space:       40.00 MB reserved,      35.00 MB ( 88%) committed,  5 nodes.
      Class space:      208.00 MB reserved,       5.88 MB (  3%) committed,  1 nodes.
             Both:      248.00 MB reserved,      40.88 MB ( 16%) committed. 

Chunk freelists:
   Non-Class:  192.00 KB
       Class:  2.17 MB
        Both:  2.36 MB

MaxMetaspaceSize: 256.00 MB
CompressedClassSpaceSize: 208.00 MB
Initial GC threshold: 21.00 MB
Current GC threshold: 59.00 MB
CDS: on
MetaspaceReclaimPolicy: balanced
 - commit_granule_bytes: 65536.
 - commit_granule_words: 8192.
 - virtual_space_node_default_size: 1048576.
 - enlarge_chunks_in_place: 1.
 - new_chunks_are_fully_committed: 0.
 - uncommit_free_chunks: 1.
 - use_allocation_guard: 0.
 - handle_deallocations: 1.


Internal statistics:

num_allocs_failed_limit: 6.
num_arena_births: 530.
num_arena_deaths: 0.
num_vsnodes_births: 6.
num_vsnodes_deaths: 0.
num_space_committed: 654.
num_space_uncommitted: 0.
num_chunks_returned_to_freelist: 6.
num_chunks_taken_from_freelist: 2082.
num_chunk_merges: 6.
num_chunk_splits: 1389.
num_chunks_enlarged: 953.
num_purges: 0.
num_inconsistent_stats: 0.

CodeHeap 'non-profiled nmethods': size=120000Kb used=2880Kb max_used=2880Kb free=117119Kb
 bounds [0x0000017068740000, 0x0000017068a20000, 0x000001706fc70000]
CodeHeap 'profiled nmethods': size=120000Kb used=9162Kb max_used=9162Kb free=110837Kb
 bounds [0x0000017060c70000, 0x0000017061570000, 0x00000170681a0000]
CodeHeap 'non-nmethods': size=5760Kb used=2317Kb max_used=2431Kb free=3442Kb
 bounds [0x00000170681a0000, 0x0000017068410000, 0x0000017068740000]
 total_blobs=5271 nmethods=4440 adapters=743
 compilation: enabled
              stopped_count=0, restarted_count=0
 full_count=0

Compilation events (20 events):
Event: 4.122 Thread 0x000001707411eb70 4421       3       com.google.common.collect.AbstractMapBasedMultimap$WrappedCollection::iterator (13 bytes)
Event: 4.122 Thread 0x000001707411eb70 nmethod 4421 0x0000017061559210 code [0x0000017061559420, 0x0000017061559ce8]
Event: 4.122 Thread 0x000001707411eb70 4422       3       com.google.common.collect.AbstractMapBasedMultimap$WrappedCollection$WrappedIterator::<init> (32 bytes)
Event: 4.122 Thread 0x000001707411eb70 nmethod 4422 0x0000017061559f10 code [0x000001706155a100, 0x000001706155a858]
Event: 4.122 Thread 0x000001707411eb70 4423       3       com.google.common.collect.AbstractMapBasedMultimap::access$100 (5 bytes)
Event: 4.123 Thread 0x000001707411eb70 nmethod 4423 0x000001706155aa10 code [0x000001706155abe0, 0x000001706155b158]
Event: 4.123 Thread 0x000001707656f5e0 nmethod 4424 0x0000017068a0cd10 code [0x0000017068a0cea0, 0x0000017068a0d028]
Event: 4.124 Thread 0x000001707656f5e0 4425       4       java.security.SecureClassLoader$CodeSourceKey::equals (60 bytes)
Event: 4.125 Thread 0x000001707656f5e0 nmethod 4425 0x0000017068a0d190 code [0x0000017068a0d320, 0x0000017068a0d618]
Event: 4.125 Thread 0x000001707656f5e0 4426       4       org.objectweb.asm.MethodWriter::visitLabel (328 bytes)
Event: 4.126 Thread 0x000001707411eb70 4428       3       org.gradle.internal.instantiation.generator.AbstractClassGenerator$DslMixInPropertyType::findClosureOverload (109 bytes)
Event: 4.126 Thread 0x000001707411eb70 nmethod 4428 0x000001706155b290 code [0x000001706155b500, 0x000001706155c1b8]
Event: 4.133 Thread 0x000001707411eb70 4434       3       com.google.common.collect.AbstractSetMultimap::wrapCollection (14 bytes)
Event: 4.134 Thread 0x000001707411eb70 nmethod 4434 0x000001706155c610 code [0x000001706155c7c0, 0x000001706155ca88]
Event: 4.137 Thread 0x000001707656f5e0 nmethod 4426 0x0000017068a0e490 code [0x0000017068a0e640, 0x0000017068a0f238]
Event: 4.137 Thread 0x000001707656f5e0 4427       4       org.objectweb.asm.Frame::execute (2318 bytes)
Event: 4.142 Thread 0x000001707411eb70 4436       3       java.net.URI::match (56 bytes)
Event: 4.142 Thread 0x000001707411eb70 nmethod 4436 0x000001706155cb90 code [0x000001706155cd40, 0x000001706155d038]
Event: 4.142 Thread 0x000001707411eb70 4437       3       java.net.URI$Parser::scan (41 bytes)
Event: 4.143 Thread 0x000001707411eb70 nmethod 4437 0x000001706155d110 code [0x000001706155d360, 0x000001706155dcd8]

GC Heap History (8 events):
Event: 0.492 GC heap before
{Heap before GC invocations=0 (full 0):
 garbage-first heap   total 262144K, used 28672K [0x00000000e0000000, 0x0000000100000000)
  region size 1024K, 23 young (23552K), 0 survivors (0K)
 Metaspace       used 3016K, committed 3200K, reserved 221184K
  class space    used 382K, committed 448K, reserved 212992K
}
Event: 0.495 GC heap after
{Heap after GC invocations=1 (full 0):
 garbage-first heap   total 262144K, used 9160K [0x00000000e0000000, 0x0000000100000000)
  region size 1024K, 3 young (3072K), 3 survivors (3072K)
 Metaspace       used 3016K, committed 3200K, reserved 221184K
  class space    used 382K, committed 448K, reserved 212992K
}
Event: 0.805 GC heap before
{Heap before GC invocations=1 (full 0):
 garbage-first heap   total 262144K, used 36808K [0x00000000e0000000, 0x0000000100000000)
  region size 1024K, 30 young (30720K), 3 survivors (3072K)
 Metaspace       used 3940K, committed 4160K, reserved 221184K
  class space    used 479K, committed 576K, reserved 212992K
}
Event: 0.808 GC heap after
{Heap after GC invocations=2 (full 0):
 garbage-first heap   total 262144K, used 13367K [0x00000000e0000000, 0x0000000100000000)
  region size 1024K, 4 young (4096K), 4 survivors (4096K)
 Metaspace       used 3940K, committed 4160K, reserved 221184K
  class space    used 479K, committed 576K, reserved 212992K
}
Event: 2.375 GC heap before
{Heap before GC invocations=2 (full 0):
 garbage-first heap   total 262144K, used 113719K [0x00000000e0000000, 0x0000000100000000)
  region size 1024K, 103 young (105472K), 4 survivors (4096K)
 Metaspace       used 21293K, committed 21504K, reserved 237568K
  class space    used 3165K, committed 3264K, reserved 212992K
}
Event: 2.381 GC heap after
{Heap after GC invocations=3 (full 0):
 garbage-first heap   total 262144K, used 20535K [0x00000000e0000000, 0x0000000100000000)
  region size 1024K, 11 young (11264K), 11 survivors (11264K)
 Metaspace       used 21293K, committed 21504K, reserved 237568K
  class space    used 3165K, committed 3264K, reserved 212992K
}
Event: 3.701 GC heap before
{Heap before GC invocations=4 (full 0):
 garbage-first heap   total 262144K, used 121911K [0x00000000e0000000, 0x0000000100000000)
  region size 1024K, 109 young (111616K), 11 survivors (11264K)
 Metaspace       used 35773K, committed 36160K, reserved 245760K
  class space    used 5006K, committed 5184K, reserved 212992K
}
Event: 3.710 GC heap after
{Heap after GC invocations=5 (full 0):
 garbage-first heap   total 262144K, used 30624K [0x00000000e0000000, 0x0000000100000000)
  region size 1024K, 17 young (17408K), 17 survivors (17408K)
 Metaspace       used 35773K, committed 36160K, reserved 245760K
  class space    used 5006K, committed 5184K, reserved 212992K
}

Deoptimization events (20 events):
Event: 4.072 Thread 0x0000017075c40700 Uncommon trap: trap_request=0xffffffc6 fr.pc=0x0000017068873f5c relative=0x000000000000029c
Event: 4.072 Thread 0x0000017075c40700 Uncommon trap: reason=bimorphic_or_optimized_type_check action=maybe_recompile pc=0x0000017068873f5c method=com.google.common.base.CharMatcher.indexIn(Ljava/lang/CharSequence;I)I @ 31 c2
Event: 4.072 Thread 0x0000017075c40700 DEOPT PACKING pc=0x0000017068873f5c sp=0x0000002f1aaf8070
Event: 4.072 Thread 0x0000017075c40700 DEOPT UNPACKING pc=0x00000170681f23a3 sp=0x0000002f1aaf8018 mode 2
Event: 4.073 Thread 0x0000017075c40700 Uncommon trap: trap_request=0xffffffc6 fr.pc=0x0000017068873f5c relative=0x000000000000029c
Event: 4.073 Thread 0x0000017075c40700 Uncommon trap: reason=bimorphic_or_optimized_type_check action=maybe_recompile pc=0x0000017068873f5c method=com.google.common.base.CharMatcher.indexIn(Ljava/lang/CharSequence;I)I @ 31 c2
Event: 4.073 Thread 0x0000017075c40700 DEOPT PACKING pc=0x0000017068873f5c sp=0x0000002f1aaf7840
Event: 4.073 Thread 0x0000017075c40700 DEOPT UNPACKING pc=0x00000170681f23a3 sp=0x0000002f1aaf77e8 mode 2
Event: 4.103 Thread 0x0000017075c40700 Uncommon trap: trap_request=0xffffff45 fr.pc=0x00000170687b8f80 relative=0x0000000000000240
Event: 4.103 Thread 0x0000017075c40700 Uncommon trap: reason=unstable_if action=reinterpret pc=0x00000170687b8f80 method=java.net.URI$Parser.scan(IILjava/lang/String;)I @ 26 c2
Event: 4.103 Thread 0x0000017075c40700 DEOPT PACKING pc=0x00000170687b8f80 sp=0x0000002f1aaf6d40
Event: 4.103 Thread 0x0000017075c40700 DEOPT UNPACKING pc=0x00000170681f23a3 sp=0x0000002f1aaf6cd0 mode 2
Event: 4.103 Thread 0x0000017075c40700 Uncommon trap: trap_request=0xffffff45 fr.pc=0x0000017068794fb8 relative=0x0000000000000118
Event: 4.103 Thread 0x0000017075c40700 Uncommon trap: reason=unstable_if action=reinterpret pc=0x0000017068794fb8 method=java.net.URI.match(CJJ)Z @ 45 c2
Event: 4.103 Thread 0x0000017075c40700 DEOPT PACKING pc=0x0000017068794fb8 sp=0x0000002f1aaf6ab0
Event: 4.103 Thread 0x0000017075c40700 DEOPT UNPACKING pc=0x00000170681f23a3 sp=0x0000002f1aaf69e8 mode 2
Event: 4.103 Thread 0x0000017075c40700 Uncommon trap: trap_request=0xffffff45 fr.pc=0x00000170687608cc relative=0x000000000000004c
Event: 4.103 Thread 0x0000017075c40700 Uncommon trap: reason=unstable_if action=reinterpret pc=0x00000170687608cc method=java.net.URI.match(CJJ)Z @ 19 c2
Event: 4.103 Thread 0x0000017075c40700 DEOPT PACKING pc=0x00000170687608cc sp=0x0000002f1aaf6ac0
Event: 4.103 Thread 0x0000017075c40700 DEOPT UNPACKING pc=0x00000170681f23a3 sp=0x0000002f1aaf6a70 mode 2

Classes unloaded (0 events):
No events

Classes redefined (0 events):
No events

Internal exceptions (20 events):
Event: 3.514 Thread 0x0000017075c40700 Implicit null exception at 0x000001706876c260 to 0x000001706876c2fa
Event: 3.627 Thread 0x0000017075c40700 Exception <a 'java/lang/NoSuchMethodError'{0x00000000ea3525e0}: 'java.lang.Object java.lang.invoke.DirectMethodHandle$Holder.newInvokeSpecial(java.lang.Object, java.lang.Object, java.lang.Object, java.lang.Object, int)'> (0x00000000ea3525e0) 
thrown [s\open\src\hotspot\share\interpreter\linkResolver.cpp, line 759]
Event: 3.627 Thread 0x0000017075c40700 Exception <a 'java/lang/NoSuchMethodError'{0x00000000ea358100}: 'java.lang.Object java.lang.invoke.DirectMethodHandle$Holder.invokeSpecial(java.lang.Object, java.lang.Object, java.lang.Object, java.lang.Object, java.lang.Object, int)'> (0x00000000ea358100) 
thrown [s\open\src\hotspot\share\interpreter\linkResolver.cpp, line 759]
Event: 3.628 Thread 0x0000017075c40700 Exception <a 'java/lang/NoSuchMethodError'{0x00000000ea35d5d0}: 'java.lang.Object java.lang.invoke.Invokers$Holder.linkToTargetMethod(java.lang.Object, java.lang.Object, java.lang.Object, int, java.lang.Object)'> (0x00000000ea35d5d0) 
thrown [s\open\src\hotspot\share\interpreter\linkResolver.cpp, line 759]
Event: 3.651 Thread 0x0000017075c40700 Exception <a 'java/lang/NoSuchMethodError'{0x00000000ea29a820}: 'int java.lang.invoke.DirectMethodHandle$Holder.invokeInterface(java.lang.Object, java.lang.Object)'> (0x00000000ea29a820) 
thrown [s\open\src\hotspot\share\interpreter\linkResolver.cpp, line 759]
Event: 3.651 Thread 0x0000017075c40700 Exception <a 'java/lang/IncompatibleClassChangeError'{0x00000000ea29f2f0}: Found class java.lang.Object, but interface was expected> (0x00000000ea29f2f0) 
thrown [s\open\src\hotspot\share\interpreter\linkResolver.cpp, line 826]
Event: 3.788 Thread 0x0000017075c40700 Exception <a 'java/lang/NoSuchMethodError'{0x00000000ef94fd08}: 'void java.lang.invoke.DirectMethodHandle$Holder.invokeStatic(java.lang.Object, java.lang.Object, java.lang.Object, java.lang.Object, java.lang.Object, java.lang.Object)'> (0x00000000ef94fd08) 
thrown [s\open\src\hotspot\share\interpreter\linkResolver.cpp, line 759]
Event: 3.894 Thread 0x0000017075c40700 Exception <a 'java/lang/NoSuchMethodError'{0x00000000eef6c290}: 'java.lang.Object java.lang.invoke.DirectMethodHandle$Holder.invokeSpecial(java.lang.Object, java.lang.Object, java.lang.Object, java.lang.Object, java.lang.Object, java.lang.Object, java.lang.Object, java.lang.Object, java.lang.Object, java.lang.Object)'> (0x00000000eef6c290) 
thrown [s\open\src\hotspot\share\interpreter\linkResolver.cpp, line 759]
Event: 3.894 Thread 0x0000017075c40700 Exception <a 'java/lang/NoSuchMethodError'{0x00000000eef753b8}: 'java.lang.Object java.lang.invoke.Invokers$Holder.invoker(java.lang.Object, java.lang.Object, java.lang.Object, java.lang.Object, java.lang.Object, java.lang.Object, java.lang.Object, java.lang.Object, java.lang.Object)'> (0x00000000eef753b8) 
thrown [s\open\src\hotspot\share\interpreter\linkResolver.cpp, line 759]
Event: 3.900 Thread 0x0000017075c40700 Exception <a 'java/lang/NoSuchMethodError'{0x00000000eeff3118}: 'java.lang.Object java.lang.invoke.Invokers$Holder.invoker(java.lang.Object, java.lang.Object, java.lang.Object, java.lang.Object)'> (0x00000000eeff3118) 
thrown [s\open\src\hotspot\share\interpreter\linkResolver.cpp, line 759]
Event: 3.908 Thread 0x0000017075c40700 Exception <a 'java/lang/NoSuchMethodError'{0x00000000eee708a0}: 'java.lang.Object java.lang.invoke.DirectMethodHandle$Holder.invokeSpecial(java.lang.Object, java.lang.Object, java.lang.Object, java.lang.Object, java.lang.Object, java.lang.Object, java.lang.Object, java.lang.Object, java.lang.Object, java.lang.Object, java.lang.Object, java.lang.Object, java.lang.Object, java.lang.Object, java.lang.Object, java.lang.Object, java.lang.Object, java.lang.Object, java.lang.Object, java.lang.Object, java.lang.Ob
Event: 3.908 Thread 0x0000017075c40700 Exception <a 'java/lang/NoSuchMethodError'{0x00000000eee76970}: 'java.lang.Object java.lang.invoke.DelegatingMethodHandle$Holder.reinvoke_L(java.lang.Object, java.lang.Object, java.lang.Object, java.lang.Object, java.lang.Object, java.lang.Object, java.lang.Object, java.lang.Object, java.lang.Object, java.lang.Object, java.lang.Object, java.lang.Object, java.lang.Object, java.lang.Object, java.lang.Object, java.lang.Object, java.lang.Object, java.lang.Object, java.lang.Object, java.lang.Object, java.lang.O
Event: 3.908 Thread 0x0000017075c40700 Exception <a 'java/lang/NoSuchMethodError'{0x00000000eeebbc30}: 'java.lang.Object java.lang.invoke.Invokers$Holder.invoker(java.lang.Object, java.lang.Object, java.lang.Object, java.lang.Object, java.lang.Object, java.lang.Object, java.lang.Object, java.lang.Object, java.lang.Object, java.lang.Object, java.lang.Object, java.lang.Object, java.lang.Object, java.lang.Object, java.lang.Object, java.lang.Object, java.lang.Object, java.lang.Object, java.lang.Object, java.lang.Object, java.lang.Object)'> (0x00000
Event: 3.909 Thread 0x0000017075c40700 Exception <a 'java/lang/NoSuchMethodError'{0x00000000eeec2210}: 'java.lang.Object java.lang.invoke.DelegatingMethodHandle$Holder.delegate(java.lang.Object, java.lang.Object, java.lang.Object, java.lang.Object, java.lang.Object, java.lang.Object, java.lang.Object, java.lang.Object, java.lang.Object, java.lang.Object, java.lang.Object, java.lang.Object, java.lang.Object, java.lang.Object, java.lang.Object, java.lang.Object, java.lang.Object, java.lang.Object, java.lang.Object, java.lang.Object, java.lang.Obj
Event: 3.914 Thread 0x0000017075c40700 Exception <a 'java/lang/NoSuchMethodError'{0x00000000eed68970}: 'java.lang.Object java.lang.invoke.DirectMethodHandle$Holder.invokeStatic(java.lang.Object, java.lang.Object, java.lang.Object, java.lang.Object, java.lang.Object, java.lang.Object, java.lang.Object, java.lang.Object, java.lang.Object, java.lang.Object, java.lang.Object, java.lang.Object, java.lang.Object, java.lang.Object, java.lang.Object, java.lang.Object, java.lang.Object, java.lang.Object, java.lang.Object, java.lang.Object, java.lang.Obj
Event: 3.951 Thread 0x0000017075c40700 Exception <a 'java/lang/IncompatibleClassChangeError'{0x00000000eeb7f510}: Found class java.lang.Object, but interface was expected> (0x00000000eeb7f510) 
thrown [s\open\src\hotspot\share\interpreter\linkResolver.cpp, line 826]
Event: 3.971 Thread 0x0000017075c40700 Exception <a 'java/lang/IncompatibleClassChangeError'{0x00000000eeabb858}: Found class java.lang.Object, but interface was expected> (0x00000000eeabb858) 
thrown [s\open\src\hotspot\share\interpreter\linkResolver.cpp, line 826]
Event: 3.989 Thread 0x0000017075c40700 Exception <a 'java/lang/NoSuchMethodError'{0x00000000ee884b88}: 'int java.lang.invoke.DirectMethodHandle$Holder.invokeStaticInit(java.lang.Object, java.lang.Object, java.lang.Object, java.lang.Object, java.lang.Object)'> (0x00000000ee884b88) 
thrown [s\open\src\hotspot\share\interpreter\linkResolver.cpp, line 759]
Event: 4.090 Thread 0x0000017075c40700 Exception <a 'java/lang/NoSuchMethodError'{0x00000000ed8524e0}: 'void java.lang.invoke.DirectMethodHandle$Holder.invokeInterface(java.lang.Object, java.lang.Object)'> (0x00000000ed8524e0) 
thrown [s\open\src\hotspot\share\interpreter\linkResolver.cpp, line 759]
Event: 4.128 Thread 0x0000017075c40700 Exception <a 'java/lang/NoSuchMethodError'{0x00000000ed5cf3c0}: 'java.lang.Object java.lang.invoke.DirectMethodHandle$Holder.newInvokeSpecial(java.lang.Object, int, java.lang.Object)'> (0x00000000ed5cf3c0) 
thrown [s\open\src\hotspot\share\interpreter\linkResolver.cpp, line 759]

VM Operations (20 events):
Event: 3.376 Executing VM operation: HandshakeAllThreads
Event: 3.376 Executing VM operation: HandshakeAllThreads done
Event: 3.480 Executing VM operation: HandshakeAllThreads
Event: 3.481 Executing VM operation: HandshakeAllThreads done
Event: 3.518 Executing VM operation: ICBufferFull
Event: 3.518 Executing VM operation: ICBufferFull done
Event: 3.609 Executing VM operation: HandshakeAllThreads
Event: 3.609 Executing VM operation: HandshakeAllThreads done
Event: 3.610 Executing VM operation: HandshakeAllThreads
Event: 3.610 Executing VM operation: HandshakeAllThreads done
Event: 3.701 Executing VM operation: CollectForMetadataAllocation
Event: 3.710 Executing VM operation: CollectForMetadataAllocation done
Event: 3.716 Executing VM operation: G1Concurrent
Event: 3.718 Executing VM operation: G1Concurrent done
Event: 3.719 Executing VM operation: G1Concurrent
Event: 3.719 Executing VM operation: G1Concurrent done
Event: 3.952 Executing VM operation: HandshakeAllThreads
Event: 3.952 Executing VM operation: HandshakeAllThreads done
Event: 3.955 Executing VM operation: ICBufferFull
Event: 3.955 Executing VM operation: ICBufferFull done

Events (20 events):
Event: 4.109 loading class java/io/DeleteOnExitHook$1
Event: 4.109 loading class java/io/DeleteOnExitHook$1 done
Event: 4.144 loading class javax/net/ssl/HostnameVerifier
Event: 4.144 loading class javax/net/ssl/HostnameVerifier done
Event: 4.145 loading class javax/net/ssl/TrustManager
Event: 4.146 loading class javax/net/ssl/TrustManager done
Event: 4.146 loading class javax/net/ssl/X509TrustManager
Event: 4.146 loading class javax/net/ssl/X509TrustManager done
Event: 4.148 loading class javax/net/ssl/SSLException
Event: 4.148 loading class javax/net/ssl/SSLException done
Event: 4.148 loading class javax/net/ssl/SSLPeerUnverifiedException
Event: 4.148 loading class javax/net/ssl/SSLPeerUnverifiedException done
Event: 4.148 loading class java/security/cert/CertificateParsingException
Event: 4.148 loading class java/security/cert/CertificateException
Event: 4.148 loading class java/security/cert/CertificateException done
Event: 4.148 loading class java/security/cert/CertificateParsingException done
Event: 4.148 loading class javax/naming/NamingException
Event: 4.148 loading class javax/naming/NamingException done
Event: 4.148 loading class javax/naming/InvalidNameException
Event: 4.148 loading class javax/naming/InvalidNameException done


Dynamic libraries:
0x00007ff7fc8e0000 - 0x00007ff7fc8f0000 	C:\Program Files\Java\jdk-17\bin\java.exe
0x00007ffc34e10000 - 0x00007ffc35027000 	C:\WINDOWS\SYSTEM32\ntdll.dll
0x00007ffc33f70000 - 0x00007ffc34034000 	C:\WINDOWS\System32\KERNEL32.DLL
0x00007ffc325a0000 - 0x00007ffc32946000 	C:\WINDOWS\System32\KERNELBASE.dll
0x00007ffc32180000 - 0x00007ffc32291000 	C:\WINDOWS\System32\ucrtbase.dll
0x00007ffc10000000 - 0x00007ffc10019000 	C:\Program Files\Java\jdk-17\bin\jli.dll
0x00007ffc0ffe0000 - 0x00007ffc0fffb000 	C:\Program Files\Java\jdk-17\bin\VCRUNTIME140.dll
0x00007ffc338e0000 - 0x00007ffc33991000 	C:\WINDOWS\System32\ADVAPI32.dll
0x00007ffc34040000 - 0x00007ffc340e7000 	C:\WINDOWS\System32\msvcrt.dll
0x00007ffc34130000 - 0x00007ffc341d5000 	C:\WINDOWS\System32\sechost.dll
0x00007ffc34cb0000 - 0x00007ffc34dc7000 	C:\WINDOWS\System32\RPCRT4.dll
0x00007ffc32b60000 - 0x00007ffc32d0e000 	C:\WINDOWS\System32\USER32.dll
0x00007ffc32a70000 - 0x00007ffc32a96000 	C:\WINDOWS\System32\win32u.dll
0x00007ffc32d80000 - 0x00007ffc32da9000 	C:\WINDOWS\System32\GDI32.dll
0x00007ffc1f380000 - 0x00007ffc1f613000 	C:\WINDOWS\WinSxS\amd64_microsoft.windows.common-controls_6595b64144ccf1df_6.0.22621.2506_none_270c5ae97388e100\COMCTL32.dll
0x00007ffc32950000 - 0x00007ffc32a68000 	C:\WINDOWS\System32\gdi32full.dll
0x00007ffc32310000 - 0x00007ffc323aa000 	C:\WINDOWS\System32\msvcp_win.dll
0x00007ffc2cb20000 - 0x00007ffc2cb2a000 	C:\WINDOWS\SYSTEM32\VERSION.dll
0x00007ffc340f0000 - 0x00007ffc34121000 	C:\WINDOWS\System32\IMM32.DLL
0x00007ffc2d620000 - 0x00007ffc2d62c000 	C:\Program Files\Java\jdk-17\bin\vcruntime140_1.dll
0x00007ffbb96f0000 - 0x00007ffbb977e000 	C:\Program Files\Java\jdk-17\bin\msvcp140.dll
0x00007ffb8e940000 - 0x00007ffb8f51d000 	C:\Program Files\Java\jdk-17\bin\server\jvm.dll
0x00007ffc33700000 - 0x00007ffc33708000 	C:\WINDOWS\System32\PSAPI.DLL
0x00007ffc22780000 - 0x00007ffc22789000 	C:\WINDOWS\SYSTEM32\WSOCK32.dll
0x00007ffc246c0000 - 0x00007ffc246f4000 	C:\WINDOWS\SYSTEM32\WINMM.dll
0x00007ffc33e20000 - 0x00007ffc33e91000 	C:\WINDOWS\System32\WS2_32.dll
0x00007ffc31180000 - 0x00007ffc31198000 	C:\WINDOWS\SYSTEM32\kernel.appcore.dll
0x00007ffc2c8f0000 - 0x00007ffc2c8fa000 	C:\Program Files\Java\jdk-17\bin\jimage.dll
0x00007ffc2c0f0000 - 0x00007ffc2c323000 	C:\WINDOWS\SYSTEM32\DBGHELP.DLL
0x00007ffc341e0000 - 0x00007ffc34569000 	C:\WINDOWS\System32\combase.dll
0x00007ffc34960000 - 0x00007ffc34a37000 	C:\WINDOWS\System32\OLEAUT32.dll
0x00007ffc2bd50000 - 0x00007ffc2bd82000 	C:\WINDOWS\SYSTEM32\dbgcore.DLL
0x00007ffc32520000 - 0x00007ffc3259a000 	C:\WINDOWS\System32\bcryptPrimitives.dll
0x00007ffc06160000 - 0x00007ffc06185000 	C:\Program Files\Java\jdk-17\bin\java.dll
0x00007ffbb9610000 - 0x00007ffbb96e7000 	C:\Program Files\Java\jdk-17\bin\jsvml.dll
0x00007ffc32e10000 - 0x00007ffc3366a000 	C:\WINDOWS\System32\SHELL32.dll
0x00007ffc300a0000 - 0x00007ffc30996000 	C:\WINDOWS\SYSTEM32\windows.storage.dll
0x00007ffc2ff60000 - 0x00007ffc3009e000 	C:\WINDOWS\SYSTEM32\wintypes.dll
0x00007ffc34570000 - 0x00007ffc34663000 	C:\WINDOWS\System32\SHCORE.dll
0x00007ffc32db0000 - 0x00007ffc32e0e000 	C:\WINDOWS\System32\shlwapi.dll
0x00007ffc320b0000 - 0x00007ffc320d6000 	C:\WINDOWS\SYSTEM32\profapi.dll
0x00007ffc05cd0000 - 0x00007ffc05ce9000 	C:\Program Files\Java\jdk-17\bin\net.dll
0x00007ffc2cdb0000 - 0x00007ffc2cee7000 	C:\WINDOWS\SYSTEM32\WINHTTP.dll
0x00007ffc31600000 - 0x00007ffc31669000 	C:\WINDOWS\system32\mswsock.dll
0x00007ffc05cb0000 - 0x00007ffc05cc6000 	C:\Program Files\Java\jdk-17\bin\nio.dll
0x00007ffc019c0000 - 0x00007ffc019d8000 	C:\Program Files\Java\jdk-17\bin\zip.dll
0x00007ffc2bb00000 - 0x00007ffc2bb10000 	C:\Program Files\Java\jdk-17\bin\verify.dll
0x00007ffbb2270000 - 0x00007ffbb2297000 	C:\Users\kazum\.gradle\native\e1d6ef7f7dcc3fd88c89a11ec53ec762bb8ba0a96d01ffa2cd45eb1d1d8dd5c5\windows-amd64\native-platform.dll
0x00007ffbb9180000 - 0x00007ffbb92c4000 	C:\Users\kazum\.gradle\native\5664cfc778a61ccfe75a443a1ab52a65af34e5dc3c78e0209fed803814484fcb\windows-amd64\native-platform-file-events.dll
0x00007ffc073a0000 - 0x00007ffc073aa000 	C:\Program Files\Java\jdk-17\bin\management.dll
0x00007ffc05d40000 - 0x00007ffc05d4b000 	C:\Program Files\Java\jdk-17\bin\management_ext.dll
0x00007ffc31850000 - 0x00007ffc3186b000 	C:\WINDOWS\SYSTEM32\CRYPTSP.dll
0x00007ffc310e0000 - 0x00007ffc31115000 	C:\WINDOWS\system32\rsaenh.dll
0x00007ffc316f0000 - 0x00007ffc3171c000 	C:\WINDOWS\SYSTEM32\USERENV.dll
0x00007ffc31a20000 - 0x00007ffc31a48000 	C:\WINDOWS\SYSTEM32\bcrypt.dll
0x00007ffc31870000 - 0x00007ffc3187c000 	C:\WINDOWS\SYSTEM32\CRYPTBASE.dll
0x00007ffc30c40000 - 0x00007ffc30c6d000 	C:\WINDOWS\SYSTEM32\IPHLPAPI.DLL
0x00007ffc338d0000 - 0x00007ffc338d9000 	C:\WINDOWS\System32\NSI.dll
0x00007ffc2cc60000 - 0x00007ffc2cc79000 	C:\WINDOWS\SYSTEM32\dhcpcsvc6.DLL
0x00007ffc2cc40000 - 0x00007ffc2cc5f000 	C:\WINDOWS\SYSTEM32\dhcpcsvc.DLL
0x00007ffc30c70000 - 0x00007ffc30d69000 	C:\WINDOWS\SYSTEM32\DNSAPI.dll
0x00007ffc019b0000 - 0x00007ffc019bd000 	C:\Program Files\Java\jdk-17\bin\sunmscapi.dll
0x00007ffc323b0000 - 0x00007ffc32516000 	C:\WINDOWS\System32\CRYPT32.dll
0x00007ffc319f0000 - 0x00007ffc31a1d000 	C:\WINDOWS\SYSTEM32\ncrypt.dll
0x00007ffc319b0000 - 0x00007ffc319e7000 	C:\WINDOWS\SYSTEM32\NTASN1.dll
0x00007ffc170f0000 - 0x00007ffc170f8000 	C:\WINDOWS\system32\wshunix.dll

dbghelp: loaded successfully - version: 4.0.5 - missing functions: none
symbol engine: initialized successfully - sym options: 0x614 - pdb path: .;C:\Program Files\Java\jdk-17\bin;C:\WINDOWS\SYSTEM32;C:\WINDOWS\WinSxS\amd64_microsoft.windows.common-controls_6595b64144ccf1df_6.0.22621.2506_none_270c5ae97388e100;C:\Program Files\Java\jdk-17\bin\server;C:\Users\kazum\.gradle\native\e1d6ef7f7dcc3fd88c89a11ec53ec762bb8ba0a96d01ffa2cd45eb1d1d8dd5c5\windows-amd64;C:\Users\kazum\.gradle\native\5664cfc778a61ccfe75a443a1ab52a65af34e5dc3c78e0209fed803814484fcb\windows-amd64

VM Arguments:
jvm_args: --add-opens=java.base/java.util=ALL-UNNAMED --add-opens=java.base/java.lang=ALL-UNNAMED --add-opens=java.base/java.lang.invoke=ALL-UNNAMED --add-opens=java.base/java.util=ALL-UNNAMED --add-opens=java.prefs/java.util.prefs=ALL-UNNAMED --add-opens=java.prefs/java.util.prefs=ALL-UNNAMED --add-opens=java.base/java.nio.charset=ALL-UNNAMED --add-opens=java.base/java.net=ALL-UNNAMED --add-opens=java.base/java.util.concurrent.atomic=ALL-UNNAMED -XX:MaxMetaspaceSize=256m -XX:+HeapDumpOnOutOfMemoryError -Xms256m -Xmx512m -Dfile.encoding=windows-31j -Duser.country=JP -Duser.language=ja -Duser.variant 
java_command: org.gradle.launcher.daemon.bootstrap.GradleDaemon 7.3.3
java_class_path (initial): C:\Users\kazum\.gradle\wrapper\dists\gradle-7.3.3-bin\6a41zxkdtcxs8rphpq6y0069z\gradle-7.3.3\lib\gradle-launcher-7.3.3.jar
Launcher Type: SUN_STANDARD

[Global flags]
     intx CICompilerCount                          = 4                                         {product} {ergonomic}
   size_t CompressedClassSpaceSize                 = 218103808                                 {product} {ergonomic}
     uint ConcGCThreads                            = 3                                         {product} {ergonomic}
     uint G1ConcRefinementThreads                  = 10                                        {product} {ergonomic}
   size_t G1HeapRegionSize                         = 1048576                                   {product} {ergonomic}
    uintx GCDrainStackTargetSize                   = 64                                        {product} {ergonomic}
     bool HeapDumpOnOutOfMemoryError               = true                                   {manageable} {command line}
   size_t InitialHeapSize                          = 268435456                                 {product} {command line}
   size_t MarkStackSize                            = 4194304                                   {product} {ergonomic}
   size_t MaxHeapSize                              = 536870912                                 {product} {command line}
   size_t MaxMetaspaceSize                         = 268435456                                 {product} {command line}
   size_t MaxNewSize                               = 321912832                                 {product} {ergonomic}
   size_t MinHeapDeltaBytes                        = 1048576                                   {product} {ergonomic}
   size_t MinHeapSize                              = 268435456                                 {product} {command line}
    uintx NonNMethodCodeHeapSize                   = 5839372                                {pd product} {ergonomic}
    uintx NonProfiledCodeHeapSize                  = 122909434                              {pd product} {ergonomic}
    uintx ProfiledCodeHeapSize                     = 122909434                              {pd product} {ergonomic}
    uintx ReservedCodeCacheSize                    = 251658240                              {pd product} {ergonomic}
     bool SegmentedCodeCache                       = true                                      {product} {ergonomic}
   size_t SoftMaxHeapSize                          = 536870912                              {manageable} {ergonomic}
     bool UseCompressedClassPointers               = true                           {product lp64_product} {ergonomic}
     bool UseCompressedOops                        = true                           {product lp64_product} {ergonomic}
     bool UseG1GC                                  = true                                      {product} {ergonomic}
     bool UseLargePagesIndividualAllocation        = false                                  {pd product} {ergonomic}

Logging:
Log output configuration:
 #0: stdout all=warning uptime,level,tags
 #1: stderr all=off uptime,level,tags

Environment Variables:
PATH=C:\Program Files\Common Files\Oracle\Java\javapath;C:\Program Files (x86)\Windows Resource Kits\Tools\;C:\Program Files (x86)\Common Files\Oracle\Java\javapath;C:\Windows\system32;C:\Windows;C:\Windows\System32\Wbem;C:\Windows\System32\WindowsPowerShell\v1.0\;C:\Windows\System32\OpenSSH\;C:\WINDOWS\system32;C:\WINDOWS;C:\WINDOWS\System32\Wbem;C:\WINDOWS\System32\WindowsPowerShell\v1.0\;C:\WINDOWS\System32\OpenSSH\;C:\Program Files\dotnet\;C:\Program Files\Microsoft SQL Server\130\Tools\Binn\;C:\Program Files (x86)\NVIDIA Corporation\PhysX\Common;C:\Program Files\NVIDIA Corporation\NVIDIA NvDLISR;C:\Program Files\Microsoft SQL Server\150\Tools\Binn\;C:\platform-tools;C:\WINDOWS\system32;C:\WINDOWS;C:\WINDOWS\System32\Wbem;C:\WINDOWS\System32\WindowsPowerShell\v1.0\;C:\WINDOWS\System32\OpenSSH\;C:\Program Files\Git\cmd;C:\Users\kazum\AppData\Local\Microsoft\WindowsApps;C:\Users\kazum\.dotnet\tools;C:\Program Files\JetBrains\IntelliJ IDEA Community Edition 2020.3.2\bin;C:\Program Files\heroku\bin;C:\Users\kazum\AppData\Local\Microsoft\WindowsApps;D:\AvP[V\Microsoft VS Code\bin
USERNAME=kazum
OS=Windows_NT
PROCESSOR_IDENTIFIER=Intel64 Family 6 Model 158 Stepping 10, GenuineIntel



---------------  S Y S T E M  ---------------

OS:
 Windows 11 , 64 bit Build 22621 (10.0.22621.2506)
OS uptime: 4 days 0:48 hours

CPU: total 12 (initial active 12) (6 cores per cpu, 2 threads per core) family 6 model 158 stepping 10 microcode 0xde, cx8, cmov, fxsr, ht, mmx, 3dnowpref, sse, sse2, sse3, ssse3, sse4.1, sse4.2, popcnt, lzcnt, tsc, tscinvbit, avx, avx2, aes, erms, clmul, bmi1, bmi2, rtm, adx, fma, vzeroupper, clflush, clflushopt

Memory: 4k page, system-wide physical 16303M (3509M free)
TotalPageFile size 26303M (AvailPageFile size 5M)
current process WorkingSet (physical memory assigned to process): 330M, peak: 330M
current process commit charge ("private bytes"): 488M, peak: 490M

vm_info: Java HotSpot(TM) 64-Bit Server VM (17.0.7+8-LTS-224) for windows-amd64 JRE (17.0.7+8-LTS-224), built on Feb 28 2023 23:03:02 by "mach5one" with MS VC++ 17.1 (VS2022)

END.
