#
# There is insufficient memory for the Java Runtime Environment to continue.
# Native memory allocation (malloc) failed to allocate 1914016 bytes for Chunk::new
# Possible reasons:
#   The system is out of physical RAM or swap space
#   The process is running with CompressedOops enabled, and the Java Heap may be blocking the growth of the native heap
# Possible solutions:
#   Reduce memory load on the system
#   Increase physical memory or swap space
#   Check if swap backing store is full
#   Decrease Java heap size (-Xmx/-Xms)
#   Decrease number of Java threads
#   Decrease Java thread stack sizes (-Xss)
#   Set larger code cache with -XX:ReservedCodeCacheSize=
#   JVM is running with Unscaled Compressed Oops mode in which the Java heap is
#     placed in the first 4GB address space. The Java Heap base address is the
#     maximum limit for the native heap growth. Please use -XX:HeapBaseMinAddress
#     to set the Java Heap base and to place the Java Heap above 4GB virtual address.
# This output file may be truncated or incomplete.
#
#  Out of Memory Error (arena.cpp:189), pid=7056, tid=17572
#
# JRE version: Java(TM) SE Runtime Environment (17.0.7+8) (build 17.0.7+8-LTS-224)
# Java VM: Java HotSpot(TM) 64-Bit Server VM (17.0.7+8-LTS-224, mixed mode, sharing, tiered, compressed oops, compressed class ptrs, g1 gc, windows-amd64)
# No core dump will be written. Minidumps are not enabled by default on client versions of Windows
#

---------------  S U M M A R Y ------------

Command Line: --add-opens=java.base/java.util=ALL-UNNAMED --add-opens=java.base/java.lang=ALL-UNNAMED --add-opens=java.base/java.lang.invoke=ALL-UNNAMED --add-opens=java.base/java.util=ALL-UNNAMED --add-opens=java.prefs/java.util.prefs=ALL-UNNAMED --add-opens=java.prefs/java.util.prefs=ALL-UNNAMED --add-opens=java.base/java.nio.charset=ALL-UNNAMED --add-opens=java.base/java.net=ALL-UNNAMED --add-opens=java.base/java.util.concurrent.atomic=ALL-UNNAMED -XX:MaxMetaspaceSize=256m -XX:+HeapDumpOnOutOfMemoryError -Xms256m -Xmx512m -Dfile.encoding=windows-31j -Duser.country=JP -Duser.language=ja -Duser.variant org.gradle.launcher.daemon.bootstrap.GradleDaemon 7.3.3

Host: Intel(R) Core(TM) i7-8700 CPU @ 3.20GHz, 12 cores, 15G,  Windows 11 , 64 bit Build 22621 (10.0.22621.2506)
Time: Sun Dec 31 00:47:01 2023  Windows 11 , 64 bit Build 22621 (10.0.22621.2506) elapsed time: 3.374538 seconds (0d 0h 0m 3s)

---------------  T H R E A D  ---------------

Current thread (0x000001b7b9baff30):  JavaThread "C2 CompilerThread2" daemon [_thread_in_native, id=17572, stack(0x00000081a3900000,0x00000081a3a00000)]


Current CompileTask:
C2:   3374 3609       4       org.objectweb.asm.Frame::execute (2318 bytes)

Stack: [0x00000081a3900000,0x00000081a3a00000]
Native frames: (J=compiled Java code, j=interpreted, Vv=VM code, C=native code)
V  [jvm.dll+0x676a4a]
V  [jvm.dll+0x7d74f4]
V  [jvm.dll+0x7d8c9e]
V  [jvm.dll+0x7d9303]
V  [jvm.dll+0x2452c5]
V  [jvm.dll+0xaaa2b]
V  [jvm.dll+0xaafcc]
V  [jvm.dll+0x36141e]
V  [jvm.dll+0x32bba1]
V  [jvm.dll+0x32b03a]
V  [jvm.dll+0x217acf]
V  [jvm.dll+0x216f01]
V  [jvm.dll+0x1a35e0]
V  [jvm.dll+0x226a6e]
V  [jvm.dll+0x224e15]
V  [jvm.dll+0x78d05c]
V  [jvm.dll+0x78759a]
V  [jvm.dll+0x675875]
C  [ucrtbase.dll+0x29363]
C  [KERNEL32.DLL+0x1257d]
C  [ntdll.dll+0x5aa58]


---------------  P R O C E S S  ---------------

Threads class SMR info:
_java_thread_list=0x000001b7bf48b960, length=43, elements={
0x000001b79e20b3b0, 0x000001b7b8f12670, 0x000001b7b8f13af0, 0x000001b7b8f25e50,
0x000001b7b8f26a00, 0x000001b7b8f293c0, 0x000001b7b8f2a180, 0x000001b7b8f4af20,
0x000001b7b8f4b9c0, 0x000001b7b8f5f930, 0x000001b7b99b7b20, 0x000001b7b99bac30,
0x000001b7b9a2f740, 0x000001b7b9baff30, 0x000001b7bbc8e010, 0x000001b7bb173540,
0x000001b7bb85bc90, 0x000001b7bb99f3f0, 0x000001b7bb99f8c0, 0x000001b7baee06d0,
0x000001b7baae4d60, 0x000001b7bbae7ad0, 0x000001b7bc437a40, 0x000001b7bc436230,
0x000001b7bc4383e0, 0x000001b7bc436bd0, 0x000001b7bc437570, 0x000001b7bc435890,
0x000001b7bc437f10, 0x000001b7bc4370a0, 0x000001b7bc4388b0, 0x000001b7bc434ef0,
0x000001b7bc435d60, 0x000001b7beea5940, 0x000001b7beea5e10, 0x000001b7beea62e0,
0x000001b7beea7620, 0x000001b7beea5470, 0x000001b7bbe2de90, 0x000001b7bbe2d9c0,
0x000001b7bbe2ed00, 0x000001b7bbe2a9a0, 0x000001b7bbe2c1b0
}

Java Threads: ( => current thread )
  0x000001b79e20b3b0 JavaThread "main" [_thread_blocked, id=19020, stack(0x00000081a2500000,0x00000081a2600000)]
  0x000001b7b8f12670 JavaThread "Reference Handler" daemon [_thread_blocked, id=17244, stack(0x00000081a2c00000,0x00000081a2d00000)]
  0x000001b7b8f13af0 JavaThread "Finalizer" daemon [_thread_blocked, id=13556, stack(0x00000081a2d00000,0x00000081a2e00000)]
  0x000001b7b8f25e50 JavaThread "Signal Dispatcher" daemon [_thread_blocked, id=12592, stack(0x00000081a2e00000,0x00000081a2f00000)]
  0x000001b7b8f26a00 JavaThread "Attach Listener" daemon [_thread_blocked, id=16440, stack(0x00000081a2f00000,0x00000081a3000000)]
  0x000001b7b8f293c0 JavaThread "Service Thread" daemon [_thread_blocked, id=19228, stack(0x00000081a3000000,0x00000081a3100000)]
  0x000001b7b8f2a180 JavaThread "Monitor Deflation Thread" daemon [_thread_blocked, id=15192, stack(0x00000081a3100000,0x00000081a3200000)]
  0x000001b7b8f4af20 JavaThread "C2 CompilerThread0" daemon [_thread_in_native, id=17868, stack(0x00000081a3200000,0x00000081a3300000)]
  0x000001b7b8f4b9c0 JavaThread "C1 CompilerThread0" daemon [_thread_blocked, id=5540, stack(0x00000081a3300000,0x00000081a3400000)]
  0x000001b7b8f5f930 JavaThread "Sweeper thread" daemon [_thread_blocked, id=18780, stack(0x00000081a3400000,0x00000081a3500000)]
  0x000001b7b99b7b20 JavaThread "Common-Cleaner" daemon [_thread_blocked, id=17912, stack(0x00000081a3500000,0x00000081a3600000)]
  0x000001b7b99bac30 JavaThread "Notification Thread" daemon [_thread_blocked, id=14408, stack(0x00000081a3600000,0x00000081a3700000)]
  0x000001b7b9a2f740 JavaThread "C2 CompilerThread1" daemon [_thread_in_native, id=9896, stack(0x00000081a3800000,0x00000081a3900000)]
=>0x000001b7b9baff30 JavaThread "C2 CompilerThread2" daemon [_thread_in_native, id=17572, stack(0x00000081a3900000,0x00000081a3a00000)]
  0x000001b7bbc8e010 JavaThread "Daemon health stats" [_thread_blocked, id=3936, stack(0x00000081a3f00000,0x00000081a4000000)]
  0x000001b7bb173540 JavaThread "Incoming local TCP Connector on port 62332" [_thread_in_native, id=16676, stack(0x00000081a4000000,0x00000081a4100000)]
  0x000001b7bb85bc90 JavaThread "Daemon periodic checks" [_thread_blocked, id=14756, stack(0x00000081a4100000,0x00000081a4200000)]
  0x000001b7bb99f3f0 JavaThread "Daemon" [_thread_blocked, id=3564, stack(0x00000081a4200000,0x00000081a4300000)]
  0x000001b7bb99f8c0 JavaThread "Handler for socket connection from /127.0.0.1:62332 to /127.0.0.1:62333" [_thread_in_native, id=17284, stack(0x00000081a4300000,0x00000081a4400000)]
  0x000001b7baee06d0 JavaThread "Cancel handler" [_thread_blocked, id=19100, stack(0x00000081a4400000,0x00000081a4500000)]
  0x000001b7baae4d60 JavaThread "Daemon worker" [_thread_in_Java, id=14452, stack(0x00000081a4500000,0x00000081a4600000)]
  0x000001b7bbae7ad0 JavaThread "Asynchronous log dispatcher for DefaultDaemonConnection: socket connection from /127.0.0.1:62332 to /127.0.0.1:62333" [_thread_blocked, id=14140, stack(0x00000081a4600000,0x00000081a4700000)]
  0x000001b7bc437a40 JavaThread "Stdin handler" [_thread_blocked, id=19992, stack(0x00000081a4700000,0x00000081a4800000)]
  0x000001b7bc436230 JavaThread "Daemon client event forwarder" [_thread_blocked, id=4848, stack(0x00000081a4800000,0x00000081a4900000)]
  0x000001b7bc4383e0 JavaThread "Cache worker for journal cache (C:\Users\kazum\.gradle\caches\journal-1)" [_thread_blocked, id=9308, stack(0x00000081a4900000,0x00000081a4a00000)]
  0x000001b7bc436bd0 JavaThread "File lock request listener" [_thread_in_native, id=17696, stack(0x00000081a4a00000,0x00000081a4b00000)]
  0x000001b7bc437570 JavaThread "Cache worker for file hash cache (C:\Users\kazum\.gradle\caches\7.3.3\fileHashes)" [_thread_blocked, id=3404, stack(0x00000081a4b00000,0x00000081a4c00000)]
  0x000001b7bc435890 JavaThread "Cache worker for file hash cache (D:\plugin\aoringoServer\.gradle\7.3.3\fileHashes)" [_thread_blocked, id=15552, stack(0x00000081a4c00000,0x00000081a4d00000)]
  0x000001b7bc437f10 JavaThread "File watcher server" daemon [_thread_in_native, id=15324, stack(0x00000081a4d00000,0x00000081a4e00000)]
  0x000001b7bc4370a0 JavaThread "File watcher consumer" daemon [_thread_blocked, id=3004, stack(0x00000081a4e00000,0x00000081a4f00000)]
  0x000001b7bc4388b0 JavaThread "Cache worker for checksums cache (D:\plugin\aoringoServer\.gradle\7.3.3\checksums)" [_thread_blocked, id=7980, stack(0x00000081a4f00000,0x00000081a5000000)]
  0x000001b7bc434ef0 JavaThread "Cache worker for cache directory md-supplier (C:\Users\kazum\.gradle\caches\7.3.3\md-supplier)" [_thread_blocked, id=16996, stack(0x00000081a5000000,0x00000081a5100000)]
  0x000001b7bc435d60 JavaThread "Cache worker for cache directory md-rule (C:\Users\kazum\.gradle\caches\7.3.3\md-rule)" [_thread_blocked, id=15888, stack(0x00000081a5100000,0x00000081a5200000)]
  0x000001b7beea5940 JavaThread "Cache worker for execution history cache (C:\Users\kazum\.gradle\caches\7.3.3\executionHistory)" [_thread_blocked, id=2804, stack(0x00000081a5200000,0x00000081a5300000)]
  0x000001b7beea5e10 JavaThread "jar transforms" [_thread_blocked, id=15892, stack(0x00000081a5900000,0x00000081a5a00000)]
  0x000001b7beea62e0 JavaThread "jar transforms Thread 2" [_thread_blocked, id=1176, stack(0x00000081a5a00000,0x00000081a5b00000)]
  0x000001b7beea7620 JavaThread "Cache worker for file content cache (C:\Users\kazum\.gradle\caches\7.3.3\fileContent)" [_thread_blocked, id=14384, stack(0x00000081a5b00000,0x00000081a5c00000)]
  0x000001b7beea5470 JavaThread "jar transforms Thread 3" [_thread_blocked, id=11352, stack(0x00000081a5c00000,0x00000081a5d00000)]
  0x000001b7bbe2de90 JavaThread "jar transforms Thread 4" [_thread_blocked, id=5896, stack(0x00000081a5d00000,0x00000081a5e00000)]
  0x000001b7bbe2d9c0 JavaThread "jar transforms Thread 5" [_thread_blocked, id=18216, stack(0x00000081a5e00000,0x00000081a5f00000)]
  0x000001b7bbe2ed00 JavaThread "jar transforms Thread 6" [_thread_blocked, id=6324, stack(0x00000081a5f00000,0x00000081a6000000)]
  0x000001b7bbe2a9a0 JavaThread "Cache worker for dependencies-accessors (D:\plugin\aoringoServer\.gradle\7.3.3\dependencies-accessors)" [_thread_blocked, id=7364, stack(0x00000081a6000000,0x00000081a6100000)]
  0x000001b7bbe2c1b0 JavaThread "Cache worker for Build Output Cleanup Cache (D:\plugin\aoringoServer\buildSrc\.gradle\buildOutputCleanup)" [_thread_blocked, id=3220, stack(0x00000081a6100000,0x00000081a6200000)]

Other Threads:
  0x000001b7b8f03640 VMThread "VM Thread" [stack: 0x00000081a2b00000,0x00000081a2c00000] [id=7656]
  0x000001b79e247980 WatcherThread [stack: 0x00000081a3700000,0x00000081a3800000] [id=11532]
  0x000001b79e23a590 GCTaskThread "GC Thread#0" [stack: 0x00000081a2600000,0x00000081a2700000] [id=20032]
  0x000001b7ba24ee60 GCTaskThread "GC Thread#1" [stack: 0x00000081a3a00000,0x00000081a3b00000] [id=17104]
  0x000001b7ba24f110 GCTaskThread "GC Thread#2" [stack: 0x00000081a3b00000,0x00000081a3c00000] [id=18908]
  0x000001b7ba24f920 GCTaskThread "GC Thread#3" [stack: 0x00000081a3c00000,0x00000081a3d00000] [id=19184]
  0x000001b7ba24e0f0 GCTaskThread "GC Thread#4" [stack: 0x00000081a3d00000,0x00000081a3e00000] [id=10880]
  0x000001b7ba24e650 GCTaskThread "GC Thread#5" [stack: 0x00000081a3e00000,0x00000081a3f00000] [id=17568]
  0x000001b7bd3fc520 GCTaskThread "GC Thread#6" [stack: 0x00000081a5300000,0x00000081a5400000] [id=1072]
  0x000001b7bd3fbd10 GCTaskThread "GC Thread#7" [stack: 0x00000081a5400000,0x00000081a5500000] [id=20188]
  0x000001b7bd3fbfc0 GCTaskThread "GC Thread#8" [stack: 0x00000081a5500000,0x00000081a5600000] [id=5996]
  0x000001b7bd3fd290 GCTaskThread "GC Thread#9" [stack: 0x00000081a5600000,0x00000081a5700000] [id=17740]
  0x000001b79e2404e0 ConcurrentGCThread "G1 Main Marker" [stack: 0x00000081a2700000,0x00000081a2800000] [id=14376]
  0x000001b79e240ef0 ConcurrentGCThread "G1 Conc#0" [stack: 0x00000081a2800000,0x00000081a2900000] [id=16556]
  0x000001b7bd3fc270 ConcurrentGCThread "G1 Conc#1" [stack: 0x00000081a5700000,0x00000081a5800000] [id=12260]
  0x000001b7bd3fa790 ConcurrentGCThread "G1 Conc#2" [stack: 0x00000081a5800000,0x00000081a5900000] [id=4024]
  0x000001b7b8dce120 ConcurrentGCThread "G1 Refine#0" [stack: 0x00000081a2900000,0x00000081a2a00000] [id=15856]
  0x000001b7b8dceb40 ConcurrentGCThread "G1 Service" [stack: 0x00000081a2a00000,0x00000081a2b00000] [id=10276]

Threads with active compile tasks:
C2 CompilerThread0     3407 3779       4       java.lang.invoke.MethodType::makeImpl (109 bytes)
C2 CompilerThread1     3407 3651       4       org.gradle.internal.service.DefaultServiceRegistry$OwnServices::getService (309 bytes)
C2 CompilerThread2     3407 3609       4       org.objectweb.asm.Frame::execute (2318 bytes)

VM state: not at safepoint (normal execution)

VM Mutex/Monitor currently owned by a thread: None

Heap address: 0x00000000e0000000, size: 512 MB, Compressed Oops mode: 32-bit

CDS archive(s) mapped at: [0x0000000800000000-0x0000000800bd0000-0x0000000800bd0000), size 12386304, SharedBaseAddress: 0x0000000800000000, ArchiveRelocationMode: 0.
Compressed class space mapped at: 0x0000000800c00000-0x000000080dc00000, reserved size: 218103808
Narrow klass base: 0x0000000800000000, Narrow klass shift: 0, Narrow klass range: 0x100000000

GC Precious Log:
 CPUs: 12 total, 12 available
 Memory: 16303M
 Large Page Support: Disabled
 NUMA Support: Disabled
 Compressed Oops: Enabled (32-bit)
 Heap Region Size: 1M
 Heap Min Capacity: 256M
 Heap Initial Capacity: 256M
 Heap Max Capacity: 512M
 Pre-touch: Disabled
 Parallel Workers: 10
 Concurrent Workers: 3
 Concurrent Refinement Workers: 10
 Periodic GC: Disabled

Heap:
 garbage-first heap   total 262144K, used 111938K [0x00000000e0000000, 0x0000000100000000)
  region size 1024K, 99 young (101376K), 12 survivors (12288K)
 Metaspace       used 33736K, committed 34176K, reserved 245760K
  class space    used 4717K, committed 4928K, reserved 212992K

Heap Regions: E=young(eden), S=young(survivor), O=old, HS=humongous(starts), HC=humongous(continues), CS=collection set, F=free, OA=open archive, CA=closed archive, TAMS=top-at-mark-start (previous, next)
|   0|0x00000000e0000000, 0x00000000e0100000, 0x00000000e0100000|100%|HS|  |TAMS 0x00000000e0000000, 0x00000000e0000000| Complete 
|   1|0x00000000e0100000, 0x00000000e0200000, 0x00000000e0200000|100%| O|  |TAMS 0x00000000e0200000, 0x00000000e0100000| Untracked 
|   2|0x00000000e0200000, 0x00000000e0300000, 0x00000000e0300000|100%| O|  |TAMS 0x00000000e0300000, 0x00000000e0200000| Untracked 
|   3|0x00000000e0300000, 0x00000000e0400000, 0x00000000e0400000|100%|HS|  |TAMS 0x00000000e0400000, 0x00000000e0300000| Complete 
|   4|0x00000000e0400000, 0x00000000e0500000, 0x00000000e0500000|100%|HC|  |TAMS 0x00000000e0500000, 0x00000000e0400000| Complete 
|   5|0x00000000e0500000, 0x00000000e0600000, 0x00000000e0600000|100%|HC|  |TAMS 0x00000000e0600000, 0x00000000e0500000| Complete 
|   6|0x00000000e0600000, 0x00000000e0700000, 0x00000000e0700000|100%| O|  |TAMS 0x00000000e0700000, 0x00000000e0600000| Untracked 
|   7|0x00000000e0700000, 0x00000000e0800000, 0x00000000e0800000|100%| O|  |TAMS 0x00000000e0800000, 0x00000000e0700000| Untracked 
|   8|0x00000000e0800000, 0x00000000e0900000, 0x00000000e0900000|100%| O|  |TAMS 0x00000000e0900000, 0x00000000e0800000| Untracked 
|   9|0x00000000e0900000, 0x00000000e0a00000, 0x00000000e0a00000|100%| O|  |TAMS 0x00000000e0a00000, 0x00000000e0900000| Untracked 
|  10|0x00000000e0a00000, 0x00000000e0a37200, 0x00000000e0b00000| 21%| O|  |TAMS 0x00000000e0a37200, 0x00000000e0a00000| Untracked 
|  11|0x00000000e0b00000, 0x00000000e0c00000, 0x00000000e0c00000|100%|HS|  |TAMS 0x00000000e0b00000, 0x00000000e0b00000| Complete 
|  12|0x00000000e0c00000, 0x00000000e0d00000, 0x00000000e0d00000|100%|HC|  |TAMS 0x00000000e0c00000, 0x00000000e0c00000| Complete 
|  13|0x00000000e0d00000, 0x00000000e0d00000, 0x00000000e0e00000|  0%| F|  |TAMS 0x00000000e0d00000, 0x00000000e0d00000| Untracked 
|  14|0x00000000e0e00000, 0x00000000e0e00000, 0x00000000e0f00000|  0%| F|  |TAMS 0x00000000e0e00000, 0x00000000e0e00000| Untracked 
|  15|0x00000000e0f00000, 0x00000000e0f00000, 0x00000000e1000000|  0%| F|  |TAMS 0x00000000e0f00000, 0x00000000e0f00000| Untracked 
|  16|0x00000000e1000000, 0x00000000e1000000, 0x00000000e1100000|  0%| F|  |TAMS 0x00000000e1000000, 0x00000000e1000000| Untracked 
|  17|0x00000000e1100000, 0x00000000e1100000, 0x00000000e1200000|  0%| F|  |TAMS 0x00000000e1100000, 0x00000000e1100000| Untracked 
|  18|0x00000000e1200000, 0x00000000e1200000, 0x00000000e1300000|  0%| F|  |TAMS 0x00000000e1200000, 0x00000000e1200000| Untracked 
|  19|0x00000000e1300000, 0x00000000e1300000, 0x00000000e1400000|  0%| F|  |TAMS 0x00000000e1300000, 0x00000000e1300000| Untracked 
|  20|0x00000000e1400000, 0x00000000e1400000, 0x00000000e1500000|  0%| F|  |TAMS 0x00000000e1400000, 0x00000000e1400000| Untracked 
|  21|0x00000000e1500000, 0x00000000e1500000, 0x00000000e1600000|  0%| F|  |TAMS 0x00000000e1500000, 0x00000000e1500000| Untracked 
|  22|0x00000000e1600000, 0x00000000e1600000, 0x00000000e1700000|  0%| F|  |TAMS 0x00000000e1600000, 0x00000000e1600000| Untracked 
|  23|0x00000000e1700000, 0x00000000e1700000, 0x00000000e1800000|  0%| F|  |TAMS 0x00000000e1700000, 0x00000000e1700000| Untracked 
|  24|0x00000000e1800000, 0x00000000e1800000, 0x00000000e1900000|  0%| F|  |TAMS 0x00000000e1800000, 0x00000000e1800000| Untracked 
|  25|0x00000000e1900000, 0x00000000e1900000, 0x00000000e1a00000|  0%| F|  |TAMS 0x00000000e1900000, 0x00000000e1900000| Untracked 
|  26|0x00000000e1a00000, 0x00000000e1a00000, 0x00000000e1b00000|  0%| F|  |TAMS 0x00000000e1a00000, 0x00000000e1a00000| Untracked 
|  27|0x00000000e1b00000, 0x00000000e1b00000, 0x00000000e1c00000|  0%| F|  |TAMS 0x00000000e1b00000, 0x00000000e1b00000| Untracked 
|  28|0x00000000e1c00000, 0x00000000e1c00000, 0x00000000e1d00000|  0%| F|  |TAMS 0x00000000e1c00000, 0x00000000e1c00000| Untracked 
|  29|0x00000000e1d00000, 0x00000000e1d00000, 0x00000000e1e00000|  0%| F|  |TAMS 0x00000000e1d00000, 0x00000000e1d00000| Untracked 
|  30|0x00000000e1e00000, 0x00000000e1e00000, 0x00000000e1f00000|  0%| F|  |TAMS 0x00000000e1e00000, 0x00000000e1e00000| Untracked 
|  31|0x00000000e1f00000, 0x00000000e1f00000, 0x00000000e2000000|  0%| F|  |TAMS 0x00000000e1f00000, 0x00000000e1f00000| Untracked 
|  32|0x00000000e2000000, 0x00000000e2000000, 0x00000000e2100000|  0%| F|  |TAMS 0x00000000e2000000, 0x00000000e2000000| Untracked 
|  33|0x00000000e2100000, 0x00000000e2100000, 0x00000000e2200000|  0%| F|  |TAMS 0x00000000e2100000, 0x00000000e2100000| Untracked 
|  34|0x00000000e2200000, 0x00000000e2200000, 0x00000000e2300000|  0%| F|  |TAMS 0x00000000e2200000, 0x00000000e2200000| Untracked 
|  35|0x00000000e2300000, 0x00000000e2300000, 0x00000000e2400000|  0%| F|  |TAMS 0x00000000e2300000, 0x00000000e2300000| Untracked 
|  36|0x00000000e2400000, 0x00000000e2400000, 0x00000000e2500000|  0%| F|  |TAMS 0x00000000e2400000, 0x00000000e2400000| Untracked 
|  37|0x00000000e2500000, 0x00000000e2500000, 0x00000000e2600000|  0%| F|  |TAMS 0x00000000e2500000, 0x00000000e2500000| Untracked 
|  38|0x00000000e2600000, 0x00000000e2600000, 0x00000000e2700000|  0%| F|  |TAMS 0x00000000e2600000, 0x00000000e2600000| Untracked 
|  39|0x00000000e2700000, 0x00000000e2700000, 0x00000000e2800000|  0%| F|  |TAMS 0x00000000e2700000, 0x00000000e2700000| Untracked 
|  40|0x00000000e2800000, 0x00000000e2800000, 0x00000000e2900000|  0%| F|  |TAMS 0x00000000e2800000, 0x00000000e2800000| Untracked 
|  41|0x00000000e2900000, 0x00000000e2900000, 0x00000000e2a00000|  0%| F|  |TAMS 0x00000000e2900000, 0x00000000e2900000| Untracked 
|  42|0x00000000e2a00000, 0x00000000e2a00000, 0x00000000e2b00000|  0%| F|  |TAMS 0x00000000e2a00000, 0x00000000e2a00000| Untracked 
|  43|0x00000000e2b00000, 0x00000000e2b00000, 0x00000000e2c00000|  0%| F|  |TAMS 0x00000000e2b00000, 0x00000000e2b00000| Untracked 
|  44|0x00000000e2c00000, 0x00000000e2c00000, 0x00000000e2d00000|  0%| F|  |TAMS 0x00000000e2c00000, 0x00000000e2c00000| Untracked 
|  45|0x00000000e2d00000, 0x00000000e2d00000, 0x00000000e2e00000|  0%| F|  |TAMS 0x00000000e2d00000, 0x00000000e2d00000| Untracked 
|  46|0x00000000e2e00000, 0x00000000e2e00000, 0x00000000e2f00000|  0%| F|  |TAMS 0x00000000e2e00000, 0x00000000e2e00000| Untracked 
|  47|0x00000000e2f00000, 0x00000000e2f00000, 0x00000000e3000000|  0%| F|  |TAMS 0x00000000e2f00000, 0x00000000e2f00000| Untracked 
|  48|0x00000000e3000000, 0x00000000e3000000, 0x00000000e3100000|  0%| F|  |TAMS 0x00000000e3000000, 0x00000000e3000000| Untracked 
|  49|0x00000000e3100000, 0x00000000e3100000, 0x00000000e3200000|  0%| F|  |TAMS 0x00000000e3100000, 0x00000000e3100000| Untracked 
|  50|0x00000000e3200000, 0x00000000e3200000, 0x00000000e3300000|  0%| F|  |TAMS 0x00000000e3200000, 0x00000000e3200000| Untracked 
|  51|0x00000000e3300000, 0x00000000e3300000, 0x00000000e3400000|  0%| F|  |TAMS 0x00000000e3300000, 0x00000000e3300000| Untracked 
|  52|0x00000000e3400000, 0x00000000e3400000, 0x00000000e3500000|  0%| F|  |TAMS 0x00000000e3400000, 0x00000000e3400000| Untracked 
|  53|0x00000000e3500000, 0x00000000e3500000, 0x00000000e3600000|  0%| F|  |TAMS 0x00000000e3500000, 0x00000000e3500000| Untracked 
|  54|0x00000000e3600000, 0x00000000e3600000, 0x00000000e3700000|  0%| F|  |TAMS 0x00000000e3600000, 0x00000000e3600000| Untracked 
|  55|0x00000000e3700000, 0x00000000e3700000, 0x00000000e3800000|  0%| F|  |TAMS 0x00000000e3700000, 0x00000000e3700000| Untracked 
|  56|0x00000000e3800000, 0x00000000e3800000, 0x00000000e3900000|  0%| F|  |TAMS 0x00000000e3800000, 0x00000000e3800000| Untracked 
|  57|0x00000000e3900000, 0x00000000e3900000, 0x00000000e3a00000|  0%| F|  |TAMS 0x00000000e3900000, 0x00000000e3900000| Untracked 
|  58|0x00000000e3a00000, 0x00000000e3a00000, 0x00000000e3b00000|  0%| F|  |TAMS 0x00000000e3a00000, 0x00000000e3a00000| Untracked 
|  59|0x00000000e3b00000, 0x00000000e3b00000, 0x00000000e3c00000|  0%| F|  |TAMS 0x00000000e3b00000, 0x00000000e3b00000| Untracked 
|  60|0x00000000e3c00000, 0x00000000e3c00000, 0x00000000e3d00000|  0%| F|  |TAMS 0x00000000e3c00000, 0x00000000e3c00000| Untracked 
|  61|0x00000000e3d00000, 0x00000000e3d00000, 0x00000000e3e00000|  0%| F|  |TAMS 0x00000000e3d00000, 0x00000000e3d00000| Untracked 
|  62|0x00000000e3e00000, 0x00000000e3e00000, 0x00000000e3f00000|  0%| F|  |TAMS 0x00000000e3e00000, 0x00000000e3e00000| Untracked 
|  63|0x00000000e3f00000, 0x00000000e3f00000, 0x00000000e4000000|  0%| F|  |TAMS 0x00000000e3f00000, 0x00000000e3f00000| Untracked 
|  64|0x00000000e4000000, 0x00000000e4000000, 0x00000000e4100000|  0%| F|  |TAMS 0x00000000e4000000, 0x00000000e4000000| Untracked 
|  65|0x00000000e4100000, 0x00000000e4100000, 0x00000000e4200000|  0%| F|  |TAMS 0x00000000e4100000, 0x00000000e4100000| Untracked 
|  66|0x00000000e4200000, 0x00000000e4200000, 0x00000000e4300000|  0%| F|  |TAMS 0x00000000e4200000, 0x00000000e4200000| Untracked 
|  67|0x00000000e4300000, 0x00000000e4300000, 0x00000000e4400000|  0%| F|  |TAMS 0x00000000e4300000, 0x00000000e4300000| Untracked 
|  68|0x00000000e4400000, 0x00000000e4400000, 0x00000000e4500000|  0%| F|  |TAMS 0x00000000e4400000, 0x00000000e4400000| Untracked 
|  69|0x00000000e4500000, 0x00000000e4500000, 0x00000000e4600000|  0%| F|  |TAMS 0x00000000e4500000, 0x00000000e4500000| Untracked 
|  70|0x00000000e4600000, 0x00000000e4600000, 0x00000000e4700000|  0%| F|  |TAMS 0x00000000e4600000, 0x00000000e4600000| Untracked 
|  71|0x00000000e4700000, 0x00000000e4700000, 0x00000000e4800000|  0%| F|  |TAMS 0x00000000e4700000, 0x00000000e4700000| Untracked 
|  72|0x00000000e4800000, 0x00000000e4800000, 0x00000000e4900000|  0%| F|  |TAMS 0x00000000e4800000, 0x00000000e4800000| Untracked 
|  73|0x00000000e4900000, 0x00000000e4900000, 0x00000000e4a00000|  0%| F|  |TAMS 0x00000000e4900000, 0x00000000e4900000| Untracked 
|  74|0x00000000e4a00000, 0x00000000e4a00000, 0x00000000e4b00000|  0%| F|  |TAMS 0x00000000e4a00000, 0x00000000e4a00000| Untracked 
|  75|0x00000000e4b00000, 0x00000000e4b00000, 0x00000000e4c00000|  0%| F|  |TAMS 0x00000000e4b00000, 0x00000000e4b00000| Untracked 
|  76|0x00000000e4c00000, 0x00000000e4c00000, 0x00000000e4d00000|  0%| F|  |TAMS 0x00000000e4c00000, 0x00000000e4c00000| Untracked 
|  77|0x00000000e4d00000, 0x00000000e4d00000, 0x00000000e4e00000|  0%| F|  |TAMS 0x00000000e4d00000, 0x00000000e4d00000| Untracked 
|  78|0x00000000e4e00000, 0x00000000e4e00000, 0x00000000e4f00000|  0%| F|  |TAMS 0x00000000e4e00000, 0x00000000e4e00000| Untracked 
|  79|0x00000000e4f00000, 0x00000000e4f00000, 0x00000000e5000000|  0%| F|  |TAMS 0x00000000e4f00000, 0x00000000e4f00000| Untracked 
|  80|0x00000000e5000000, 0x00000000e5000000, 0x00000000e5100000|  0%| F|  |TAMS 0x00000000e5000000, 0x00000000e5000000| Untracked 
|  81|0x00000000e5100000, 0x00000000e5100000, 0x00000000e5200000|  0%| F|  |TAMS 0x00000000e5100000, 0x00000000e5100000| Untracked 
|  82|0x00000000e5200000, 0x00000000e5200000, 0x00000000e5300000|  0%| F|  |TAMS 0x00000000e5200000, 0x00000000e5200000| Untracked 
|  83|0x00000000e5300000, 0x00000000e5300000, 0x00000000e5400000|  0%| F|  |TAMS 0x00000000e5300000, 0x00000000e5300000| Untracked 
|  84|0x00000000e5400000, 0x00000000e5400000, 0x00000000e5500000|  0%| F|  |TAMS 0x00000000e5400000, 0x00000000e5400000| Untracked 
|  85|0x00000000e5500000, 0x00000000e5500000, 0x00000000e5600000|  0%| F|  |TAMS 0x00000000e5500000, 0x00000000e5500000| Untracked 
|  86|0x00000000e5600000, 0x00000000e5600000, 0x00000000e5700000|  0%| F|  |TAMS 0x00000000e5600000, 0x00000000e5600000| Untracked 
|  87|0x00000000e5700000, 0x00000000e5700000, 0x00000000e5800000|  0%| F|  |TAMS 0x00000000e5700000, 0x00000000e5700000| Untracked 
|  88|0x00000000e5800000, 0x00000000e5800000, 0x00000000e5900000|  0%| F|  |TAMS 0x00000000e5800000, 0x00000000e5800000| Untracked 
|  89|0x00000000e5900000, 0x00000000e5900000, 0x00000000e5a00000|  0%| F|  |TAMS 0x00000000e5900000, 0x00000000e5900000| Untracked 
|  90|0x00000000e5a00000, 0x00000000e5a00000, 0x00000000e5b00000|  0%| F|  |TAMS 0x00000000e5a00000, 0x00000000e5a00000| Untracked 
|  91|0x00000000e5b00000, 0x00000000e5b00000, 0x00000000e5c00000|  0%| F|  |TAMS 0x00000000e5b00000, 0x00000000e5b00000| Untracked 
|  92|0x00000000e5c00000, 0x00000000e5c00000, 0x00000000e5d00000|  0%| F|  |TAMS 0x00000000e5c00000, 0x00000000e5c00000| Untracked 
|  93|0x00000000e5d00000, 0x00000000e5d00000, 0x00000000e5e00000|  0%| F|  |TAMS 0x00000000e5d00000, 0x00000000e5d00000| Untracked 
|  94|0x00000000e5e00000, 0x00000000e5e00000, 0x00000000e5f00000|  0%| F|  |TAMS 0x00000000e5e00000, 0x00000000e5e00000| Untracked 
|  95|0x00000000e5f00000, 0x00000000e5f00000, 0x00000000e6000000|  0%| F|  |TAMS 0x00000000e5f00000, 0x00000000e5f00000| Untracked 
|  96|0x00000000e6000000, 0x00000000e6000000, 0x00000000e6100000|  0%| F|  |TAMS 0x00000000e6000000, 0x00000000e6000000| Untracked 
|  97|0x00000000e6100000, 0x00000000e6100000, 0x00000000e6200000|  0%| F|  |TAMS 0x00000000e6100000, 0x00000000e6100000| Untracked 
|  98|0x00000000e6200000, 0x00000000e6200000, 0x00000000e6300000|  0%| F|  |TAMS 0x00000000e6200000, 0x00000000e6200000| Untracked 
|  99|0x00000000e6300000, 0x00000000e6300000, 0x00000000e6400000|  0%| F|  |TAMS 0x00000000e6300000, 0x00000000e6300000| Untracked 
| 100|0x00000000e6400000, 0x00000000e6400000, 0x00000000e6500000|  0%| F|  |TAMS 0x00000000e6400000, 0x00000000e6400000| Untracked 
| 101|0x00000000e6500000, 0x00000000e6500000, 0x00000000e6600000|  0%| F|  |TAMS 0x00000000e6500000, 0x00000000e6500000| Untracked 
| 102|0x00000000e6600000, 0x00000000e6600000, 0x00000000e6700000|  0%| F|  |TAMS 0x00000000e6600000, 0x00000000e6600000| Untracked 
| 103|0x00000000e6700000, 0x00000000e6700000, 0x00000000e6800000|  0%| F|  |TAMS 0x00000000e6700000, 0x00000000e6700000| Untracked 
| 104|0x00000000e6800000, 0x00000000e6800000, 0x00000000e6900000|  0%| F|  |TAMS 0x00000000e6800000, 0x00000000e6800000| Untracked 
| 105|0x00000000e6900000, 0x00000000e6900000, 0x00000000e6a00000|  0%| F|  |TAMS 0x00000000e6900000, 0x00000000e6900000| Untracked 
| 106|0x00000000e6a00000, 0x00000000e6a00000, 0x00000000e6b00000|  0%| F|  |TAMS 0x00000000e6a00000, 0x00000000e6a00000| Untracked 
| 107|0x00000000e6b00000, 0x00000000e6b00000, 0x00000000e6c00000|  0%| F|  |TAMS 0x00000000e6b00000, 0x00000000e6b00000| Untracked 
| 108|0x00000000e6c00000, 0x00000000e6c00000, 0x00000000e6d00000|  0%| F|  |TAMS 0x00000000e6c00000, 0x00000000e6c00000| Untracked 
| 109|0x00000000e6d00000, 0x00000000e6d00000, 0x00000000e6e00000|  0%| F|  |TAMS 0x00000000e6d00000, 0x00000000e6d00000| Untracked 
| 110|0x00000000e6e00000, 0x00000000e6e00000, 0x00000000e6f00000|  0%| F|  |TAMS 0x00000000e6e00000, 0x00000000e6e00000| Untracked 
| 111|0x00000000e6f00000, 0x00000000e6f00000, 0x00000000e7000000|  0%| F|  |TAMS 0x00000000e6f00000, 0x00000000e6f00000| Untracked 
| 112|0x00000000e7000000, 0x00000000e7000000, 0x00000000e7100000|  0%| F|  |TAMS 0x00000000e7000000, 0x00000000e7000000| Untracked 
| 113|0x00000000e7100000, 0x00000000e7100000, 0x00000000e7200000|  0%| F|  |TAMS 0x00000000e7100000, 0x00000000e7100000| Untracked 
| 114|0x00000000e7200000, 0x00000000e7200000, 0x00000000e7300000|  0%| F|  |TAMS 0x00000000e7200000, 0x00000000e7200000| Untracked 
| 115|0x00000000e7300000, 0x00000000e7300000, 0x00000000e7400000|  0%| F|  |TAMS 0x00000000e7300000, 0x00000000e7300000| Untracked 
| 116|0x00000000e7400000, 0x00000000e7400000, 0x00000000e7500000|  0%| F|  |TAMS 0x00000000e7400000, 0x00000000e7400000| Untracked 
| 117|0x00000000e7500000, 0x00000000e7500000, 0x00000000e7600000|  0%| F|  |TAMS 0x00000000e7500000, 0x00000000e7500000| Untracked 
| 118|0x00000000e7600000, 0x00000000e7600000, 0x00000000e7700000|  0%| F|  |TAMS 0x00000000e7600000, 0x00000000e7600000| Untracked 
| 119|0x00000000e7700000, 0x00000000e7700000, 0x00000000e7800000|  0%| F|  |TAMS 0x00000000e7700000, 0x00000000e7700000| Untracked 
| 120|0x00000000e7800000, 0x00000000e7800000, 0x00000000e7900000|  0%| F|  |TAMS 0x00000000e7800000, 0x00000000e7800000| Untracked 
| 121|0x00000000e7900000, 0x00000000e7900000, 0x00000000e7a00000|  0%| F|  |TAMS 0x00000000e7900000, 0x00000000e7900000| Untracked 
| 122|0x00000000e7a00000, 0x00000000e7a00000, 0x00000000e7b00000|  0%| F|  |TAMS 0x00000000e7a00000, 0x00000000e7a00000| Untracked 
| 123|0x00000000e7b00000, 0x00000000e7b00000, 0x00000000e7c00000|  0%| F|  |TAMS 0x00000000e7b00000, 0x00000000e7b00000| Untracked 
| 124|0x00000000e7c00000, 0x00000000e7c00000, 0x00000000e7d00000|  0%| F|  |TAMS 0x00000000e7c00000, 0x00000000e7c00000| Untracked 
| 125|0x00000000e7d00000, 0x00000000e7d00000, 0x00000000e7e00000|  0%| F|  |TAMS 0x00000000e7d00000, 0x00000000e7d00000| Untracked 
| 126|0x00000000e7e00000, 0x00000000e7e00000, 0x00000000e7f00000|  0%| F|  |TAMS 0x00000000e7e00000, 0x00000000e7e00000| Untracked 
| 127|0x00000000e7f00000, 0x00000000e7f00000, 0x00000000e8000000|  0%| F|  |TAMS 0x00000000e7f00000, 0x00000000e7f00000| Untracked 
| 128|0x00000000e8000000, 0x00000000e8000000, 0x00000000e8100000|  0%| F|  |TAMS 0x00000000e8000000, 0x00000000e8000000| Untracked 
| 129|0x00000000e8100000, 0x00000000e8100000, 0x00000000e8200000|  0%| F|  |TAMS 0x00000000e8100000, 0x00000000e8100000| Untracked 
| 130|0x00000000e8200000, 0x00000000e8200000, 0x00000000e8300000|  0%| F|  |TAMS 0x00000000e8200000, 0x00000000e8200000| Untracked 
| 131|0x00000000e8300000, 0x00000000e8300000, 0x00000000e8400000|  0%| F|  |TAMS 0x00000000e8300000, 0x00000000e8300000| Untracked 
| 132|0x00000000e8400000, 0x00000000e8400000, 0x00000000e8500000|  0%| F|  |TAMS 0x00000000e8400000, 0x00000000e8400000| Untracked 
| 133|0x00000000e8500000, 0x00000000e8500000, 0x00000000e8600000|  0%| F|  |TAMS 0x00000000e8500000, 0x00000000e8500000| Untracked 
| 134|0x00000000e8600000, 0x00000000e8600000, 0x00000000e8700000|  0%| F|  |TAMS 0x00000000e8600000, 0x00000000e8600000| Untracked 
| 135|0x00000000e8700000, 0x00000000e8700000, 0x00000000e8800000|  0%| F|  |TAMS 0x00000000e8700000, 0x00000000e8700000| Untracked 
| 136|0x00000000e8800000, 0x00000000e8800000, 0x00000000e8900000|  0%| F|  |TAMS 0x00000000e8800000, 0x00000000e8800000| Untracked 
| 137|0x00000000e8900000, 0x00000000e8900000, 0x00000000e8a00000|  0%| F|  |TAMS 0x00000000e8900000, 0x00000000e8900000| Untracked 
| 138|0x00000000e8a00000, 0x00000000e8a00000, 0x00000000e8b00000|  0%| F|  |TAMS 0x00000000e8a00000, 0x00000000e8a00000| Untracked 
| 139|0x00000000e8b00000, 0x00000000e8b00000, 0x00000000e8c00000|  0%| F|  |TAMS 0x00000000e8b00000, 0x00000000e8b00000| Untracked 
| 140|0x00000000e8c00000, 0x00000000e8c19840, 0x00000000e8d00000|  9%| S|CS|TAMS 0x00000000e8c00000, 0x00000000e8c00000| Complete 
| 141|0x00000000e8d00000, 0x00000000e8e00000, 0x00000000e8e00000|100%| S|CS|TAMS 0x00000000e8d00000, 0x00000000e8d00000| Complete 
| 142|0x00000000e8e00000, 0x00000000e8f00000, 0x00000000e8f00000|100%| S|CS|TAMS 0x00000000e8e00000, 0x00000000e8e00000| Complete 
| 143|0x00000000e8f00000, 0x00000000e9000000, 0x00000000e9000000|100%| S|CS|TAMS 0x00000000e8f00000, 0x00000000e8f00000| Complete 
| 144|0x00000000e9000000, 0x00000000e9100000, 0x00000000e9100000|100%| S|CS|TAMS 0x00000000e9000000, 0x00000000e9000000| Complete 
| 145|0x00000000e9100000, 0x00000000e9200000, 0x00000000e9200000|100%| S|CS|TAMS 0x00000000e9100000, 0x00000000e9100000| Complete 
| 146|0x00000000e9200000, 0x00000000e9300000, 0x00000000e9300000|100%| S|CS|TAMS 0x00000000e9200000, 0x00000000e9200000| Complete 
| 147|0x00000000e9300000, 0x00000000e9400000, 0x00000000e9400000|100%| S|CS|TAMS 0x00000000e9300000, 0x00000000e9300000| Complete 
| 148|0x00000000e9400000, 0x00000000e9500000, 0x00000000e9500000|100%| S|CS|TAMS 0x00000000e9400000, 0x00000000e9400000| Complete 
| 149|0x00000000e9500000, 0x00000000e9600000, 0x00000000e9600000|100%| S|CS|TAMS 0x00000000e9500000, 0x00000000e9500000| Complete 
| 150|0x00000000e9600000, 0x00000000e9700000, 0x00000000e9700000|100%| S|CS|TAMS 0x00000000e9600000, 0x00000000e9600000| Complete 
| 151|0x00000000e9700000, 0x00000000e9800000, 0x00000000e9800000|100%| S|CS|TAMS 0x00000000e9700000, 0x00000000e9700000| Complete 
| 152|0x00000000e9800000, 0x00000000e9800000, 0x00000000e9900000|  0%| F|  |TAMS 0x00000000e9800000, 0x00000000e9800000| Untracked 
| 153|0x00000000e9900000, 0x00000000e9900000, 0x00000000e9a00000|  0%| F|  |TAMS 0x00000000e9900000, 0x00000000e9900000| Untracked 
| 154|0x00000000e9a00000, 0x00000000e9a00000, 0x00000000e9b00000|  0%| F|  |TAMS 0x00000000e9a00000, 0x00000000e9a00000| Untracked 
| 155|0x00000000e9b00000, 0x00000000e9b00000, 0x00000000e9c00000|  0%| F|  |TAMS 0x00000000e9b00000, 0x00000000e9b00000| Untracked 
| 156|0x00000000e9c00000, 0x00000000e9c00000, 0x00000000e9d00000|  0%| F|  |TAMS 0x00000000e9c00000, 0x00000000e9c00000| Untracked 
| 157|0x00000000e9d00000, 0x00000000e9d00000, 0x00000000e9e00000|  0%| F|  |TAMS 0x00000000e9d00000, 0x00000000e9d00000| Untracked 
| 158|0x00000000e9e00000, 0x00000000e9e00000, 0x00000000e9f00000|  0%| F|  |TAMS 0x00000000e9e00000, 0x00000000e9e00000| Untracked 
| 159|0x00000000e9f00000, 0x00000000e9f00000, 0x00000000ea000000|  0%| F|  |TAMS 0x00000000e9f00000, 0x00000000e9f00000| Untracked 
| 160|0x00000000ea000000, 0x00000000ea000000, 0x00000000ea100000|  0%| F|  |TAMS 0x00000000ea000000, 0x00000000ea000000| Untracked 
| 161|0x00000000ea100000, 0x00000000ea100000, 0x00000000ea200000|  0%| F|  |TAMS 0x00000000ea100000, 0x00000000ea100000| Untracked 
| 162|0x00000000ea200000, 0x00000000ea200000, 0x00000000ea300000|  0%| F|  |TAMS 0x00000000ea200000, 0x00000000ea200000| Untracked 
| 163|0x00000000ea300000, 0x00000000ea300000, 0x00000000ea400000|  0%| F|  |TAMS 0x00000000ea300000, 0x00000000ea300000| Untracked 
| 164|0x00000000ea400000, 0x00000000ea400000, 0x00000000ea500000|  0%| F|  |TAMS 0x00000000ea400000, 0x00000000ea400000| Untracked 
| 165|0x00000000ea500000, 0x00000000ea500000, 0x00000000ea600000|  0%| F|  |TAMS 0x00000000ea500000, 0x00000000ea500000| Untracked 
| 166|0x00000000ea600000, 0x00000000ea600000, 0x00000000ea700000|  0%| F|  |TAMS 0x00000000ea600000, 0x00000000ea600000| Untracked 
| 167|0x00000000ea700000, 0x00000000ea700000, 0x00000000ea800000|  0%| F|  |TAMS 0x00000000ea700000, 0x00000000ea700000| Untracked 
| 168|0x00000000ea800000, 0x00000000ea800000, 0x00000000ea900000|  0%| F|  |TAMS 0x00000000ea800000, 0x00000000ea800000| Untracked 
| 169|0x00000000ea900000, 0x00000000eaa00000, 0x00000000eaa00000|100%| E|  |TAMS 0x00000000ea900000, 0x00000000ea900000| Complete 
| 170|0x00000000eaa00000, 0x00000000eab00000, 0x00000000eab00000|100%| E|CS|TAMS 0x00000000eaa00000, 0x00000000eaa00000| Complete 
| 171|0x00000000eab00000, 0x00000000eac00000, 0x00000000eac00000|100%| E|CS|TAMS 0x00000000eab00000, 0x00000000eab00000| Complete 
| 172|0x00000000eac00000, 0x00000000ead00000, 0x00000000ead00000|100%| E|CS|TAMS 0x00000000eac00000, 0x00000000eac00000| Complete 
| 173|0x00000000ead00000, 0x00000000eae00000, 0x00000000eae00000|100%| E|CS|TAMS 0x00000000ead00000, 0x00000000ead00000| Complete 
| 174|0x00000000eae00000, 0x00000000eaf00000, 0x00000000eaf00000|100%| E|CS|TAMS 0x00000000eae00000, 0x00000000eae00000| Complete 
| 175|0x00000000eaf00000, 0x00000000eb000000, 0x00000000eb000000|100%| E|CS|TAMS 0x00000000eaf00000, 0x00000000eaf00000| Complete 
| 176|0x00000000eb000000, 0x00000000eb100000, 0x00000000eb100000|100%| E|CS|TAMS 0x00000000eb000000, 0x00000000eb000000| Complete 
| 177|0x00000000eb100000, 0x00000000eb200000, 0x00000000eb200000|100%| E|CS|TAMS 0x00000000eb100000, 0x00000000eb100000| Complete 
| 178|0x00000000eb200000, 0x00000000eb300000, 0x00000000eb300000|100%| E|CS|TAMS 0x00000000eb200000, 0x00000000eb200000| Complete 
| 179|0x00000000eb300000, 0x00000000eb400000, 0x00000000eb400000|100%| E|CS|TAMS 0x00000000eb300000, 0x00000000eb300000| Complete 
| 180|0x00000000eb400000, 0x00000000eb500000, 0x00000000eb500000|100%| E|CS|TAMS 0x00000000eb400000, 0x00000000eb400000| Complete 
| 181|0x00000000eb500000, 0x00000000eb600000, 0x00000000eb600000|100%| E|CS|TAMS 0x00000000eb500000, 0x00000000eb500000| Complete 
| 182|0x00000000eb600000, 0x00000000eb700000, 0x00000000eb700000|100%| E|CS|TAMS 0x00000000eb600000, 0x00000000eb600000| Complete 
| 183|0x00000000eb700000, 0x00000000eb800000, 0x00000000eb800000|100%| E|CS|TAMS 0x00000000eb700000, 0x00000000eb700000| Complete 
| 184|0x00000000eb800000, 0x00000000eb900000, 0x00000000eb900000|100%| E|CS|TAMS 0x00000000eb800000, 0x00000000eb800000| Complete 
| 185|0x00000000eb900000, 0x00000000eba00000, 0x00000000eba00000|100%| E|CS|TAMS 0x00000000eb900000, 0x00000000eb900000| Complete 
| 186|0x00000000eba00000, 0x00000000ebb00000, 0x00000000ebb00000|100%| E|CS|TAMS 0x00000000eba00000, 0x00000000eba00000| Complete 
| 187|0x00000000ebb00000, 0x00000000ebc00000, 0x00000000ebc00000|100%| E|CS|TAMS 0x00000000ebb00000, 0x00000000ebb00000| Complete 
| 188|0x00000000ebc00000, 0x00000000ebd00000, 0x00000000ebd00000|100%| E|CS|TAMS 0x00000000ebc00000, 0x00000000ebc00000| Complete 
| 189|0x00000000ebd00000, 0x00000000ebe00000, 0x00000000ebe00000|100%| E|CS|TAMS 0x00000000ebd00000, 0x00000000ebd00000| Complete 
| 190|0x00000000ebe00000, 0x00000000ebf00000, 0x00000000ebf00000|100%| E|CS|TAMS 0x00000000ebe00000, 0x00000000ebe00000| Complete 
| 191|0x00000000ebf00000, 0x00000000ec000000, 0x00000000ec000000|100%| E|CS|TAMS 0x00000000ebf00000, 0x00000000ebf00000| Complete 
| 192|0x00000000ec000000, 0x00000000ec100000, 0x00000000ec100000|100%| E|CS|TAMS 0x00000000ec000000, 0x00000000ec000000| Complete 
| 193|0x00000000ec100000, 0x00000000ec200000, 0x00000000ec200000|100%| E|CS|TAMS 0x00000000ec100000, 0x00000000ec100000| Complete 
| 194|0x00000000ec200000, 0x00000000ec300000, 0x00000000ec300000|100%| E|CS|TAMS 0x00000000ec200000, 0x00000000ec200000| Complete 
| 195|0x00000000ec300000, 0x00000000ec400000, 0x00000000ec400000|100%| E|CS|TAMS 0x00000000ec300000, 0x00000000ec300000| Complete 
| 196|0x00000000ec400000, 0x00000000ec500000, 0x00000000ec500000|100%| E|CS|TAMS 0x00000000ec400000, 0x00000000ec400000| Complete 
| 197|0x00000000ec500000, 0x00000000ec600000, 0x00000000ec600000|100%| E|CS|TAMS 0x00000000ec500000, 0x00000000ec500000| Complete 
| 198|0x00000000ec600000, 0x00000000ec700000, 0x00000000ec700000|100%| E|CS|TAMS 0x00000000ec600000, 0x00000000ec600000| Complete 
| 199|0x00000000ec700000, 0x00000000ec800000, 0x00000000ec800000|100%| E|CS|TAMS 0x00000000ec700000, 0x00000000ec700000| Complete 
| 200|0x00000000ec800000, 0x00000000ec900000, 0x00000000ec900000|100%| E|CS|TAMS 0x00000000ec800000, 0x00000000ec800000| Complete 
| 201|0x00000000ec900000, 0x00000000eca00000, 0x00000000eca00000|100%| E|CS|TAMS 0x00000000ec900000, 0x00000000ec900000| Complete 
| 202|0x00000000eca00000, 0x00000000ecb00000, 0x00000000ecb00000|100%| E|CS|TAMS 0x00000000eca00000, 0x00000000eca00000| Complete 
| 203|0x00000000ecb00000, 0x00000000ecc00000, 0x00000000ecc00000|100%| E|CS|TAMS 0x00000000ecb00000, 0x00000000ecb00000| Complete 
| 204|0x00000000ecc00000, 0x00000000ecd00000, 0x00000000ecd00000|100%| E|CS|TAMS 0x00000000ecc00000, 0x00000000ecc00000| Complete 
| 205|0x00000000ecd00000, 0x00000000ece00000, 0x00000000ece00000|100%| E|CS|TAMS 0x00000000ecd00000, 0x00000000ecd00000| Complete 
| 206|0x00000000ece00000, 0x00000000ecf00000, 0x00000000ecf00000|100%| E|CS|TAMS 0x00000000ece00000, 0x00000000ece00000| Complete 
| 207|0x00000000ecf00000, 0x00000000ed000000, 0x00000000ed000000|100%| E|CS|TAMS 0x00000000ecf00000, 0x00000000ecf00000| Complete 
| 208|0x00000000ed000000, 0x00000000ed100000, 0x00000000ed100000|100%| E|CS|TAMS 0x00000000ed000000, 0x00000000ed000000| Complete 
| 209|0x00000000ed100000, 0x00000000ed200000, 0x00000000ed200000|100%| E|CS|TAMS 0x00000000ed100000, 0x00000000ed100000| Complete 
| 210|0x00000000ed200000, 0x00000000ed300000, 0x00000000ed300000|100%| E|CS|TAMS 0x00000000ed200000, 0x00000000ed200000| Complete 
| 211|0x00000000ed300000, 0x00000000ed400000, 0x00000000ed400000|100%| E|CS|TAMS 0x00000000ed300000, 0x00000000ed300000| Complete 
| 212|0x00000000ed400000, 0x00000000ed500000, 0x00000000ed500000|100%| E|CS|TAMS 0x00000000ed400000, 0x00000000ed400000| Complete 
| 213|0x00000000ed500000, 0x00000000ed600000, 0x00000000ed600000|100%| E|CS|TAMS 0x00000000ed500000, 0x00000000ed500000| Complete 
| 214|0x00000000ed600000, 0x00000000ed700000, 0x00000000ed700000|100%| E|CS|TAMS 0x00000000ed600000, 0x00000000ed600000| Complete 
| 215|0x00000000ed700000, 0x00000000ed800000, 0x00000000ed800000|100%| E|CS|TAMS 0x00000000ed700000, 0x00000000ed700000| Complete 
| 216|0x00000000ed800000, 0x00000000ed900000, 0x00000000ed900000|100%| E|CS|TAMS 0x00000000ed800000, 0x00000000ed800000| Complete 
| 217|0x00000000ed900000, 0x00000000eda00000, 0x00000000eda00000|100%| E|CS|TAMS 0x00000000ed900000, 0x00000000ed900000| Complete 
| 218|0x00000000eda00000, 0x00000000edb00000, 0x00000000edb00000|100%| E|CS|TAMS 0x00000000eda00000, 0x00000000eda00000| Complete 
| 219|0x00000000edb00000, 0x00000000edc00000, 0x00000000edc00000|100%| E|CS|TAMS 0x00000000edb00000, 0x00000000edb00000| Complete 
| 220|0x00000000edc00000, 0x00000000edd00000, 0x00000000edd00000|100%| E|CS|TAMS 0x00000000edc00000, 0x00000000edc00000| Complete 
| 221|0x00000000edd00000, 0x00000000ede00000, 0x00000000ede00000|100%| E|CS|TAMS 0x00000000edd00000, 0x00000000edd00000| Complete 
| 222|0x00000000ede00000, 0x00000000edf00000, 0x00000000edf00000|100%| E|CS|TAMS 0x00000000ede00000, 0x00000000ede00000| Complete 
| 223|0x00000000edf00000, 0x00000000ee000000, 0x00000000ee000000|100%| E|CS|TAMS 0x00000000edf00000, 0x00000000edf00000| Complete 
| 224|0x00000000ee000000, 0x00000000ee100000, 0x00000000ee100000|100%| E|CS|TAMS 0x00000000ee000000, 0x00000000ee000000| Complete 
| 225|0x00000000ee100000, 0x00000000ee200000, 0x00000000ee200000|100%| E|CS|TAMS 0x00000000ee100000, 0x00000000ee100000| Complete 
| 226|0x00000000ee200000, 0x00000000ee300000, 0x00000000ee300000|100%| E|CS|TAMS 0x00000000ee200000, 0x00000000ee200000| Complete 
| 227|0x00000000ee300000, 0x00000000ee400000, 0x00000000ee400000|100%| E|CS|TAMS 0x00000000ee300000, 0x00000000ee300000| Complete 
| 228|0x00000000ee400000, 0x00000000ee500000, 0x00000000ee500000|100%| E|CS|TAMS 0x00000000ee400000, 0x00000000ee400000| Complete 
| 229|0x00000000ee500000, 0x00000000ee600000, 0x00000000ee600000|100%| E|CS|TAMS 0x00000000ee500000, 0x00000000ee500000| Complete 
| 230|0x00000000ee600000, 0x00000000ee700000, 0x00000000ee700000|100%| E|CS|TAMS 0x00000000ee600000, 0x00000000ee600000| Complete 
| 231|0x00000000ee700000, 0x00000000ee800000, 0x00000000ee800000|100%| E|CS|TAMS 0x00000000ee700000, 0x00000000ee700000| Complete 
| 232|0x00000000ee800000, 0x00000000ee900000, 0x00000000ee900000|100%| E|CS|TAMS 0x00000000ee800000, 0x00000000ee800000| Complete 
| 233|0x00000000ee900000, 0x00000000eea00000, 0x00000000eea00000|100%| E|CS|TAMS 0x00000000ee900000, 0x00000000ee900000| Complete 
| 234|0x00000000eea00000, 0x00000000eeb00000, 0x00000000eeb00000|100%| E|CS|TAMS 0x00000000eea00000, 0x00000000eea00000| Complete 
| 235|0x00000000eeb00000, 0x00000000eec00000, 0x00000000eec00000|100%| E|CS|TAMS 0x00000000eeb00000, 0x00000000eeb00000| Complete 
| 236|0x00000000eec00000, 0x00000000eed00000, 0x00000000eed00000|100%| E|CS|TAMS 0x00000000eec00000, 0x00000000eec00000| Complete 
| 237|0x00000000eed00000, 0x00000000eee00000, 0x00000000eee00000|100%| E|CS|TAMS 0x00000000eed00000, 0x00000000eed00000| Complete 
| 238|0x00000000eee00000, 0x00000000eef00000, 0x00000000eef00000|100%| E|CS|TAMS 0x00000000eee00000, 0x00000000eee00000| Complete 
| 239|0x00000000eef00000, 0x00000000ef000000, 0x00000000ef000000|100%| E|CS|TAMS 0x00000000eef00000, 0x00000000eef00000| Complete 
| 240|0x00000000ef000000, 0x00000000ef100000, 0x00000000ef100000|100%| E|CS|TAMS 0x00000000ef000000, 0x00000000ef000000| Complete 
| 241|0x00000000ef100000, 0x00000000ef200000, 0x00000000ef200000|100%| E|CS|TAMS 0x00000000ef100000, 0x00000000ef100000| Complete 
| 242|0x00000000ef200000, 0x00000000ef300000, 0x00000000ef300000|100%| E|CS|TAMS 0x00000000ef200000, 0x00000000ef200000| Complete 
| 243|0x00000000ef300000, 0x00000000ef400000, 0x00000000ef400000|100%| E|CS|TAMS 0x00000000ef300000, 0x00000000ef300000| Complete 
| 244|0x00000000ef400000, 0x00000000ef500000, 0x00000000ef500000|100%| E|CS|TAMS 0x00000000ef400000, 0x00000000ef400000| Complete 
| 245|0x00000000ef500000, 0x00000000ef600000, 0x00000000ef600000|100%| E|CS|TAMS 0x00000000ef500000, 0x00000000ef500000| Complete 
| 246|0x00000000ef600000, 0x00000000ef700000, 0x00000000ef700000|100%| E|CS|TAMS 0x00000000ef600000, 0x00000000ef600000| Complete 
| 247|0x00000000ef700000, 0x00000000ef800000, 0x00000000ef800000|100%| E|CS|TAMS 0x00000000ef700000, 0x00000000ef700000| Complete 
| 248|0x00000000ef800000, 0x00000000ef900000, 0x00000000ef900000|100%| E|CS|TAMS 0x00000000ef800000, 0x00000000ef800000| Complete 
| 249|0x00000000ef900000, 0x00000000efa00000, 0x00000000efa00000|100%| E|CS|TAMS 0x00000000ef900000, 0x00000000ef900000| Complete 
| 250|0x00000000efa00000, 0x00000000efb00000, 0x00000000efb00000|100%| E|CS|TAMS 0x00000000efa00000, 0x00000000efa00000| Complete 
| 251|0x00000000efb00000, 0x00000000efc00000, 0x00000000efc00000|100%| E|CS|TAMS 0x00000000efb00000, 0x00000000efb00000| Complete 
| 252|0x00000000efc00000, 0x00000000efd00000, 0x00000000efd00000|100%| E|CS|TAMS 0x00000000efc00000, 0x00000000efc00000| Complete 
| 253|0x00000000efd00000, 0x00000000efe00000, 0x00000000efe00000|100%| E|CS|TAMS 0x00000000efd00000, 0x00000000efd00000| Complete 
| 254|0x00000000efe00000, 0x00000000eff00000, 0x00000000eff00000|100%| E|CS|TAMS 0x00000000efe00000, 0x00000000efe00000| Complete 
| 255|0x00000000eff00000, 0x00000000f0000000, 0x00000000f0000000|100%| E|CS|TAMS 0x00000000eff00000, 0x00000000eff00000| Complete 

Card table byte_map: [0x000001b7b50e0000,0x000001b7b51e0000] _byte_map_base: 0x000001b7b49e0000

Marking Bits (Prev, Next): (CMBitMap*) 0x000001b79e23bbf0, (CMBitMap*) 0x000001b79e23bbb0
 Prev Bits: [0x000001b7b5ae0000, 0x000001b7b62e0000)
 Next Bits: [0x000001b7b52e0000, 0x000001b7b5ae0000)

Polling page: 0x000001b79d9e0000

Metaspace:

Usage:
  Non-class:     28.38 MB used.
      Class:      4.62 MB used.
       Both:     33.00 MB used.

Virtual space:
  Non-class space:       32.00 MB reserved,      28.62 MB ( 89%) committed,  4 nodes.
      Class space:      208.00 MB reserved,       4.81 MB (  2%) committed,  1 nodes.
             Both:      240.00 MB reserved,      33.44 MB ( 14%) committed. 

Chunk freelists:
   Non-Class:  2.84 MB
       Class:  3.03 MB
        Both:  5.88 MB

MaxMetaspaceSize: 256.00 MB
CompressedClassSpaceSize: 208.00 MB
Initial GC threshold: 21.00 MB
Current GC threshold: 35.25 MB
CDS: on
MetaspaceReclaimPolicy: balanced
 - commit_granule_bytes: 65536.
 - commit_granule_words: 8192.
 - virtual_space_node_default_size: 1048576.
 - enlarge_chunks_in_place: 1.
 - new_chunks_are_fully_committed: 0.
 - uncommit_free_chunks: 1.
 - use_allocation_guard: 0.
 - handle_deallocations: 1.


Internal statistics:

num_allocs_failed_limit: 3.
num_arena_births: 352.
num_arena_deaths: 0.
num_vsnodes_births: 5.
num_vsnodes_deaths: 0.
num_space_committed: 535.
num_space_uncommitted: 0.
num_chunks_returned_to_freelist: 3.
num_chunks_taken_from_freelist: 1554.
num_chunk_merges: 3.
num_chunk_splits: 1056.
num_chunks_enlarged: 756.
num_purges: 0.
num_inconsistent_stats: 0.

CodeHeap 'non-profiled nmethods': size=120000Kb used=2103Kb max_used=2103Kb free=117897Kb
 bounds [0x000001b7ad560000, 0x000001b7ad7d0000, 0x000001b7b4a90000]
CodeHeap 'profiled nmethods': size=120000Kb used=7821Kb max_used=7821Kb free=112178Kb
 bounds [0x000001b7a5a90000, 0x000001b7a6240000, 0x000001b7acfc0000]
CodeHeap 'non-nmethods': size=5760Kb used=2286Kb max_used=2350Kb free=3473Kb
 bounds [0x000001b7acfc0000, 0x000001b7ad230000, 0x000001b7ad560000]
 total_blobs=4607 nmethods=3816 adapters=703
 compilation: enabled
              stopped_count=0, restarted_count=0
 full_count=0

Compilation events (20 events):
Event: 3.343 Thread 0x000001b7b8f4b9c0 3758       3       jdk.internal.jimage.BasicImageReader::getLocationIndex (52 bytes)
Event: 3.343 Thread 0x000001b7b8f4b9c0 nmethod 3758 0x000001b7a6208390 code [0x000001b7a6208580, 0x000001b7a6208a18]
Event: 3.344 Thread 0x000001b7b8f4b9c0 3759       3       com.google.common.cache.LocalCache::refreshes (15 bytes)
Event: 3.344 Thread 0x000001b7b8f4b9c0 nmethod 3759 0x000001b7a6208c10 code [0x000001b7a6208da0, 0x000001b7a6208f18]
Event: 3.351 Thread 0x000001b7b8f4b9c0 3760       3       org.gradle.internal.instantiation.generator.AbstractClassGenerator$PropertyMetadata::isReadable (13 bytes)
Event: 3.351 Thread 0x000001b7b8f4b9c0 nmethod 3760 0x000001b7a6208f90 code [0x000001b7a6209120, 0x000001b7a6209298]
Event: 3.351 Thread 0x000001b7b8f4b9c0 3761       3       org.gradle.internal.instantiation.generator.AbstractClassGenerator$MethodMetadata::shouldImplement (16 bytes)
Event: 3.351 Thread 0x000001b7b8f4b9c0 nmethod 3761 0x000001b7a6209310 code [0x000001b7a62094c0, 0x000001b7a6209718]
Event: 3.352 Thread 0x000001b7b8f4b9c0 3762       3       org.gradle.internal.logging.slf4j.OutputEventListenerBackedLogger::isDebugEnabled (5 bytes)
Event: 3.352 Thread 0x000001b7b8f4b9c0 nmethod 3762 0x000001b7a6209810 code [0x000001b7a62099e0, 0x000001b7a6209de8]
Event: 3.352 Thread 0x000001b7b8f4b9c0 3763       3       org.gradle.internal.logging.slf4j.BuildOperationAwareLogger::isDebugEnabled (8 bytes)
Event: 3.352 Thread 0x000001b7b8f4b9c0 nmethod 3763 0x000001b7a6209f90 code [0x000001b7a620a140, 0x000001b7a620a328]
Event: 3.353 Thread 0x000001b7b8f4b9c0 3764       1       com.google.common.collect.SingletonImmutableList::size (2 bytes)
Event: 3.353 Thread 0x000001b7b8f4b9c0 nmethod 3764 0x000001b7ad76bf10 code [0x000001b7ad76c0a0, 0x000001b7ad76c178]
Event: 3.353 Thread 0x000001b7b8f4b9c0 3765       3       java.util.concurrent.locks.ReentrantLock::isHeldByCurrentThread (8 bytes)
Event: 3.353 Thread 0x000001b7b8f4b9c0 nmethod 3765 0x000001b7a620a410 code [0x000001b7a620a5c0, 0x000001b7a620a7d8]
Event: 3.353 Thread 0x000001b7b8f4af20 3766       4       java.lang.invoke.Invokers$Holder::linkToTargetMethod (10 bytes)
Event: 3.354 Thread 0x000001b7b8f4af20 nmethod 3766 0x000001b7ad76c210 code [0x000001b7ad76c3a0, 0x000001b7ad76c478]
Event: 3.354 Thread 0x000001b7b8f4af20 3767       4       com.google.common.collect.AbstractIndexedListIterator::hasNext (17 bytes)
Event: 3.354 Thread 0x000001b7b8f4af20 nmethod 3767 0x000001b7ad76c590 code [0x000001b7ad76c700, 0x000001b7ad76c798]

GC Heap History (6 events):
Event: 0.617 GC heap before
{Heap before GC invocations=0 (full 0):
 garbage-first heap   total 262144K, used 28672K [0x00000000e0000000, 0x0000000100000000)
  region size 1024K, 23 young (23552K), 0 survivors (0K)
 Metaspace       used 2996K, committed 3200K, reserved 221184K
  class space    used 382K, committed 448K, reserved 212992K
}
Event: 0.620 GC heap after
{Heap after GC invocations=1 (full 0):
 garbage-first heap   total 262144K, used 9180K [0x00000000e0000000, 0x0000000100000000)
  region size 1024K, 3 young (3072K), 3 survivors (3072K)
 Metaspace       used 2996K, committed 3200K, reserved 221184K
  class space    used 382K, committed 448K, reserved 212992K
}
Event: 0.920 GC heap before
{Heap before GC invocations=1 (full 0):
 garbage-first heap   total 262144K, used 36828K [0x00000000e0000000, 0x0000000100000000)
  region size 1024K, 30 young (30720K), 3 survivors (3072K)
 Metaspace       used 3924K, committed 4096K, reserved 221184K
  class space    used 479K, committed 576K, reserved 212992K
}
Event: 0.922 GC heap after
{Heap after GC invocations=2 (full 0):
 garbage-first heap   total 262144K, used 13532K [0x00000000e0000000, 0x0000000100000000)
  region size 1024K, 4 young (4096K), 4 survivors (4096K)
 Metaspace       used 3924K, committed 4096K, reserved 221184K
  class space    used 479K, committed 576K, reserved 212992K
}
Event: 2.304 GC heap before
{Heap before GC invocations=2 (full 0):
 garbage-first heap   total 262144K, used 114908K [0x00000000e0000000, 0x0000000100000000)
  region size 1024K, 104 young (106496K), 4 survivors (4096K)
 Metaspace       used 21289K, committed 21504K, reserved 237568K
  class space    used 3165K, committed 3264K, reserved 212992K
}
Event: 2.309 GC heap after
{Heap after GC invocations=3 (full 0):
 garbage-first heap   total 262144K, used 20802K [0x00000000e0000000, 0x0000000100000000)
  region size 1024K, 12 young (12288K), 12 survivors (12288K)
 Metaspace       used 21289K, committed 21504K, reserved 237568K
  class space    used 3165K, committed 3264K, reserved 212992K
}

Deoptimization events (20 events):
Event: 3.005 Thread 0x000001b7baae4d60 Uncommon trap: trap_request=0xffffffde fr.pc=0x000001b7ad706288 relative=0x00000000000004a8
Event: 3.005 Thread 0x000001b7baae4d60 Uncommon trap: reason=class_check action=maybe_recompile pc=0x000001b7ad706288 method=java.util.regex.Pattern$Start.match(Ljava/util/regex/Matcher;ILjava/lang/CharSequence;)Z @ 44 c2
Event: 3.005 Thread 0x000001b7baae4d60 DEOPT PACKING pc=0x000001b7ad706288 sp=0x00000081a45f9900
Event: 3.005 Thread 0x000001b7baae4d60 DEOPT UNPACKING pc=0x000001b7ad0123a3 sp=0x00000081a45f9850 mode 2
Event: 3.027 Thread 0x000001b7baae4d60 DEOPT PACKING pc=0x000001b7a5dbe4dc sp=0x00000081a45fa990
Event: 3.027 Thread 0x000001b7baae4d60 DEOPT UNPACKING pc=0x000001b7ad012b43 sp=0x00000081a45f9f10 mode 0
Event: 3.048 Thread 0x000001b7baae4d60 Uncommon trap: trap_request=0xffffffbe fr.pc=0x000001b7ad722460 relative=0x0000000000000820
Event: 3.048 Thread 0x000001b7baae4d60 Uncommon trap: reason=profile_predicate action=maybe_recompile pc=0x000001b7ad722460 method=java.lang.PublicMethods$MethodList.filter([Ljava/lang/reflect/Method;Ljava/lang/String;[Ljava/lang/Class;Z)Ljava/lang/PublicMethods$MethodList; @ 21 c2
Event: 3.049 Thread 0x000001b7baae4d60 DEOPT PACKING pc=0x000001b7ad722460 sp=0x00000081a45fa320
Event: 3.049 Thread 0x000001b7baae4d60 DEOPT UNPACKING pc=0x000001b7ad0123a3 sp=0x00000081a45fa2d8 mode 2
Event: 3.053 Thread 0x000001b7baae4d60 Uncommon trap: trap_request=0xffffffbe fr.pc=0x000001b7ad722460 relative=0x0000000000000820
Event: 3.053 Thread 0x000001b7baae4d60 Uncommon trap: reason=profile_predicate action=maybe_recompile pc=0x000001b7ad722460 method=java.lang.PublicMethods$MethodList.filter([Ljava/lang/reflect/Method;Ljava/lang/String;[Ljava/lang/Class;Z)Ljava/lang/PublicMethods$MethodList; @ 21 c2
Event: 3.053 Thread 0x000001b7baae4d60 DEOPT PACKING pc=0x000001b7ad722460 sp=0x00000081a45f94a0
Event: 3.053 Thread 0x000001b7baae4d60 DEOPT UNPACKING pc=0x000001b7ad0123a3 sp=0x00000081a45f9458 mode 2
Event: 3.161 Thread 0x000001b7baae4d60 Uncommon trap: trap_request=0xffffff45 fr.pc=0x000001b7ad6d5d38 relative=0x0000000000000118
Event: 3.161 Thread 0x000001b7baae4d60 Uncommon trap: reason=unstable_if action=reinterpret pc=0x000001b7ad6d5d38 method=java.util.Arrays.hashCode([Ljava/lang/Object;)I @ 34 c2
Event: 3.161 Thread 0x000001b7baae4d60 DEOPT PACKING pc=0x000001b7ad6d5d38 sp=0x00000081a45fb970
Event: 3.161 Thread 0x000001b7baae4d60 DEOPT UNPACKING pc=0x000001b7ad0123a3 sp=0x00000081a45fb8e8 mode 2
Event: 3.246 Thread 0x000001b7baae4d60 DEOPT PACKING pc=0x000001b7a5b36f4b sp=0x00000081a45f7cf0
Event: 3.246 Thread 0x000001b7baae4d60 DEOPT UNPACKING pc=0x000001b7ad012b43 sp=0x00000081a45f7210 mode 0

Classes unloaded (0 events):
No events

Classes redefined (0 events):
No events

Internal exceptions (20 events):
Event: 3.064 Thread 0x000001b7baae4d60 Exception <a 'java/lang/ClassNotFoundException'{0x00000000ec5ed770}: org/gradle/execution/taskgraph/DefaultTaskExecutionGraphBeanInfo> (0x00000000ec5ed770) 
thrown [s\open\src\hotspot\share\classfile\systemDictionary.cpp, line 256]
Event: 3.066 Thread 0x000001b7baae4d60 Exception <a 'java/lang/ClassNotFoundException'{0x00000000ec5fbc68}: org/gradle/execution/taskgraph/DefaultTaskExecutionGraphCustomizer> (0x00000000ec5fbc68) 
thrown [s\open\src\hotspot\share\classfile\systemDictionary.cpp, line 256]
Event: 3.096 Thread 0x000001b7baae4d60 Exception <a 'java/lang/ClassNotFoundException'{0x00000000ec3a6de8}: ijtestinit_c2wr3u4n1lzltz1wl8rmdltqdBeanInfo> (0x00000000ec3a6de8) 
thrown [s\open\src\hotspot\share\classfile\systemDictionary.cpp, line 256]
Event: 3.096 Thread 0x000001b7baae4d60 Exception <a 'java/lang/ClassNotFoundException'{0x00000000ec3ac938}: ijtestinit_c2wr3u4n1lzltz1wl8rmdltqdCustomizer> (0x00000000ec3ac938) 
thrown [s\open\src\hotspot\share\classfile\systemDictionary.cpp, line 256]
Event: 3.100 Thread 0x000001b7baae4d60 Exception <a 'java/lang/ClassNotFoundException'{0x00000000ec3f33c0}: groovy/lang/ReferenceBeanInfo> (0x00000000ec3f33c0) 
thrown [s\open\src\hotspot\share\classfile\systemDictionary.cpp, line 256]
Event: 3.101 Thread 0x000001b7baae4d60 Exception <a 'java/lang/ClassNotFoundException'{0x00000000ec215ab8}: groovy/lang/ReferenceCustomizer> (0x00000000ec215ab8) 
thrown [s\open\src\hotspot\share\classfile\systemDictionary.cpp, line 256]
Event: 3.130 Thread 0x000001b7baae4d60 Exception <a 'java/lang/ClassNotFoundException'{0x00000000ec1d50e0}: org/gradle/configuration/internal/DefaultListenerBuildOperationDecorator$BuildOperationEmittingClosureBeanInfo> (0x00000000ec1d50e0) 
thrown [s\open\src\hotspot\share\classfile\systemDictionary.cpp, line 256]
Event: 3.130 Thread 0x000001b7baae4d60 Exception <a 'java/lang/ClassNotFoundException'{0x00000000ec1e3e78}: org/gradle/configuration/internal/DefaultListenerBuildOperationDecorator$BuildOperationEmittingClosureCustomizer> (0x00000000ec1e3e78) 
thrown [s\open\src\hotspot\share\classfile\systemDictionary.cpp, line 256]
Event: 3.161 Thread 0x000001b7baae4d60 Implicit null exception at 0x000001b7ad6d5c6c to 0x000001b7ad6d5d1c
Event: 3.303 Thread 0x000001b7baae4d60 Exception <a 'java/lang/NoSuchMethodError'{0x00000000eb57cf78}: 'java.lang.Object java.lang.invoke.DelegatingMethodHandle$Holder.reinvoke_L(java.lang.Object, java.lang.Object, java.lang.Object, java.lang.Object, java.lang.Object, java.lang.Object, java.lang.Object, java.lang.Object, java.lang.Object, java.lang.Object, java.lang.Object, java.lang.Object, java.lang.Object, java.lang.Object, java.lang.Object, java.lang.Object, java.lang.Object, java.lang.Object, java.lang.Object, java.lang.Object)'> (0x000000
Event: 3.303 Thread 0x000001b7baae4d60 Exception <a 'java/lang/NoSuchMethodError'{0x00000000eb5d9468}: 'java.lang.Object java.lang.invoke.DirectMethodHandle$Holder.invokeSpecial(java.lang.Object, java.lang.Object, java.lang.Object, java.lang.Object, java.lang.Object, java.lang.Object, java.lang.Object, java.lang.Object, java.lang.Object, java.lang.Object, java.lang.Object, java.lang.Object, java.lang.Object, java.lang.Object, java.lang.Object, java.lang.Object, java.lang.Object, java.lang.Object, java.lang.Object, java.lang.Object)'> (0x0000000
Event: 3.303 Thread 0x000001b7baae4d60 Exception <a 'java/lang/NoSuchMethodError'{0x00000000eb5df3e8}: 'java.lang.Object java.lang.invoke.Invokers$Holder.invoker(java.lang.Object, java.lang.Object, java.lang.Object, java.lang.Object, java.lang.Object, java.lang.Object, java.lang.Object, java.lang.Object, java.lang.Object, java.lang.Object, java.lang.Object, java.lang.Object, java.lang.Object, java.lang.Object, java.lang.Object, java.lang.Object, java.lang.Object, java.lang.Object, java.lang.Object, java.lang.Object)'> (0x00000000eb5df3e8) 
thro
Event: 3.304 Thread 0x000001b7baae4d60 Exception <a 'java/lang/NoSuchMethodError'{0x00000000eb5e63c8}: 'java.lang.Object java.lang.invoke.DelegatingMethodHandle$Holder.delegate(java.lang.Object, java.lang.Object, java.lang.Object, java.lang.Object, java.lang.Object, java.lang.Object, java.lang.Object, java.lang.Object, java.lang.Object, java.lang.Object, java.lang.Object, java.lang.Object, java.lang.Object, java.lang.Object, java.lang.Object, java.lang.Object, java.lang.Object, java.lang.Object, java.lang.Object, java.lang.Object)'> (0x00000000
Event: 3.308 Thread 0x000001b7baae4d60 Exception <a 'java/lang/NoSuchMethodError'{0x00000000eb45d0a8}: 'java.lang.Object java.lang.invoke.DirectMethodHandle$Holder.invokeStatic(java.lang.Object, java.lang.Object, java.lang.Object, java.lang.Object, java.lang.Object, java.lang.Object, java.lang.Object, java.lang.Object, java.lang.Object, java.lang.Object, java.lang.Object, java.lang.Object, java.lang.Object, java.lang.Object, java.lang.Object, java.lang.Object, java.lang.Object)'> (0x00000000eb45d0a8) 
thrown [s\open\src\hotspot\share\interprete
Event: 3.309 Thread 0x000001b7baae4d60 Exception <a 'java/lang/NoSuchMethodError'{0x00000000eb484df8}: 'java.lang.Object java.lang.invoke.DirectMethodHandle$Holder.invokeStatic(java.lang.Object, java.lang.Object, java.lang.Object, java.lang.Object, java.lang.Object, java.lang.Object, java.lang.Object, java.lang.Object, java.lang.Object, java.lang.Object, java.lang.Object, java.lang.Object, java.lang.Object, java.lang.Object, java.lang.Object, java.lang.Object, java.lang.Object, java.lang.Object)'> (0x00000000eb484df8) 
thrown [s\open\src\hotspo
Event: 3.310 Thread 0x000001b7baae4d60 Exception <a 'java/lang/NoSuchMethodError'{0x00000000eb4b35e0}: 'java.lang.Object java.lang.invoke.DirectMethodHandle$Holder.invokeStatic(java.lang.Object, java.lang.Object, java.lang.Object, java.lang.Object, java.lang.Object, java.lang.Object, java.lang.Object, java.lang.Object, java.lang.Object, java.lang.Object, java.lang.Object, java.lang.Object, java.lang.Object, java.lang.Object, java.lang.Object, java.lang.Object, java.lang.Object, java.lang.Object, java.lang.Object)'> (0x00000000eb4b35e0) 
thrown 
Event: 3.312 Thread 0x000001b7baae4d60 Exception <a 'java/lang/NoSuchMethodError'{0x00000000eb4dd110}: 'java.lang.Object java.lang.invoke.DirectMethodHandle$Holder.invokeStatic(java.lang.Object, java.lang.Object, java.lang.Object, java.lang.Object, java.lang.Object, java.lang.Object, java.lang.Object, java.lang.Object, java.lang.Object, java.lang.Object, java.lang.Object, java.lang.Object, java.lang.Object, java.lang.Object, java.lang.Object, java.lang.Object, java.lang.Object, java.lang.Object, java.lang.Object, java.lang.Object)'> (0x00000000
Event: 3.313 Thread 0x000001b7baae4d60 Exception <a 'java/lang/NoSuchMethodError'{0x00000000eb307c50}: 'java.lang.Object java.lang.invoke.DirectMethodHandle$Holder.invokeStatic(java.lang.Object, java.lang.Object, java.lang.Object, java.lang.Object, java.lang.Object, java.lang.Object, java.lang.Object, java.lang.Object, java.lang.Object, java.lang.Object, java.lang.Object, java.lang.Object, java.lang.Object, java.lang.Object, java.lang.Object, java.lang.Object, java.lang.Object, java.lang.Object, java.lang.Object, java.lang.Object, java.lang.Obj
Event: 3.315 Thread 0x000001b7baae4d60 Exception <a 'java/lang/NoSuchMethodError'{0x00000000eb333e60}: 'java.lang.Object java.lang.invoke.DirectMethodHandle$Holder.invokeStatic(java.lang.Object, java.lang.Object, java.lang.Object, java.lang.Object, java.lang.Object, java.lang.Object, java.lang.Object, java.lang.Object, java.lang.Object, java.lang.Object, java.lang.Object, java.lang.Object, java.lang.Object, java.lang.Object, java.lang.Object, java.lang.Object, java.lang.Object, java.lang.Object, java.lang.Object, java.lang.Object, java.lang.Obj
Event: 3.317 Thread 0x000001b7baae4d60 Exception <a 'java/lang/NoSuchMethodError'{0x00000000eb361648}: 'java.lang.Object java.lang.invoke.DirectMethodHandle$Holder.invokeStatic(java.lang.Object, java.lang.Object, java.lang.Object, java.lang.Object, java.lang.Object, java.lang.Object, java.lang.Object, java.lang.Object, java.lang.Object, java.lang.Object, java.lang.Object, java.lang.Object, java.lang.Object, java.lang.Object, java.lang.Object, java.lang.Object, java.lang.Object, java.lang.Object, java.lang.Object, java.lang.Object, java.lang.Obj

VM Operations (20 events):
Event: 2.792 Executing VM operation: HandshakeAllThreads
Event: 2.792 Executing VM operation: HandshakeAllThreads done
Event: 2.792 Executing VM operation: HandshakeAllThreads
Event: 2.792 Executing VM operation: HandshakeAllThreads done
Event: 2.794 Executing VM operation: HandshakeAllThreads
Event: 2.794 Executing VM operation: HandshakeAllThreads done
Event: 2.798 Executing VM operation: HandshakeAllThreads
Event: 2.799 Executing VM operation: HandshakeAllThreads done
Event: 2.834 Executing VM operation: ICBufferFull
Event: 2.834 Executing VM operation: ICBufferFull done
Event: 2.857 Executing VM operation: HandshakeAllThreads
Event: 2.857 Executing VM operation: HandshakeAllThreads done
Event: 3.040 Executing VM operation: ICBufferFull
Event: 3.040 Executing VM operation: ICBufferFull done
Event: 3.213 Executing VM operation: HandshakeAllThreads
Event: 3.213 Executing VM operation: HandshakeAllThreads done
Event: 3.238 Executing VM operation: HandshakeAllThreads
Event: 3.238 Executing VM operation: HandshakeAllThreads done
Event: 3.340 Executing VM operation: HandshakeAllThreads
Event: 3.340 Executing VM operation: HandshakeAllThreads done

Events (20 events):
Event: 3.294 loading class java/util/zip/GZIPInputStream done
Event: 3.294 loading class java/util/zip/GZIPOutputStream
Event: 3.294 loading class java/util/zip/GZIPOutputStream done
Event: 3.297 loading class java/lang/ThreadLocal$SuppliedThreadLocal
Event: 3.297 loading class java/lang/ThreadLocal$SuppliedThreadLocal done
Event: 3.301 Thread 0x000001b7bbe2c1b0 Thread added: 0x000001b7bbe2c1b0
Event: 3.307 loading class java/lang/invoke/BoundMethodHandle$Species_LLLLLLLLLLLLLL
Event: 3.307 loading class java/lang/invoke/BoundMethodHandle$Species_LLLLLLLLLLLLLL done
Event: 3.308 loading class java/lang/invoke/BoundMethodHandle$Species_LLLLLLLLLLLLLLL
Event: 3.308 loading class java/lang/invoke/BoundMethodHandle$Species_LLLLLLLLLLLLLLL done
Event: 3.310 loading class java/lang/invoke/BoundMethodHandle$Species_LLLLLLLLLLLLLLLL
Event: 3.310 loading class java/lang/invoke/BoundMethodHandle$Species_LLLLLLLLLLLLLLLL done
Event: 3.311 loading class java/lang/invoke/BoundMethodHandle$Species_LLLLLLLLLLLLLLLLL
Event: 3.311 loading class java/lang/invoke/BoundMethodHandle$Species_LLLLLLLLLLLLLLLLL done
Event: 3.312 loading class java/lang/invoke/BoundMethodHandle$Species_LLLLLLLLLLLLLLLLLL
Event: 3.312 loading class java/lang/invoke/BoundMethodHandle$Species_LLLLLLLLLLLLLLLLLL done
Event: 3.314 loading class java/lang/invoke/BoundMethodHandle$Species_LLLLLLLLLLLLLLLLLLL
Event: 3.314 loading class java/lang/invoke/BoundMethodHandle$Species_LLLLLLLLLLLLLLLLLLL done
Event: 3.316 loading class java/lang/invoke/BoundMethodHandle$Species_LLLLLLLLLLLLLLLLLLLL
Event: 3.316 loading class java/lang/invoke/BoundMethodHandle$Species_LLLLLLLLLLLLLLLLLLLL done


Dynamic libraries:
0x00007ff7fc8e0000 - 0x00007ff7fc8f0000 	C:\Program Files\Java\jdk-17\bin\java.exe
0x00007ffc34e10000 - 0x00007ffc35027000 	C:\WINDOWS\SYSTEM32\ntdll.dll
0x00007ffc33f70000 - 0x00007ffc34034000 	C:\WINDOWS\System32\KERNEL32.DLL
0x00007ffc325a0000 - 0x00007ffc32946000 	C:\WINDOWS\System32\KERNELBASE.dll
0x00007ffc32180000 - 0x00007ffc32291000 	C:\WINDOWS\System32\ucrtbase.dll
0x00007ffc10000000 - 0x00007ffc10019000 	C:\Program Files\Java\jdk-17\bin\jli.dll
0x00007ffc0ffe0000 - 0x00007ffc0fffb000 	C:\Program Files\Java\jdk-17\bin\VCRUNTIME140.dll
0x00007ffc338e0000 - 0x00007ffc33991000 	C:\WINDOWS\System32\ADVAPI32.dll
0x00007ffc34040000 - 0x00007ffc340e7000 	C:\WINDOWS\System32\msvcrt.dll
0x00007ffc34130000 - 0x00007ffc341d5000 	C:\WINDOWS\System32\sechost.dll
0x00007ffc34cb0000 - 0x00007ffc34dc7000 	C:\WINDOWS\System32\RPCRT4.dll
0x00007ffc32b60000 - 0x00007ffc32d0e000 	C:\WINDOWS\System32\USER32.dll
0x00007ffc32a70000 - 0x00007ffc32a96000 	C:\WINDOWS\System32\win32u.dll
0x00007ffc1f380000 - 0x00007ffc1f613000 	C:\WINDOWS\WinSxS\amd64_microsoft.windows.common-controls_6595b64144ccf1df_6.0.22621.2506_none_270c5ae97388e100\COMCTL32.dll
0x00007ffc32d80000 - 0x00007ffc32da9000 	C:\WINDOWS\System32\GDI32.dll
0x00007ffc32950000 - 0x00007ffc32a68000 	C:\WINDOWS\System32\gdi32full.dll
0x00007ffc32310000 - 0x00007ffc323aa000 	C:\WINDOWS\System32\msvcp_win.dll
0x00007ffc2cb20000 - 0x00007ffc2cb2a000 	C:\WINDOWS\SYSTEM32\VERSION.dll
0x00007ffc340f0000 - 0x00007ffc34121000 	C:\WINDOWS\System32\IMM32.DLL
0x00007ffc2d620000 - 0x00007ffc2d62c000 	C:\Program Files\Java\jdk-17\bin\vcruntime140_1.dll
0x00007ffbb96f0000 - 0x00007ffbb977e000 	C:\Program Files\Java\jdk-17\bin\msvcp140.dll
0x00007ffb8e940000 - 0x00007ffb8f51d000 	C:\Program Files\Java\jdk-17\bin\server\jvm.dll
0x00007ffc33700000 - 0x00007ffc33708000 	C:\WINDOWS\System32\PSAPI.DLL
0x00007ffc22780000 - 0x00007ffc22789000 	C:\WINDOWS\SYSTEM32\WSOCK32.dll
0x00007ffc246c0000 - 0x00007ffc246f4000 	C:\WINDOWS\SYSTEM32\WINMM.dll
0x00007ffc33e20000 - 0x00007ffc33e91000 	C:\WINDOWS\System32\WS2_32.dll
0x00007ffc31180000 - 0x00007ffc31198000 	C:\WINDOWS\SYSTEM32\kernel.appcore.dll
0x00007ffc2c8f0000 - 0x00007ffc2c8fa000 	C:\Program Files\Java\jdk-17\bin\jimage.dll
0x00007ffc2c0f0000 - 0x00007ffc2c323000 	C:\WINDOWS\SYSTEM32\DBGHELP.DLL
0x00007ffc341e0000 - 0x00007ffc34569000 	C:\WINDOWS\System32\combase.dll
0x00007ffc34960000 - 0x00007ffc34a37000 	C:\WINDOWS\System32\OLEAUT32.dll
0x00007ffc2bd50000 - 0x00007ffc2bd82000 	C:\WINDOWS\SYSTEM32\dbgcore.DLL
0x00007ffc32520000 - 0x00007ffc3259a000 	C:\WINDOWS\System32\bcryptPrimitives.dll
0x00007ffc06160000 - 0x00007ffc06185000 	C:\Program Files\Java\jdk-17\bin\java.dll
0x00007ffbb9610000 - 0x00007ffbb96e7000 	C:\Program Files\Java\jdk-17\bin\jsvml.dll
0x00007ffc32e10000 - 0x00007ffc3366a000 	C:\WINDOWS\System32\SHELL32.dll
0x00007ffc300a0000 - 0x00007ffc30996000 	C:\WINDOWS\SYSTEM32\windows.storage.dll
0x00007ffc2ff60000 - 0x00007ffc3009e000 	C:\WINDOWS\SYSTEM32\wintypes.dll
0x00007ffc34570000 - 0x00007ffc34663000 	C:\WINDOWS\System32\SHCORE.dll
0x00007ffc32db0000 - 0x00007ffc32e0e000 	C:\WINDOWS\System32\shlwapi.dll
0x00007ffc320b0000 - 0x00007ffc320d6000 	C:\WINDOWS\SYSTEM32\profapi.dll
0x00007ffc05cd0000 - 0x00007ffc05ce9000 	C:\Program Files\Java\jdk-17\bin\net.dll
0x00007ffc2cdb0000 - 0x00007ffc2cee7000 	C:\WINDOWS\SYSTEM32\WINHTTP.dll
0x00007ffc31600000 - 0x00007ffc31669000 	C:\WINDOWS\system32\mswsock.dll
0x00007ffc05cb0000 - 0x00007ffc05cc6000 	C:\Program Files\Java\jdk-17\bin\nio.dll
0x00007ffc019c0000 - 0x00007ffc019d8000 	C:\Program Files\Java\jdk-17\bin\zip.dll
0x00007ffc2bb00000 - 0x00007ffc2bb10000 	C:\Program Files\Java\jdk-17\bin\verify.dll
0x00007ffbb2270000 - 0x00007ffbb2297000 	C:\Users\kazum\.gradle\native\e1d6ef7f7dcc3fd88c89a11ec53ec762bb8ba0a96d01ffa2cd45eb1d1d8dd5c5\windows-amd64\native-platform.dll
0x00007ffbb9180000 - 0x00007ffbb92c4000 	C:\Users\kazum\.gradle\native\5664cfc778a61ccfe75a443a1ab52a65af34e5dc3c78e0209fed803814484fcb\windows-amd64\native-platform-file-events.dll
0x00007ffc073a0000 - 0x00007ffc073aa000 	C:\Program Files\Java\jdk-17\bin\management.dll
0x00007ffc05d40000 - 0x00007ffc05d4b000 	C:\Program Files\Java\jdk-17\bin\management_ext.dll
0x00007ffc31850000 - 0x00007ffc3186b000 	C:\WINDOWS\SYSTEM32\CRYPTSP.dll
0x00007ffc310e0000 - 0x00007ffc31115000 	C:\WINDOWS\system32\rsaenh.dll
0x00007ffc316f0000 - 0x00007ffc3171c000 	C:\WINDOWS\SYSTEM32\USERENV.dll
0x00007ffc31a20000 - 0x00007ffc31a48000 	C:\WINDOWS\SYSTEM32\bcrypt.dll
0x00007ffc31870000 - 0x00007ffc3187c000 	C:\WINDOWS\SYSTEM32\CRYPTBASE.dll
0x00007ffc30c40000 - 0x00007ffc30c6d000 	C:\WINDOWS\SYSTEM32\IPHLPAPI.DLL
0x00007ffc338d0000 - 0x00007ffc338d9000 	C:\WINDOWS\System32\NSI.dll
0x00007ffc2cc60000 - 0x00007ffc2cc79000 	C:\WINDOWS\SYSTEM32\dhcpcsvc6.DLL
0x00007ffc2cc40000 - 0x00007ffc2cc5f000 	C:\WINDOWS\SYSTEM32\dhcpcsvc.DLL
0x00007ffc30c70000 - 0x00007ffc30d69000 	C:\WINDOWS\SYSTEM32\DNSAPI.dll
0x00007ffc019b0000 - 0x00007ffc019bd000 	C:\Program Files\Java\jdk-17\bin\sunmscapi.dll
0x00007ffc323b0000 - 0x00007ffc32516000 	C:\WINDOWS\System32\CRYPT32.dll
0x00007ffc319f0000 - 0x00007ffc31a1d000 	C:\WINDOWS\SYSTEM32\ncrypt.dll
0x00007ffc319b0000 - 0x00007ffc319e7000 	C:\WINDOWS\SYSTEM32\NTASN1.dll
0x00007ffc170f0000 - 0x00007ffc170f8000 	C:\WINDOWS\system32\wshunix.dll

dbghelp: loaded successfully - version: 4.0.5 - missing functions: none
symbol engine: initialized successfully - sym options: 0x614 - pdb path: .;C:\Program Files\Java\jdk-17\bin;C:\WINDOWS\SYSTEM32;C:\WINDOWS\WinSxS\amd64_microsoft.windows.common-controls_6595b64144ccf1df_6.0.22621.2506_none_270c5ae97388e100;C:\Program Files\Java\jdk-17\bin\server;C:\Users\kazum\.gradle\native\e1d6ef7f7dcc3fd88c89a11ec53ec762bb8ba0a96d01ffa2cd45eb1d1d8dd5c5\windows-amd64;C:\Users\kazum\.gradle\native\5664cfc778a61ccfe75a443a1ab52a65af34e5dc3c78e0209fed803814484fcb\windows-amd64

VM Arguments:
jvm_args: --add-opens=java.base/java.util=ALL-UNNAMED --add-opens=java.base/java.lang=ALL-UNNAMED --add-opens=java.base/java.lang.invoke=ALL-UNNAMED --add-opens=java.base/java.util=ALL-UNNAMED --add-opens=java.prefs/java.util.prefs=ALL-UNNAMED --add-opens=java.prefs/java.util.prefs=ALL-UNNAMED --add-opens=java.base/java.nio.charset=ALL-UNNAMED --add-opens=java.base/java.net=ALL-UNNAMED --add-opens=java.base/java.util.concurrent.atomic=ALL-UNNAMED -XX:MaxMetaspaceSize=256m -XX:+HeapDumpOnOutOfMemoryError -Xms256m -Xmx512m -Dfile.encoding=windows-31j -Duser.country=JP -Duser.language=ja -Duser.variant 
java_command: org.gradle.launcher.daemon.bootstrap.GradleDaemon 7.3.3
java_class_path (initial): C:\Users\kazum\.gradle\wrapper\dists\gradle-7.3.3-bin\6a41zxkdtcxs8rphpq6y0069z\gradle-7.3.3\lib\gradle-launcher-7.3.3.jar
Launcher Type: SUN_STANDARD

[Global flags]
     intx CICompilerCount                          = 4                                         {product} {ergonomic}
   size_t CompressedClassSpaceSize                 = 218103808                                 {product} {ergonomic}
     uint ConcGCThreads                            = 3                                         {product} {ergonomic}
     uint G1ConcRefinementThreads                  = 10                                        {product} {ergonomic}
   size_t G1HeapRegionSize                         = 1048576                                   {product} {ergonomic}
    uintx GCDrainStackTargetSize                   = 64                                        {product} {ergonomic}
     bool HeapDumpOnOutOfMemoryError               = true                                   {manageable} {command line}
   size_t InitialHeapSize                          = 268435456                                 {product} {command line}
   size_t MarkStackSize                            = 4194304                                   {product} {ergonomic}
   size_t MaxHeapSize                              = 536870912                                 {product} {command line}
   size_t MaxMetaspaceSize                         = 268435456                                 {product} {command line}
   size_t MaxNewSize                               = 321912832                                 {product} {ergonomic}
   size_t MinHeapDeltaBytes                        = 1048576                                   {product} {ergonomic}
   size_t MinHeapSize                              = 268435456                                 {product} {command line}
    uintx NonNMethodCodeHeapSize                   = 5839372                                {pd product} {ergonomic}
    uintx NonProfiledCodeHeapSize                  = 122909434                              {pd product} {ergonomic}
    uintx ProfiledCodeHeapSize                     = 122909434                              {pd product} {ergonomic}
    uintx ReservedCodeCacheSize                    = 251658240                              {pd product} {ergonomic}
     bool SegmentedCodeCache                       = true                                      {product} {ergonomic}
   size_t SoftMaxHeapSize                          = 536870912                              {manageable} {ergonomic}
     bool UseCompressedClassPointers               = true                           {product lp64_product} {ergonomic}
     bool UseCompressedOops                        = true                           {product lp64_product} {ergonomic}
     bool UseG1GC                                  = true                                      {product} {ergonomic}
     bool UseLargePagesIndividualAllocation        = false                                  {pd product} {ergonomic}

Logging:
Log output configuration:
 #0: stdout all=warning uptime,level,tags
 #1: stderr all=off uptime,level,tags

Environment Variables:
PATH=C:\Program Files\Common Files\Oracle\Java\javapath;C:\Program Files (x86)\Windows Resource Kits\Tools\;C:\Program Files (x86)\Common Files\Oracle\Java\javapath;C:\Windows\system32;C:\Windows;C:\Windows\System32\Wbem;C:\Windows\System32\WindowsPowerShell\v1.0\;C:\Windows\System32\OpenSSH\;C:\WINDOWS\system32;C:\WINDOWS;C:\WINDOWS\System32\Wbem;C:\WINDOWS\System32\WindowsPowerShell\v1.0\;C:\WINDOWS\System32\OpenSSH\;C:\Program Files\dotnet\;C:\Program Files\Microsoft SQL Server\130\Tools\Binn\;C:\Program Files (x86)\NVIDIA Corporation\PhysX\Common;C:\Program Files\NVIDIA Corporation\NVIDIA NvDLISR;C:\Program Files\Microsoft SQL Server\150\Tools\Binn\;C:\platform-tools;C:\WINDOWS\system32;C:\WINDOWS;C:\WINDOWS\System32\Wbem;C:\WINDOWS\System32\WindowsPowerShell\v1.0\;C:\WINDOWS\System32\OpenSSH\;C:\Program Files\Git\cmd;C:\Users\kazum\AppData\Local\Microsoft\WindowsApps;C:\Users\kazum\.dotnet\tools;C:\Program Files\JetBrains\IntelliJ IDEA Community Edition 2020.3.2\bin;C:\Program Files\heroku\bin;C:\Users\kazum\AppData\Local\Microsoft\WindowsApps;D:\AvP[V\Microsoft VS Code\bin
USERNAME=kazum
OS=Windows_NT
PROCESSOR_IDENTIFIER=Intel64 Family 6 Model 158 Stepping 10, GenuineIntel



---------------  S Y S T E M  ---------------

OS:
 Windows 11 , 64 bit Build 22621 (10.0.22621.2506)
OS uptime: 4 days 0:48 hours

CPU: total 12 (initial active 12) (6 cores per cpu, 2 threads per core) family 6 model 158 stepping 10 microcode 0xde, cx8, cmov, fxsr, ht, mmx, 3dnowpref, sse, sse2, sse3, ssse3, sse4.1, sse4.2, popcnt, lzcnt, tsc, tscinvbit, avx, avx2, aes, erms, clmul, bmi1, bmi2, rtm, adx, fma, vzeroupper, clflush, clflushopt

Memory: 4k page, system-wide physical 16303M (3540M free)
TotalPageFile size 26303M (AvailPageFile size 5M)
current process WorkingSet (physical memory assigned to process): 288M, peak: 288M
current process commit charge ("private bytes"): 468M, peak: 469M

vm_info: Java HotSpot(TM) 64-Bit Server VM (17.0.7+8-LTS-224) for windows-amd64 JRE (17.0.7+8-LTS-224), built on Feb 28 2023 23:03:02 by "mach5one" with MS VC++ 17.1 (VS2022)

END.
